R tmr
 ets Jan  8 2013,rst cause:1, boot mode:(3,7)

load 0x4010f000, len 1384, room 16 
tail 8
chksum 0x2d
csum 0x2d
v8b899c12
~ld


6.01
 0h00:03.028 2022/06/30T00:13:29z: DS3231
 0h00:03.043 2022/06/30T00:13:29z: BME280 (0x76)
 0h00:03.057 2022/06/30T00:13:29z: 98:cd:ac:10:f7:ba
 0h00:03.059 2022/06/30T00:13:29z: SSID: USLBM_Guest
 0h00:03.064 2022/06/30T00:13:29z: AP_STAR tmr
 ets Jan  8 2013,rst cause:1, boot mode:(3,7)

load 0x4010f000, len 1384, room 16 
tail 8
chksum 0x2d
csum 0x2d
v8b899c12
~ld


6.01
 0h00:03.018 2022/06/30T00:35:01z: DS3231
 0h00:03.034 2022/06/30T00:35:01z: BME280 (0x76)
 0h00:03.048 2022/06/30T00:35:01z: 98:cd:ac:10:f7:ba
 0h00:03.049 2022/06/30T00:35:01z: SSID: USLBM_Guest
 0h00:03.055 2022/06/30T00:35:01z: AP_STAR tmr
 ets Jan  8 2013,rst cause:1, boot mode:(3,7)

load 0x4010f000, len 1384, room 16 
tail 8
chksum 0x2d
csum 0x2d
v8b899c12
~ld


6.01
 0h00:03.015 2022/06/30T00:56:34z: DS3231
 0h00:03.030 2022/06/30T00:56:34z: BME280 (0x76)
 0h00:03.045 2022/06/30T00:56:34z: 98:cd:ac:10:f7:ba
 0h00:03.046 2022/06/30T00:56:34z: SSID: USLBM_Guest
 0h00:03.051 2022/06/30T00:56:34z: AP_STAR tmr
 ets Jan  8 2013,rst cause:1, boot mode:(3,7)

load 0x4010f000, len 1384, room 16 
tail 8
chksum 0x2d
csum 0x2d
v8b899c12
~ld


6.01
 0h00:03.016 2022/06/30T01:18:07z: DS3231
 0h00:03.031 2022/06/30T01:18:07z: BME280 (0x76)
 0h00:03.045 2022/06/30T01:18:07z: 98:cd:ac:10:f7:ba
 0h00:03.047 2022/06/30T01:18:07z: SSID: USLBM_Guest
 0h00:03.052 2022/06/30T01:18:07z: AP_STAR tmr
 ets Jan  8 2013,rst cause:1, boot mode:(3,7)

load 0x4010f000, len 1384, room 16 
tail 8
chksum 0x2d
csum 0x2d
v8b899c12
~ld


6.01
 0h00:03.070 2022/06/30T01:39:40z: DS3231
 0h00:03.085 2022/06/30T01:39:40z: BME280 (0x76)
 0h00:03.100 2022/06/30T01:39:40z: 98:cd:ac:10:f7:ba
 0h00:03.101 2022/06/30T01:39:40z: SSID: USLBM_Guest
 0h00:03.106 2022/06/30T01:39:40z: AP_STAR tmr
 ets Jan  8 2013,rst cause:1, boot mode:(3,7)

load 0x4010f000, len 1384, room 16 
tail 8
chksum 0x2d
csum 0x2d
v8b899c12
~ld


6.01
 0h00:03.064 2022/06/30T02:01:13z: DS3231
 0h00:03.079 2022/06/30T02:01:13z: BME280 (0x76)
 0h00:03.094 2022/06/30T02:01:13z: 98:cd:ac:10:f7:ba
 0h00:03.095 2022/06/30T02:01:13z: SSID: USLBM_Guest
 0h00:03.100 2022/06/30T02:01:13z: AP_STAR tmr
 ets Jan  8 2013,rst cause:1, boot mode:(3,7)

load 0x4010f000, len 1384, room 16 
tail 8
chksum 0x2d
csum 0x2d
v8b899c12
~ld


6.01
 0h00:03.070 2022/06/30T02:22:45z: DS3231
 0h00:03.085 2022/06/30T02:22:45z: BME280 (0x76)
 0h00:03.099 2022/06/30T02:22:45z: 98:cd:ac:10:f7:ba
 0h00:03.101 2022/06/30T02:22:46z: SSID: USLBM_Guest
 0h00:03.106 2022/06/30T02:22:46z: AP_STAR tmr
 ets Jan  8 2013,rst cause:1, boot mode:(3,7)

load 0x4010f000, len 1384, room 16 
tail 8
chksum 0x2d
csum 0x2d
v8b899c12
~ld


6.01
 0h00:03.119 2022/06/30T02:44:18z: DS3231
 0h00:03.134 2022/06/30T02:44:18z: BME280 (0x76)
 0h00:03.149 2022/06/30T02:44:18z: 98:cd:ac:10:f7:ba
 0h00:03.150 2022/06/30T02:44:18z: SSID: USLBM_Guest
 0h00:03.155 2022/06/30T02:44:18z: AP_STAR tmr
 ets Jan  8 2013,rst cause:1, boot mode:(3,7)

load 0x4010f000, len 1384, room 16 
tail 8
chksum 0x2d
csum 0x2d
v8b899c12
~ld


6.01
 0h00:03.028 2022/06/30T03:05:50z: DS3231
 0h00:03.043 2022/06/30T03:05:50z: BME280 (0x76)
 0h00:03.058 2022/06/30T03:05:50z: 98:cd:ac:10:f7:ba
 0h00:03.059 2022/06/30T03:05:50z: SSID: USLBM_Guest
 0h00:03.064 2022/06/30T03:05:50z: AP_STAR tmr
 ets Jan  8 2013,rst cause:1, boot mode:(3,7)

load 0x4010f000, len 1384, room 16 
tail 8
chksum 0x2d
csum 0x2d
v8b899c12
~ld


6.01
 0h00:03.070 2022/06/30T03:27:24z: DS3231
 0h00:03.085 2022/06/30T03:27:24z: BME280 (0x76)
 0h00:03.100 2022/06/30T03:27:24z: 98:cd:ac:10:f7:ba
 0h00:03.101 2022/06/30T03:27:24z: SSID: USLBM_Guest
 0h00:03.107 2022/06/30T03:27:24z: AP_STAR tmr
 ets Jan  8 2013,rst cause:1, boot mode:(3,7)

load 0x4010f000, len 1384, room 16 
tail 8
chksum 0x2d
csum 0x2d
v8b899c12
~ld


6.01
 0h00:03.120 2022/06/30T03:48:56z: DS3231
 0h00:03.135 2022/06/30T03:48:56z: BME280 (0x76)
 0h00:03.149 2022/06/30T03:48:56z: 98:cd:ac:10:f7:ba
 0h00:03.151 2022/06/30T03:48:56z: SSID: USLBM_Guest
 0h00:03.156 2022/06/30T03:48:56z: AP_STAR tmr
 ets Jan  8 2013,rst cause:1, boot mode:(3,7)

load 0x4010f000, len 1384, room 16 
tail 8
chksum 0x2d
csum 0x2d
v8b899c12
~ld


6.01
 0h00:03.080 2022/06/30T04:10:29z: DS3231
 0h00:03.096 2022/06/30T04:10:29z: BME280 (0x76)
 0h00:03.110 2022/06/30T04:10:29z: 98:cd:ac:10:f7:ba
 0h00:03.112 2022/06/30T04:10:29z: SSID: USLBM_Guest
 0h00:03.117 2022/06/30T04:10:29z: AP_STAR tmr
 ets Jan  8 2013,rst cause:1, boot mode:(3,7)

load 0x4010f000, len 1384, room 16 
tail 8
chksum 0x2d
csum 0x2d
v8b899c12
~ld


6.01
 0h00:03.166 2022/06/30T04:32:01z: DS3231
 0h00:03.181 2022/06/30T04:32:01z: BME280 (0x76)
 0h00:03.195 2022/06/30T04:32:01z: 98:cd:ac:10:f7:ba
 0h00:03.197 2022/06/30T04:32:01z: SSID: USLBM_Guest
 0h00:03.202 2022/06/30T04:32:01z: AP_STAR tmr
 ets Jan  8 2013,rst cause:1, boot mode:(3,7)

load 0x4010f000, len 1384, room 16 
tail 8
chksum 0x2d
csum 0x2d
v8b899c12
~ld


6.01
 0h00:03.075 2022/06/30T04:53:34z: DS3231
 0h00:03.090 2022/06/30T04:53:34z: BME280 (0x76)
 0h00:03.105 2022/06/30T04:53:34z: 98:cd:ac:10:f7:ba
 0h00:03.106 2022/06/30T04:53:34z: SSID: USLBM_Guest
 0h00:03.111 2022/06/30T04:53:34z: AP_STAR tmr
 ets Jan  8 2013,rst cause:1, boot mode:(3,7)

load 0x4010f000, len 1384, room 16 
tail 8
chksum 0x2d
csum 0x2d
v8b899c12
~ld


6.01
 0h00:03.027 2022/06/30T05:15:06z: DS3231
 0h00:03.042 2022/06/30T05:15:06z: BME280 (0x76)
 0h00:03.056 2022/06/30T05:15:06z: 98:cd:ac:10:f7:ba
 0h00:03.058 2022/06/30T05:15:06z: SSID: USLBM_Guest
 0h00:03.063 2022/06/30T05:15:06z: AP_STAR tmr
 ets Jan  8 2013,rst cause:1, boot mode:(3,7)

load 0x4010f000, len 1384, room 16 
tail 8
chksum 0x2d
csum 0x2d
v8b899c12
~ld


6.01
 0h00:03.134 2022/06/30T05:36:38z: DS3231
 0h00:03.150 2022/06/30T05:36:38z: BME280 (0x76)
 0h00:03.164 2022/06/30T05:36:38z: 98:cd:ac:10:f7:ba
 0h00:03.165 2022/06/30T05:36:38z: SSID: USLBM_Guest
 0h00:03.171 2022/06/30T05:36:38z: AP_STAR tmr
 ets Jan  8 2013,rst cause:1, boot mode:(3,7)

load 0x4010f000, len 1384, room 16 
tail 8
chksum 0x2d
csum 0x2d
v8b899c12
~ld


6.01
 0h00:03.063 2022/06/30T05:58:11z: DS3231
 0h00:03.079 2022/06/30T05:58:11z: BME280 (0x76)
 0h00:03.093 2022/06/30T05:58:11z: 98:cd:ac:10:f7:ba
 0h00:03.095 2022/06/30T05:58:11z: SSID: USLBM_Guest
 0h00:03.100 2022/06/30T05:58:11z: AP_STAR tmr
 ets Jan  8 2013,rst cause:1, boot mode:(3,7)

load 0x4010f000, len 1384, room 16 
tail 8
chksum 0x2d
csum 0x2d
v8b899c12
~ld


6.01
 0h00:03.067 2022/06/30T06:19:43z: DS3231
 0h00:03.082 2022/06/30T06:19:43z: BME280 (0x76)
 0h00:03.097 2022/06/30T06:19:43z: 98:cd:ac:10:f7:ba
 0h00:03.098 2022/06/30T06:19:43z: SSID: USLBM_Guest
 0h00:03.103 2022/06/30T06:19:43z: AP_STAR tmr
 ets Jan  8 2013,rst cause:1, boot mode:(3,7)

load 0x4010f000, len 1384, room 16 
tail 8
chksum 0x2d
csum 0x2d
v8b899c12
~ld


6.01
 0h00:03.073 2022/06/30T06:41:16z: DS3231
 0h00:03.088 2022/06/30T06:41:16z: BME280 (0x76)
 0h00:03.102 2022/06/30T06:41:16z: 98:cd:ac:10:f7:ba
 0h00:03.104 2022/06/30T06:41:16z: SSID: USLBM_Guest
 0h00:03.109 2022/06/30T06:41:16z: AP_STAR tmr
 ets Jan  8 2013,rst cause:1, boot mode:(3,7)

load 0x4010f000, len 1384, room 16 
tail 8
chksum 0x2d
csum 0x2d
v8b899c12
~ld


6.01
 0h00:03.171 2022/06/30T07:02:49z: DS3231
 0h00:03.186 2022/06/30T07:02:49z: BME280 (0x76)
 0h00:03.200 2022/06/30T07:02:49z: 98:cd:ac:10:f7:ba
 0h00:03.202 2022/06/30T07:02:49z: SSID: USLBM_Guest
 0h00:03.207 2022/06/30T07:02:49z: AP_STAR tmr
 ets Jan  8 2013,rst cause:1, boot mode:(3,7)

load 0x4010f000, len 1384, room 16 
tail 8
chksum 0x2d
csum 0x2d
v8b899c12
~ld


6.01
 0h00:03.123 2022/06/30T07:24:21z: DS3231
 0h00:03.139 2022/06/30T07:24:21z: BME280 (0x76)
 0h00:03.153 2022/06/30T07:24:21z: 98:cd:ac:10:f7:ba
 0h00:03.155 2022/06/30T07:24:21z: SSID: USLBM_Guest
 0h00:03.160 2022/06/30T07:24:21z: AP_STAR tmr
 ets Jan  8 2013,rst cause:1, boot mode:(3,7)

load 0x4010f000, len 1384, room 16 
tail 8
chksum 0x2d
csum 0x2d
v8b899c12
~ld


6.01
 0h00:03.029 2022/06/30T07:45:54z: DS3231
 0h00:03.044 2022/06/30T07:45:54z: BME280 (0x76)
 0h00:03.058 2022/06/30T07:45:54z: 98:cd:ac:10:f7:ba
 0h00:03.060 2022/06/30T07:45:54z: SSID: USLBM_Guest
 0h00:03.065 2022/06/30T07:45:54z: AP_STAR tmr
 ets Jan  8 2013,rst cause:1, boot mode:(3,7)

load 0x4010f000, len 1384, room 16 
tail 8
chksum 0x2d
csum 0x2d
v8b899c12
~ld


6.01
 0h00:03.029 2022/06/30T08:07:26z: DS3231
 0h00:03.044 2022/06/30T08:07:26z: BME280 (0x76)
 0h00:03.058 2022/06/30T08:07:26z: 98:cd:ac:10:f7:ba
 0h00:03.060 2022/06/30T08:07:26z: SSID: USLBM_Guest
 0h00:03.065 2022/06/30T08:07:26z: AP_STAR tmr
 ets Jan  8 2013,rst cause:1, boot mode:(3,7)

load 0x4010f000, len 1384, room 16 
tail 8
chksum 0x2d
csum 0x2d
v8b899c12
~ld


6.01
 0h00:03.030 2022/06/30T08:28:58z: DS3231
 0h00:03.045 2022/06/30T08:28:58z: BME280 (0x76)
 0h00:03.059 2022/06/30T08:28:58z: 98:cd:ac:10:f7:ba
 0h00:03.061 2022/06/30T08:28:58z: SSID: USLBM_Guest
 0h00:03.066 2022/06/30T08:28:58z: AP_STAR tmr
 ets Jan  8 2013,rst cause:1, boot mode:(3,7)

load 0x4010f000, len 1384, room 16 
tail 8
chksum 0x2d
csum 0x2d
v8b899c12
~ld


6.01
 0h00:03.115 2022/06/30T08:50:31z: DS3231
 0h00:03.130 2022/06/30T08:50:31z: BME280 (0x76)
 0h00:03.144 2022/06/30T08:50:31z: 98:cd:ac:10:f7:ba
 0h00:03.146 2022/06/30T08:50:31z: SSID: USLBM_Guest
 0h00:03.151 2022/06/30T08:50:31z: AP_STAR tmr
 ets Jan  8 2013,rst cause:1, boot mode:(3,7)

load 0x4010f000, len 1384, room 16 
tail 8
chksum 0x2d
csum 0x2d
v8b899c12
~ld


6.01
 0h00:03.120 2022/06/30T09:12:03z: DS3231
 0h00:03.136 2022/06/30T09:12:03z: BME280 (0x76)
 0h00:03.150 2022/06/30T09:12:03z: 98:cd:ac:10:f7:ba
 0h00:03.151 2022/06/30T09:12:03z: SSID: USLBM_Guest
 0h00:03.157 2022/06/30T09:12:03z: AP_STAR tmr
 ets Jan  8 2013,rst cause:1, boot mode:(3,7)

load 0x4010f000, len 1384, room 16 
tail 8
chksum 0x2d
csum 0x2d
v8b899c12
~ld


6.01
 0h00:03.022 2022/06/30T09:33:36z: DS3231
 0h00:03.037 2022/06/30T09:33:36z: BME280 (0x76)
 0h00:03.051 2022/06/30T09:33:36z: 98:cd:ac:10:f7:ba
 0h00:03.053 2022/06/30T09:33:36z: SSID: USLBM_Guest
 0h00:03.058 2022/06/30T09:33:36z: AP_STAR tmr
 ets Jan  8 2013,rst cause:1, boot mode:(3,7)

load 0x4010f000, len 1384, room 16 
tail 8
chksum 0x2d
csum 0x2d
v8b899c12
~ld


6.01
 0h00:03.071 2022/06/30T09:55:08z: DS3231
 0h00:03.086 2022/06/30T09:55:08z: BME280 (0x76)
 0h00:03.100 2022/06/30T09:55:08z: 98:cd:ac:10:f7:ba
 0h00:03.102 2022/06/30T09:55:08z: SSID: USLBM_Guest
 0h00:03.107 2022/06/30T09:55:08z: AP_STAR tmr
 ets Jan  8 2013,rst cause:1, boot mode:(3,7)

load 0x4010f000, len 1384, room 16 
tail 8
chksum 0x2d
csum 0x2d
v8b899c12
~ld


6.01
 0h00:03.091 2022/06/30T10:16:41z: DS3231
 0h00:03.107 2022/06/30T10:16:41z: BME280 (0x76)
 0h00:03.121 2022/06/30T10:16:41z: 98:cd:ac:10:f7:ba
 0h00:03.123 2022/06/30T10:16:41z: SSID: USLBM_Guest
 0h00:03.128 2022/06/30T10:16:41z: AP_STAR tmr
 ets Jan  8 2013,rst cause:1, boot mode:(3,7)

load 0x4010f000, len 1384, room 16 
tail 8
chksum 0x2d
csum 0x2d
v8b899c12
~ld


6.01
 0h00:03.019 2022/06/30T10:38:13z: DS3231
 0h00:03.034 2022/06/30T10:38:13z: BME280 (0x76)
 0h00:03.048 2022/06/30T10:38:13z: 98:cd:ac:10:f7:ba
 0h00:03.050 2022/06/30T10:38:13z: SSID: USLBM_Guest
 0h00:03.055 2022/06/30T10:38:13z: AP_STAR tmr
 ets Jan  8 2013,rst cause:1, boot mode:(3,7)

load 0x4010f000, len 1384, room 16 
tail 8
chksum 0x2d
csum 0x2d
v8b899c12
~ld


6.01
 0h00:03.119 2022/06/30T10:59:46z: DS3231
 0h00:03.134 2022/06/30T10:59:46z: BME280 (0x76)
 0h00:03.149 2022/06/30T10:59:46z: 98:cd:ac:10:f7:ba
 0h00:03.150 2022/06/30T10:59:46z: SSID: USLBM_Guest
 0h00:03.155 2022/06/30T10:59:46z: AP_STAR tmr
 ets Jan  8 2013,rst cause:1, boot mode:(3,7)

load 0x4010f000, len 1384, room 16 
tail 8
chksum 0x2d
csum 0x2d
v8b899c12
~ld


6.01
 0h00:03.073 2022/06/30T11:21:19z: DS3231
 0h00:03.088 2022/06/30T11:21:19z: BME280 (0x76)
 0h00:03.102 2022/06/30T11:21:19z: 98:cd:ac:10:f7:ba
 0h00:03.104 2022/06/30T11:21:19z: SSID: USLBM_Guest
 0h00:03.109 2022/06/30T11:21:19z: AP_STAR tmr
 ets Jan  8 2013,rst cause:1, boot mode:(3,7)

load 0x4010f000, len 1384, room 16 
tail 8
chksum 0x2d
csum 0x2d
v8b899c12
~ld


6.01
 0h00:03.021 2022/06/30T11:42:52z: DS3231
 0h00:03.036 2022/06/30T11:42:52z: BME280 (0x76)
 0h00:03.050 2022/06/30T11:42:52z: 98:cd:ac:10:f7:ba
 0h00:03.052 2022/06/30T11:42:52z: SSID: USLBM_Guest
 0h00:03.057 2022/06/30T11:42:52z: AP_STAR tmr
 ets Jan  8 2013,rst cause:1, boot mode:(3,7)

load 0x4010f000, len 1384, room 16 
tail 8
chksum 0x2d
csum 0x2d
v8b899c12
~ld


6.01
 0h00:03.076 2022/06/30T12:04:24z: DS3231
 0h00:03.092 2022/06/30T12:04:24z: BME280 (0x76)
 0h00:03.106 2022/06/30T12:04:24z: 98:cd:ac:10:f7:ba
 0h00:03.108 2022/06/30T12:04:24z: SSID: USLBM_Guest
 0h00:03.113 2022/06/30T12:04:24z: AP_STAR tmr
 ets Jan  8 2013,rst cause:1, boot mode:(3,7)

load 0x4010f000, len 1384, room 16 
tail 8
chksum 0x2d
csum 0x2d
v8b899c12
~ld


6.01
 0h00:03.181 2022/06/30T12:25:57z: DS3231
 0h00:03.196 2022/06/30T12:25:57z: BME280 (0x76)
 0h00:03.210 2022/06/30T12:25:57z: 98:cd:ac:10:f7:ba
 0h00:03.212 2022/06/30T12:25:57z: SSID: USLBM_Guest
 0h00:03.217 2022/06/30T12:25:57z: AP_STAR tmr
 ets Jan  8 2013,rst cause:1, boot mode:(3,7)

load 0x4010f000, len 1384, room 16 
tail 8
chksum 0x2d
csum 0x2d
v8b899c12
~ld


6.01
 0h00:03.081 2022/06/30T12:47:30z: DS3231
 0h00:03.097 2022/06/30T12:47:30z: BME280 (0x76)
 0h00:03.111 2022/06/30T12:47:30z: 98:cd:ac:10:f7:ba
 0h00:03.112 2022/06/30T12:47:30z: SSID: USLBM_Guest
 0h00:03.118 2022/06/30T12:47:30z: AP_STAR tmr
 ets Jan  8 2013,rst cause:1, boot mode:(3,7)

load 0x4010f000, len 1384, room 16 
tail 8
chksum 0x2d
csum 0x2d
v8b899c12
~ld


6.01
 0h00:03.029 2022/06/30T13:09:02z: DS3231
 0h00:03.044 2022/06/30T13:09:03z: BME280 (0x76)
 0h00:03.059 2022/06/30T13:09:03z: 98:cd:ac:10:f7:ba
 0h00:03.060 2022/06/30T13:09:03z: SSID: USLBM_Guest
 0h00:03.065 2022/06/30T13:09:03z: AP_STAR tmr
 ets Jan  8 2013,rst cause:1, boot mode:(3,7)

load 0x4010f000, len 1384, room 16 
tail 8
chksum 0x2d
csum 0x2d
v8b899c12
~ld


6.01
 0h00:03.022 2022/06/30T13:30:34z: DS3231
 0h00:03.038 2022/06/30T13:30:34z: BME280 (0x76)
 0h00:03.052 2022/06/30T13:30:34z: 98:cd:ac:10:f7:ba
 0h00:03.054 2022/06/30T13:30:34z: SSID: USLBM_Guest
 0h00:03.059 2022/06/30T13:30:34z: AP_STAR tmr
 ets Jan  8 2013,rst cause:1, boot mode:(3,7)

load 0x4010f000, len 1384, room 16 
tail 8
chksum 0x2d
csum 0x2d
v8b899c12
~ld


6.01
 0h00:03.133 2022/06/30T13:52:07z: DS3231
 0h00:03.149 2022/06/30T13:52:07z: BME280 (0x76)
 0h00:03.163 2022/06/30T13:52:07z: 98:cd:ac:10:f7:ba
 0h00:03.164 2022/06/30T13:52:07z: SSID: USLBM_Guest
 0h00:03.170 2022/06/30T13:52:07z: AP_STAR tmr
 ets Jan  8 2013,rst cause:1, boot mode:(3,7)

load 0x4010f000, len 1384, room 16 
tail 8
chksum 0x2d
csum 0x2d
v8b899c12
~ld


6.01
 0h00:03.030 2022/06/30T14:13:40z: DS3231
 0h00:03.046 2022/06/30T14:13:40z: BME280 (0x76)
 0h00:03.060 2022/06/30T14:13:40z: 98:cd:ac:10:f7:ba
 0h00:03.061 2022/06/30T14:13:40z: SSID: USLBM_Guest
 0h00:03.067 2022/06/30T14:13:40z: AP_STAR tmr
 ets Jan  8 2013,rst cause:1, boot mode:(3,7)

load 0x4010f000, len 1384, room 16 
tail 8
chksum 0x2d
csum 0x2d
v8b899c12
~ld


6.01
 0h00:03.178 2022/06/30T14:35:12z: DS3231
 0h00:03.193 2022/06/30T14:35:12z: BME280 (0x76)
 0h00:03.207 2022/06/30T14:35:12z: 98:cd:ac:10:f7:ba
 0h00:03.209 2022/06/30T14:35:12z: SSID: USLBM_Guest
 0h00:03.214 2022/06/30T14:35:12z: AP_STAR tmr
 ets Jan  8 2013,rst cause:1, boot mode:(3,7)

load 0x4010f000, len 1384, room 16 
tail 8
chksum 0x2d
csum 0x2d
v8b899c12
~ld


6.01
 0h00:03.032 2022/06/30T14:56:45z: DS3231
 0h00:03.048 2022/06/30T14:56:45z: BME280 (0x76)
 0h00:03.062 2022/06/30T14:56:45z: 98:cd:ac:10:f7:ba
 0h00:03.063 2022/06/30T14:56:45z: SSID: USLBM_Guest
 0h00:03.069 2022/06/30T14:56:45z: AP_STAR tmr
 ets Jan  8 2013,rst cause:1, boot mode:(3,7)

load 0x4010f000, len 1384, room 16 
tail 8
chksum 0x2d
csum 0x2d
v8b899c12
~ld


6.01
 0h00:03.070 2022/06/30T15:18:17z: DS3231
 0h00:03.085 2022/06/30T15:18:17z: BME280 (0x76)
 0h00:03.099 2022/06/30T15:18:17z: 98:cd:ac:10:f7:ba
 0h00:03.101 2022/06/30T15:18:17z: SSID: USLBM_Guest
 0h00:03.106 2022/06/30T15:18:17z: AP_STAR tmr
 ets Jan  8 2013,rst cause:1, boot mode:(3,7)

load 0x4010f000, len 1384, room 16 
tail 8
chksum 0x2d
csum 0x2d
v8b899c12
~ld


6.01
 0h00:03.084 2022/06/30T15:39:51z: DS3231
 0h00:03.100 2022/06/30T15:39:51z: BME280 (0x76)
 0h00:03.114 2022/06/30T15:39:51z: 98:cd:ac:10:f7:ba
 0h00:03.115 2022/06/30T15:39:51z: SSID: USLBM_Guest
 0h00:03.121 2022/06/30T15:39:51z: AP_STAR tmr
 ets Jan  8 2013,rst cause:1, boot mode:(3,7)

load 0x4010f000, len 1384, room 16 
tail 8
chksum 0x2d
csum 0x2d
v8b899c12
~ld


6.01
 0h00:03.041 2022/06/30T16:01:24z: DS3231
 0h00:03.056 2022/06/30T16:01:24z: BME280 (0x76)
 0h00:03.070 2022/06/30T16:01:24z: 98:cd:ac:10:f7:ba
 0h00:03.072 2022/06/30T16:01:24z: SSID: USLBM_Guest
 0h00:03.077 2022/06/30T16:01:24z: AP_STAR tmr
 ets Jan  8 2013,rst cause:1, boot mode:(3,7)

load 0x4010f000, len 1384, room 16 
tail 8
chksum 0x2d
csum 0x2d
v8b899c12
~ld


6.01
 0h00:03.030 2022/06/30T16:22:57z: DS3231
 0h00:03.045 2022/06/30T16:22:57z: BME280 (0x76)
 0h00:03.059 2022/06/30T16:22:57z: 98:cd:ac:10:f7:ba
 0h00:03.061 2022/06/30T16:22:57z: SSID: USLBM_Guest
 0h00:03.066 2022/06/30T16:22:57z: AP_STAR tmr
 ets Jan  8 2013,rst cause:1, boot mode:(3,7)

load 0x4010f000, len 1384, room 16 
tail 8
chksum 0x2d
csum 0x2d
v8b899c12
~ld


6.01
 0h00:03.023 2022/06/30T16:44:29z: DS3231
 0h00:03.038 2022/06/30T16:44:29z: BME280 (0x76)
 0h00:03.052 2022/06/30T16:44:29z: 98:cd:ac:10:f7:ba
 0h00:03.054 2022/06/30T16:44:29z: SSID: USLBM_Guest
 0h00:03.059 2022/06/30T16:44:29z: AP_STAR tmr
 ets Jan  8 2013,rst cause:1, boot mode:(3,7)

load 0x4010f000, len 1384, room 16 
tail 8
chksum 0x2d
csum 0x2d
v8b899c12
~ld


6.01
 0h00:03.030 2022/06/30T17:06:02z: DS3231
 0h00:03.046 2022/06/30T17:06:03z: BME280 (0x76)
 0h00:03.060 2022/06/30T17:06:03z: 98:cd:ac:10:f7:ba
 0h00:03.061 2022/06/30T17:06:03z: SSID: USLBM_Guest
 0h00:03.067 2022/06/30T17:06:03z: AP_STAR tmr
 ets Jan  8 2013,rst cause:1, boot mode:(3,7)

load 0x4010f000, len 1384, room 16 
tail 8
chksum 0x2d
csum 0x2d
v8b899c12
~ld


6.01
 0h00:03.069 2022/06/30T17:27:35z: DS3231
 0h00:03.085 2022/06/30T17:27:35z: BME280 (0x76)
 0h00:03.099 2022/06/30T17:27:35z: 98:cd:ac:10:f7:ba
 0h00:03.101 2022/06/30T17:27:35z: SSID: USLBM_Guest
 0h00:03.106 2022/06/30T17:27:35z: AP_STAR tmr
 ets Jan  8 2013,rst cause:1, boot mode:(3,7)

load 0x4010f000, len 1384, room 16 
tail 8
chksum 0x2d
csum 0x2d
v8b899c12
~ld


6.01
 0h00:03.084 2022/06/30T17:49:08z: DS3231
 0h00:03.099 2022/06/30T17:49:08z: BME280 (0x76)
 0h00:03.113 2022/06/30T17:49:08z: 98:cd:ac:10:f7:ba
 0h00:03.115 2022/06/30T17:49:08z: SSID: USLBM_Guest
 0h00:03.120 2022/06/30T17:49:08z: AP_STAR tmr
 ets Jan  8 2013,rst cause:1, boot mode:(3,7)

load 0x4010f000, len 1384, room 16 
tail 8
chksum 0x2d
csum 0x2d
v8b899c12
~ld


6.01
 0h00:03.089 2022/06/30T18:10:42z: DS3231
 0h00:03.104 2022/06/30T18:10:42z: BME280 (0x76)
 0h00:03.118 2022/06/30T18:10:42z: 98:cd:ac:10:f7:ba
 0h00:03.120 2022/06/30T18:10:42z: SSID: USLBM_Guest
 0h00:03.125 2022/06/30T18:10:42z: AP_STAR tmr
 ets Jan  8 2013,rst cause:1, boot mode:(3,7)

load 0x4010f000, len 1384, room 16 
tail 8
chksum 0x2d
csum 0x2d
v8b899c12
~ld


6.01
 0h00:03.073 2022/06/30T18:32:14z: DS3231
 0h00:03.089 2022/06/30T18:32:14z: BME280 (0x76)
 0h00:03.103 2022/06/30T18:32:14z: 98:cd:ac:10:f7:ba
 0h00:03.104 2022/06/30T18:32:14z: SSID: USLBM_Guest
 0h00:03.110 2022/06/30T18:32:14z: AP_STAR tmr
 ets Jan  8 2013,rst cause:1, boot mode:(3,7)

load 0x4010f000, len 1384, room 16 
tail 8
chksum 0x2d
csum 0x2d
v8b899c12
~ld


6.01
 0h00:03.034 2022/06/30T18:53:47z: DS3231
 0h00:03.049 2022/06/30T18:53:47z: BME280 (0x76)
 0h00:03.063 2022/06/30T18:53:47z: 98:cd:ac:10:f7:ba
 0h00:03.065 2022/06/30T18:53:47z: SSID: USLBM_Guest
 0h00:03.070 2022/06/30T18:53:47z: AP_STAR tmr
 ets Jan  8 2013,rst cause:1, boot mode:(3,7)

load 0x4010f000, len 1384, room 16 
tail 8
chksum 0x2d
csum 0x2d
v8b899c12
~ld


6.01
 0h00:03.072 2022/06/30T19:15:20z: DS3231
 0h00:03.087 2022/06/30T19:15:20z: BME280 (0x76)
 0h00:03.101 2022/06/30T19:15:20z: 98:cd:ac:10:f7:ba
 0h00:03.103 2022/06/30T19:15:20z: SSID: USLBM_Guest
 0h00:03.108 2022/06/30T19:15:20z: AP_STAR tmr
 ets Jan  8 2013,rst cause:1, boot mode:(3,7)

load 0x4010f000, len 1384, room 16 
tail 8
chksum 0x2d
csum 0x2d
v8b899c12
~ld


6.01
 0h00:03.073 2022/06/30T19:36:53z: DS3231
 0h00:03.088 2022/06/30T19:36:53z: BME280 (0x76)
 0h00:03.103 2022/06/30T19:36:53z: 98:cd:ac:10:f7:ba
 0h00:03.104 2022/06/30T19:36:53z: SSID: USLBM_Guest
 0h00:03.109 2022/06/30T19:36:53z: AP_STAR tmr
 ets Jan  8 2013,rst cause:1, boot mode:(3,7)

load 0x4010f000, len 1384, room 16 
tail 8
chksum 0x2d
csum 0x2d
v8b899c12
~ld


6.01
 0h00:03.186 2022/06/30T19:58:26z: DS3231
 0h00:03.201 2022/06/30T19:58:26z: BME280 (0x76)
 0h00:03.215 2022/06/30T19:58:26z: 98:cd:ac:10:f7:ba
 0h00:03.217 2022/06/30T19:58:26z: SSID: USLBM_Guest
 0h00:03.222 2022/06/30T19:58:26z: AP_STAR tmr
 ets Jan  8 2013,rst cause:1, boot mode:(3,7)

load 0x4010f000, len 1384, room 16 
tail 8
chksum 0x2d
csum 0x2d
v8b899c12
~ld


6.01
 0h00:03.027 2022/06/30T20:19:58z: DS3231
 0h00:03.042 2022/06/30T20:19:58z: BME280 (0x76)
 0h00:03.056 2022/06/30T20:19:58z: 98:cd:ac:10:f7:ba
 0h00:03.058 2022/06/30T20:19:58z: SSID: USLBM_Guest
 0h00:03.063 2022/06/30T20:19:58z: AP_STAR tmr
 ets Jan  8 2013,rst cause:1, boot mode:(3,7)

load 0x4010f000, len 1384, room 16 
tail 8
chksum 0x2d
csum 0x2d
v8b899c12
~ld


6.01
 0h00:03.090 2022/06/30T20:41:31z: DS3231
 0h00:03.106 2022/06/30T20:41:31z: BME280 (0x76)
 0h00:03.120 2022/06/30T20:41:31z: 98:cd:ac:10:f7:ba
 0h00:03.122 2022/06/30T20:41:31z: SSID: USLBM_Guest
 0h00:03.127 2022/06/30T20:41:31z: AP_STAR tmr
 ets Jan  8 2013,rst cause:1, boot mode:(3,7)

load 0x4010f000, len 1384, room 16 
tail 8
chksum 0x2d
csum 0x2d
v8b899c12
~ld


6.01
 0h00:03.030 2022/06/30T21:03:03z: DS3231
 0h00:03.046 2022/06/30T21:03:03z: BME280 (0x76)
 0h00:03.060 2022/06/30T21:03:03z: 98:cd:ac:10:f7:ba
 0h00:03.061 2022/06/30T21:03:03z: SSID: USLBM_Guest
 0h00:03.067 2022/06/30T21:03:03z: AP_STAR tmr
 ets Jan  8 2013,rst cause:1, boot mode:(3,7)

load 0x4010f000, len 1384, room 16 
tail 8
chksum 0x2d
csum 0x2d
v8b899c12
~ld


6.01
 0h00:03.132 2022/06/30T21:24:36z: DS3231
 0h00:03.147 2022/06/30T21:24:36z: BME280 (0x76)
 0h00:03.161 2022/06/30T21:24:36z: 98:cd:ac:10:f7:ba
 0h00:03.163 2022/06/30T21:24:36z: SSID: USLBM_Guest
 0h00:03.168 2022/06/30T21:24:36z: AP_STAR tmr
 ets Jan  8 2013,rst cause:1, boot mode:(3,7)

load 0x4010f000, len 1384, room 16 
tail 8
chksum 0x2d
csum 0x2d
v8b899c12
~ld


6.01
 0h00:03.098 2022/06/30T21:46:09z: DS3231
 0h00:03.114 2022/06/30T21:46:09z: BME280 (0x76)
 0h00:03.128 2022/06/30T21:46:09z: 98:cd:ac:10:f7:ba
 0h00:03.130 2022/06/30T21:46:09z: SSID: USLBM_Guest
 0h00:03.135 2022/06/30T21:46:09z: AP_STAR tmr
 ets Jan  8 2013,rst cause:1, boot mode:(3,7)

load 0x4010f000, len 1384, room 16 
tail 8
chksum 0x2d
csum 0x2d
v8b899c12
~ld


6.01
 0h00:03.083 2022/06/30T22:07:42z: DS3231
 0h00:03.099 2022/06/30T22:07:42z: BME280 (0x76)
 0h00:03.113 2022/06/30T22:07:42z: 98:cd:ac:10:f7:ba
 0h00:03.115 2022/06/30T22:07:42z: SSID: USLBM_Guest
 0h00:03.120 2022/06/30T22:07:42z: AP_STAR tmr
 ets Jan  8 2013,rst cause:1, boot mode:(3,7)

load 0x4010f000, len 1384, room 16 
tail 8
chksum 0x2d
csum 0x2d
v8b899c12
~ld


6.01
 0h00:03.074 2022/06/30T22:29:14z: DS3231
 0h00:03.089 2022/06/30T22:29:14z: BME280 (0x76)
 0h00:03.103 2022/06/30T22:29:14z: 98:cd:ac:10:f7:ba
 0h00:03.105 2022/06/30T22:29:14z: SSID: USLBM_Guest
 0h00:03.110 2022/06/30T22:29:14z: AP_STAR tmr
 ets Jan  8 2013,rst cause:1, boot mode:(3,7)

load 0x4010f000, len 1384, room 16 
tail 8
chksum 0x2d
csum 0x2d
v8b899c12
~ld


6.01
 0h00:03.026 2022/06/30T22:50:47z: DS3231
 0h00:03.041 2022/06/30T22:50:47z: BME280 (0x76)
 0h00:03.055 2022/06/30T22:50:47z: 98:cd:ac:10:f7:ba
 0h00:03.057 2022/06/30T22:50:47z: SSID: USLBM_Guest
 0h00:03.062 2022/06/30T22:50:47z: AP_STAR tmr
 ets Jan  8 2013,rst cause:1, boot mode:(3,7)

load 0x4010f000, len 1384, room 16 
tail 8
chksum 0x2d
csum 0x2d
v8b899c12
~ld


6.01
 0h00:03.072 2022/06/30T23:12:20z: DS3231
 0h00:03.088 2022/06/30T23:12:20z: BME280 (0x76)
 0h00:03.102 2022/06/30T23:12:20z: 98:cd:ac:10:f7:ba
 0h00:03.103 2022/06/30T23:12:20z: SSID: USLBM_Guest
 0h00:03.109 2022/06/30T23:12:20z: AP_STAR tmr
 ets Jan  8 2013,rst cause:1, boot mode:(3,7)

load 0x4010f000, len 1384, room 16 
tail 8
chksum 0x2d
csum 0x2d
v8b899c12
~ld


6.01
 0h00:03.082 2022/06/30T23:33:52z: DS3231
 0h00:03.097 2022/06/30T23:33:52z: BME280 (0x76)
 0h00:03.111 2022/06/30T23:33:52z: 98:cd:ac:10:f7:ba
 0h00:03.113 2022/06/30T23:33:52z: SSID: USLBM_Guest
 0h00:03.118 2022/06/30T23:33:52z: AP_STAR tmr
 ets Jan  8 2013,rst cause:1, boot mode:(3,7)

load 0x4010f000, len 1384, room 16 
tail 8
chksum 0x2d
csum 0x2d
v8b899c12
~ld


6.01
 0h00:03.085 2022/06/30T23:55:25z: DS3231
 0h00:03.100 2022/06/30T23:55:25z: BME280 (0x76)
 0h00:03.114 2022/06/30T23:55:25z: 98:cd:ac:10:f7:ba
 0h00:03.116 2022/06/30T23:55:25z: SSID: USLBM_Guest
 0h00:03.121 2022/06/30T23:55:25z: AP_STA