R tmr
 ets Jan  8 2013,rst cause:1, boot mode:(3,7)

load 0x4010f000, len 1384, room 16 
tail 8
chksum 0x2d
csum 0x2d
v8b899c12
~ld


6.01
 0h00:03.026 2022/07/03T00:02:37z: DS3231
 0h00:03.042 2022/07/03T00:02:37z: BME280 (0x76)
 0h00:03.056 2022/07/03T00:02:37z: 98:cd:ac:10:f7:ba
 0h00:03.057 2022/07/03T00:02:37z: SSID: USLBM_Guest
 0h00:03.063 2022/07/03T00:02:37z: AP_STAR tmr
 ets Jan  8 2013,rst cause:1, boot mode:(3,7)

load 0x4010f000, len 1384, room 16 
tail 8
chksum 0x2d
csum 0x2d
v8b899c12
~ld


6.01
 0h00:03.036 2022/07/03T00:24:09z: DS3231
 0h00:03.052 2022/07/03T00:24:09z: BME280 (0x76)
 0h00:03.066 2022/07/03T00:24:09z: 98:cd:ac:10:f7:ba
 0h00:03.067 2022/07/03T00:24:09z: SSID: USLBM_Guest
 0h00:03.073 2022/07/03T00:24:09z: AP_STAR tmr
 ets Jan  8 2013,rst cause:1, boot mode:(3,7)

load 0x4010f000, len 1384, room 16 
tail 8
chksum 0x2d
csum 0x2d
v8b899c12
~ld


6.01
 0h00:03.086 2022/07/03T00:45:42z: DS3231
 0h00:03.102 2022/07/03T00:45:42z: BME280 (0x76)
 0h00:03.116 2022/07/03T00:45:42z: 98:cd:ac:10:f7:ba
 0h00:03.118 2022/07/03T00:45:42z: SSID: USLBM_Guest
 0h00:03.123 2022/07/03T00:45:42z: AP_STAR tmr
 ets Jan  8 2013,rst cause:1, boot mode:(3,7)

load 0x4010f000, len 1384, room 16 
tail 8
chksum 0x2d
csum 0x2d
v8b899c12
~ld


6.01
 0h00:03.096 2022/07/03T01:07:15z: DS3231
 0h00:03.111 2022/07/03T01:07:15z: BME280 (0x76)
 0h00:03.125 2022/07/03T01:07:15z: 98:cd:ac:10:f7:ba
 0h00:03.127 2022/07/03T01:07:15z: SSID: USLBM_Guest
 0h00:03.132 2022/07/03T01:07:15z: AP_STAR tmr
 ets Jan  8 2013,rst cause:1, boot mode:(3,7)

load 0x4010f000, len 1384, room 16 
tail 8
chksum 0x2d
csum 0x2d
v8b899c12
~ld


6.01
 0h00:03.092 2022/07/03T01:28:48z: DS3231
 0h00:03.107 2022/07/03T01:28:48z: BME280 (0x76)
 0h00:03.121 2022/07/03T01:28:48z: 98:cd:ac:10:f7:ba
 0h00:03.123 2022/07/03T01:28:48z: SSID: USLBM_Guest
 0h00:03.128 2022/07/03T01:28:48z: AP_STAR tmr
 ets Jan  8 2013,rst cause:1, boot mode:(3,7)

load 0x4010f000, len 1384, room 16 
tail 8
chksum 0x2d
csum 0x2d
v8b899c12
~ld


6.01
 0h00:03.096 2022/07/03T01:50:21z: DS3231
 0h00:03.111 2022/07/03T01:50:21z: BME280 (0x76)
 0h00:03.125 2022/07/03T01:50:21z: 98:cd:ac:10:f7:ba
 0h00:03.127 2022/07/03T01:50:21z: SSID: USLBM_Guest
 0h00:03.132 2022/07/03T01:50:21z: AP_STAR tmr
 ets Jan  8 2013,rst cause:1, boot mode:(3,7)

load 0x4010f000, len 1384, room 16 
tail 8
chksum 0x2d
csum 0x2d
v8b899c12
~ld


6.01
 0h00:03.039 2022/07/03T02:11:54z: DS3231
 0h00:03.054 2022/07/03T02:11:54z: BME280 (0x76)
 0h00:03.069 2022/07/03T02:11:54z: 98:cd:ac:10:f7:ba
 0h00:03.070 2022/07/03T02:11:54z: SSID: USLBM_Guest
 0h00:03.075 2022/07/03T02:11:54z: AP_STAR tmr
 ets Jan  8 2013,rst cause:1, boot mode:(3,7)

load 0x4010f000, len 1384, room 16 
tail 8
chksum 0x2d
csum 0x2d
v8b899c12
~ld


6.01
 0h00:03.073 2022/07/03T02:33:27z: DS3231
 0h00:03.088 2022/07/03T02:33:27z: BME280 (0x76)
 0h00:03.103 2022/07/03T02:33:27z: 98:cd:ac:10:f7:ba
 0h00:03.104 2022/07/03T02:33:27z: SSID: USLBM_Guest
 0h00:03.109 2022/07/03T02:33:27z: AP_STAR tmr
 ets Jan  8 2013,rst cause:1, boot mode:(3,7)

load 0x4010f000, len 1384, room 16 
tail 8
chksum 0x2d
csum 0x2d
v8b899c12
~ld


6.01
 0h00:03.090 2022/07/03T02:54:59z: DS3231
 0h00:03.105 2022/07/03T02:54:59z: BME280 (0x76)
 0h00:03.120 2022/07/03T02:54:59z: 98:cd:ac:10:f7:ba
 0h00:03.121 2022/07/03T02:54:59z: SSID: USLBM_Guest
 0h00:03.126 2022/07/03T02:54:59z: AP_STAR tmr
 ets Jan  8 2013,rst cause:1, boot mode:(3,7)

load 0x4010f000, len 1384, room 16 
tail 8
chksum 0x2d
csum 0x2d
v8b899c12
~ld


6.01
 0h00:03.087 2022/07/03T03:16:32z: DS3231
 0h00:03.102 2022/07/03T03:16:32z: BME280 (0x76)
 0h00:03.117 2022/07/03T03:16:32z: 98:cd:ac:10:f7:ba
 0h00:03.118 2022/07/03T03:16:32z: SSID: USLBM_Guest
 0h00:03.123 2022/07/03T03:16:32z: AP_STAR tmr
 ets Jan  8 2013,rst cause:1, boot mode:(3,7)

load 0x4010f000, len 1384, room 16 
tail 8
chksum 0x2d
csum 0x2d
v8b899c12
~ld


6.01
 0h00:03.085 2022/07/03T03:38:05z: DS3231
 0h00:03.100 2022/07/03T03:38:05z: BME280 (0x76)
 0h00:03.114 2022/07/03T03:38:05z: 98:cd:ac:10:f7:ba
 0h00:03.116 2022/07/03T03:38:05z: SSID: USLBM_Guest
 0h00:03.121 2022/07/03T03:38:05z: AP_STAR tmr
 ets Jan  8 2013,rst cause:1, boot mode:(3,7)

load 0x4010f000, len 1384, room 16 
tail 8
chksum 0x2d
csum 0x2d
v8b899c12
~ld


6.01
 0h00:03.095 2022/07/03T03:59:38z: DS3231
 0h00:03.110 2022/07/03T03:59:38z: BME280 (0x76)
 0h00:03.124 2022/07/03T03:59:38z: 98:cd:ac:10:f7:ba
 0h00:03.126 2022/07/03T03:59:38z: SSID: USLBM_Guest
 0h00:03.131 2022/07/03T03:59:38z: AP_STAR tmr
 ets Jan  8 2013,rst cause:1, boot mode:(3,7)

load 0x4010f000, len 1384, room 16 
tail 8
chksum 0x2d
csum 0x2d
v8b899c12
~ld


6.01
 0h00:03.187 2022/07/03T04:21:11z: DS3231
 0h00:03.203 2022/07/03T04:21:11z: BME280 (0x76)
 0h00:03.217 2022/07/03T04:21:11z: 98:cd:ac:10:f7:ba
 0h00:03.219 2022/07/03T04:21:11z: SSID: USLBM_Guest
 0h00:03.224 2022/07/03T04:21:11z: AP_STAR tmr
 ets Jan  8 2013,rst cause:1, boot mode:(3,7)

load 0x4010f000, len 1384, room 16 
tail 8
chksum 0x2d
csum 0x2d
v8b899c12
~ld


6.01
 0h00:03.037 2022/07/03T04:42:44z: DS3231
 0h00:03.052 2022/07/03T04:42:44z: BME280 (0x76)
 0h00:03.066 2022/07/03T04:42:44z: 98:cd:ac:10:f7:ba
 0h00:03.068 2022/07/03T04:42:44z: SSID: USLBM_Guest
 0h00:03.073 2022/07/03T04:42:44z: AP_STAR tmr
 ets Jan  8 2013,rst cause:1, boot mode:(3,7)

load 0x4010f000, len 1384, room 16 
tail 8
chksum 0x2d
csum 0x2d
v8b899c12
~ld


6.01
 0h00:03.086 2022/07/03T05:04:17z: DS3231
 0h00:03.101 2022/07/03T05:04:17z: BME280 (0x76)
 0h00:03.116 2022/07/03T05:04:17z: 98:cd:ac:10:f7:ba
 0h00:03.117 2022/07/03T05:04:17z: SSID: USLBM_Guest
 0h00:03.122 2022/07/03T05:04:17z: AP_STAR tmr
 ets Jan  8 2013,rst cause:1, boot mode:(3,7)

load 0x4010f000, len 1384, room 16 
tail 8
chksum 0x2d
csum 0x2d
v8b899c12
~ld


6.01
 0h00:03.044 2022/07/03T05:25:50z: DS3231
 0h00:03.059 2022/07/03T05:25:50z: BME280 (0x76)
 0h00:03.074 2022/07/03T05:25:50z: 98:cd:ac:10:f7:ba
 0h00:03.075 2022/07/03T05:25:50z: SSID: USLBM_Guest
 0h00:03.080 2022/07/03T05:25:50z: AP_STAR tmr
 ets Jan  8 2013,rst cause:1, boot mode:(3,7)

load 0x4010f000, len 1384, room 16 
tail 8
chksum 0x2d
csum 0x2d
v8b899c12
~ld


6.01
 0h00:03.095 2022/07/03T05:47:23z: DS3231
 0h00:03.110 2022/07/03T05:47:23z: BME280 (0x76)
 0h00:03.125 2022/07/03T05:47:23z: 98:cd:ac:10:f7:ba
 0h00:03.126 2022/07/03T05:47:23z: SSID: USLBM_Guest
 0h00:03.131 2022/07/03T05:47:23z: AP_STAR tmr
 ets Jan  8 2013,rst cause:1, boot mode:(3,7)

load 0x4010f000, len 1384, room 16 
tail 8
chksum 0x2d
csum 0x2d
v8b899c12
~ld


6.01
 0h00:03.039 2022/07/03T06:08:56z: DS3231
 0h00:03.054 2022/07/03T06:08:56z: BME280 (0x76)
 0h00:03.068 2022/07/03T06:08:56z: 98:cd:ac:10:f7:ba
 0h00:03.070 2022/07/03T06:08:56z: SSID: USLBM_Guest
 0h00:03.075 2022/07/03T06:08:56z: AP_STAR tmr
 ets Jan  8 2013,rst cause:1, boot mode:(3,7)

load 0x4010f000, len 1384, room 16 
tail 8
chksum 0x2d
csum 0x2d
v8b899c12
~ld


6.01
 0h00:03.139 2022/07/03T06:30:29z: DS3231
 0h00:03.154 2022/07/03T06:30:29z: BME280 (0x76)
 0h00:03.168 2022/07/03T06:30:29z: 98:cd:ac:10:f7:ba
 0h00:03.170 2022/07/03T06:30:29z: SSID: USLBM_Guest
 0h00:03.175 2022/07/03T06:30:29z: AP_STAR tmr
 ets Jan  8 2013,rst cause:1, boot mode:(3,7)

load 0x4010f000, len 1384, room 16 
tail 8
chksum 0x2d
csum 0x2d
v8b899c12
~ld


6.01
 0h00:03.095 2022/07/03T06:52:02z: DS3231
 0h00:03.110 2022/07/03T06:52:02z: BME280 (0x76)
 0h00:03.124 2022/07/03T06:52:02z: 98:cd:ac:10:f7:ba
 0h00:03.126 2022/07/03T06:52:02z: SSID: USLBM_Guest
 0h00:03.131 2022/07/03T06:52:02z: AP_STAR tmr
 ets Jan  8 2013,rst cause:1, boot mode:(3,7)

load 0x4010f000, len 1384, room 16 
tail 8
chksum 0x2d
csum 0x2d
v8b899c12
~ld


6.01
 0h00:03.135 2022/07/03T07:13:34z: DS3231
 0h00:03.151 2022/07/03T07:13:34z: BME280 (0x76)
 0h00:03.165 2022/07/03T07:13:34z: 98:cd:ac:10:f7:ba
 0h00:03.167 2022/07/03T07:13:34z: SSID: USLBM_Guest
 0h00:03.172 2022/07/03T07:13:34z: AP_STAR tmr
 ets Jan  8 2013,rst cause:1, boot mode:(3,7)

load 0x4010f000, len 1384, room 16 
tail 8
chksum 0x2d
csum 0x2d
v8b899c12
~ld


6.01
 0h00:03.155 2022/07/03T07:35:08z: DS3231
 0h00:03.171 2022/07/03T07:35:08z: BME280 (0x76)
 0h00:03.185 2022/07/03T07:35:08z: 98:cd:ac:10:f7:ba
 0h00:03.186 2022/07/03T07:35:08z: SSID: USLBM_Guest
 0h00:03.192 2022/07/03T07:35:08z: AP_STAR tmr
 ets Jan  8 2013,rst cause:1, boot mode:(3,7)

load 0x4010f000, len 1384, room 16 
tail 8
chksum 0x2d
csum 0x2d
v8b899c12
~ld


6.01
 0h00:03.090 2022/07/03T07:56:41z: DS3231
 0h00:03.105 2022/07/03T07:56:41z: BME280 (0x76)
 0h00:03.119 2022/07/03T07:56:41z: 98:cd:ac:10:f7:ba
 0h00:03.121 2022/07/03T07:56:41z: SSID: USLBM_Guest
 0h00:03.126 2022/07/03T07:56:41z: AP_STAR tmr
 ets Jan  8 2013,rst cause:1, boot mode:(3,7)

load 0x4010f000, len 1384, room 16 
tail 8
chksum 0x2d
csum 0x2d
v8b899c12
~ld


6.01
 0h00:03.101 2022/07/03T08:18:14z: DS3231
 0h00:03.116 2022/07/03T08:18:14z: BME280 (0x76)
 0h00:03.130 2022/07/03T08:18:14z: 98:cd:ac:10:f7:ba
 0h00:03.132 2022/07/03T08:18:14z: SSID: USLBM_Guest
 0h00:03.137 2022/07/03T08:18:14z: AP_STAR tmr
 ets Jan  8 2013,rst cause:1, boot mode:(3,7)

load 0x4010f000, len 1384, room 16 
tail 8
chksum 0x2d
csum 0x2d
v8b899c12
~ld


6.01
 0h00:03.038 2022/07/03T08:39:46z: DS3231
 0h00:03.053 2022/07/03T08:39:46z: BME280 (0x76)
 0h00:03.067 2022/07/03T08:39:46z: 98:cd:ac:10:f7:ba
 0h00:03.069 2022/07/03T08:39:46z: SSID: USLBM_Guest
 0h00:03.074 2022/07/03T08:39:46z: AP_STAR tmr
 ets Jan  8 2013,rst cause:1, boot mode:(3,7)

load 0x4010f000, len 1384, room 16 
tail 8
chksum 0x2d
csum 0x2d
v8b899c12
~ld


6.01
 0h00:03.047 2022/07/03T09:01:19z: DS3231
 0h00:03.063 2022/07/03T09:01:19z: BME280 (0x76)
 0h00:03.077 2022/07/03T09:01:19z: 98:cd:ac:10:f7:ba
 0h00:03.078 2022/07/03T09:01:19z: SSID: USLBM_Guest
 0h00:03.084 2022/07/03T09:01:19z: AP_STAR tmr
 ets Jan  8 2013,rst cause:1, boot mode:(3,7)

load 0x4010f000, len 1384, room 16 
tail 8
chksum 0x2d
csum 0x2d
v8b899c12
~ld


6.01
 0h00:03.036 2022/07/03T09:22:52z: DS3231
 0h00:03.051 2022/07/03T09:22:52z: BME280 (0x76)
 0h00:03.065 2022/07/03T09:22:52z: 98:cd:ac:10:f7:ba
 0h00:03.067 2022/07/03T09:22:52z: SSID: USLBM_Guest
 0h00:03.072 2022/07/03T09:22:52z: AP_STAR tmr
 ets Jan  8 2013,rst cause:1, boot mode:(3,7)

load 0x4010f000, len 1384, room 16 
tail 8
chksum 0x2d
csum 0x2d
v8b899c12
~ld


6.01
 0h00:03.087 2022/07/03T09:44:24z: DS3231
 0h00:03.103 2022/07/03T09:44:24z: BME280 (0x76)
 0h00:03.117 2022/07/03T09:44:24z: 98:cd:ac:10:f7:ba
 0h00:03.118 2022/07/03T09:44:24z: SSID: USLBM_Guest
 0h00:03.124 2022/07/03T09:44:24z: AP_STAR tmr
 ets Jan  8 2013,rst cause:1, boot mode:(3,7)

load 0x4010f000, len 1384, room 16 
tail 8
chksum 0x2d
csum 0x2d
v8b899c12
~ld


6.01
 0h00:03.073 2022/07/03T10:05:57z: DS3231
 0h00:03.088 2022/07/03T10:05:57z: BME280 (0x76)
 0h00:03.102 2022/07/03T10:05:57z: 98:cd:ac:10:f7:ba
 0h00:03.104 2022/07/03T10:05:57z: SSID: USLBM_Guest
 0h00:03.109 2022/07/03T10:05:57z: AP_STAR tmr
 ets Jan  8 2013,rst cause:1, boot mode:(3,7)

load 0x4010f000, len 1384, room 16 
tail 8
chksum 0x2d
csum 0x2d
v8b899c12
~ld


6.01
 0h00:03.067 2022/07/03T10:27:30z: DS3231
 0h00:03.082 2022/07/03T10:27:30z: BME280 (0x76)
 0h00:03.096 2022/07/03T10:27:30z: 98:cd:ac:10:f7:ba
 0h00:03.098 2022/07/03T10:27:30z: SSID: USLBM_Guest
 0h00:03.103 2022/07/03T10:27:30z: AP_STAR tmr
 ets Jan  8 2013,rst cause:1, boot mode:(3,7)

load 0x4010f000, len 1384, room 16 
tail 8
chksum 0x2d
csum 0x2d
v8b899c12
~ld


6.01
 0h00:03.028 2022/07/03T10:49:03z: DS3231
 0h00:03.043 2022/07/03T10:49:03z: BME280 (0x76)
 0h00:03.057 2022/07/03T10:49:03z: 98:cd:ac:10:f7:ba
 0h00:03.059 2022/07/03T10:49:03z: SSID: USLBM_Guest
 0h00:03.064 2022/07/03T10:49:03z: AP_STAR tmr
 ets Jan  8 2013,rst cause:1, boot mode:(3,7)

load 0x4010f000, len 1384, room 16 
tail 8
chksum 0x2d
csum 0x2d
v8b899c12
~ld


6.01
 0h00:03.082 2022/07/03T11:10:35z: DS3231
 0h00:03.097 2022/07/03T11:10:35z: BME280 (0x76)
 0h00:03.111 2022/07/03T11:10:35z: 98:cd:ac:10:f7:ba
 0h00:03.113 2022/07/03T11:10:35z: SSID: USLBM_Guest
 0h00:03.118 2022/07/03T11:10:35z: AP_STAR tmr
 ets Jan  8 2013,rst cause:1, boot mode:(3,7)

load 0x4010f000, len 1384, room 16 
tail 8
chksum 0x2d
csum 0x2d
v8b899c12
~ld


6.01
 0h00:03.085 2022/07/03T11:32:08z: DS3231
 0h00:03.100 2022/07/03T11:32:08z: BME280 (0x76)
 0h00:03.115 2022/07/03T11:32:08z: 98:cd:ac:10:f7:ba
 0h00:03.116 2022/07/03T11:32:08z: SSID: USLBM_Guest
 0h00:03.121 2022/07/03T11:32:08z: AP_STAR tmr
 ets Jan  8 2013,rst cause:1, boot mode:(3,7)

load 0x4010f000, len 1384, room 16 
tail 8
chksum 0x2d
csum 0x2d
v8b899c12
~ld


6.01
 0h00:03.138 2022/07/03T11:53:42z: DS3231
 0h00:03.153 2022/07/03T11:53:42z: BME280 (0x76)
 0h00:03.167 2022/07/03T11:53:42z: 98:cd:ac:10:f7:ba
 0h00:03.169 2022/07/03T11:53:42z: SSID: USLBM_Guest
 0h00:03.174 2022/07/03T11:53:42z: AP_STAR tmr
 ets Jan  8 2013,rst cause:1, boot mode:(3,7)

load 0x4010f000, len 1384, room 16 
tail 8
chksum 0x2d
csum 0x2d
v8b899c12
~ld


6.01
 0h00:03.032 2022/07/03T12:15:14z: DS3231
 0h00:03.048 2022/07/03T12:15:14z: BME280 (0x76)
 0h00:03.062 2022/07/03T12:15:14z: 98:cd:ac:10:f7:ba
 0h00:03.063 2022/07/03T12:15:14z: SSID: USLBM_Guest
 0h00:03.069 2022/07/03T12:15:14z: AP_STAR tmr
 ets Jan  8 2013,rst cause:1, boot mode:(3,7)

load 0x4010f000, len 1384, room 16 
tail 8
chksum 0x2d
csum 0x2d
v8b899c12
~ld


6.01
 0h00:03.027 2022/07/03T12:36:47z: DS3231
 0h00:03.042 2022/07/03T12:36:47z: BME280 (0x76)
 0h00:03.056 2022/07/03T12:36:47z: 98:cd:ac:10:f7:ba
 0h00:03.058 2022/07/03T12:36:47z: SSID: USLBM_Guest
 0h00:03.063 2022/07/03T12:36:47z: AP_STAR tmr
 ets Jan  8 2013,rst cause:1, boot mode:(3,7)

load 0x4010f000, len 1384, room 16 
tail 8
chksum 0x2d
csum 0x2d
v8b899c12
~ld


6.01
 0h00:03.079 2022/07/03T12:58:19z: DS3231
 0h00:03.094 2022/07/03T12:58:19z: BME280 (0x76)
 0h00:03.108 2022/07/03T12:58:19z: 98:cd:ac:10:f7:ba
 0h00:03.110 2022/07/03T12:58:19z: SSID: USLBM_Guest
 0h00:03.115 2022/07/03T12:58:19z: AP_STAR tmr
 ets Jan  8 2013,rst cause:1, boot mode:(3,7)

load 0x4010f000, len 1384, room 16 
tail 8
chksum 0x2d
csum 0x2d
v8b899c12
~ld


6.01
 0h00:03.038 2022/07/03T13:19:52z: DS3231
 0h00:03.053 2022/07/03T13:19:52z: BME280 (0x76)
 0h00:03.067 2022/07/03T13:19:52z: 98:cd:ac:10:f7:ba
 0h00:03.069 2022/07/03T13:19:52z: SSID: USLBM_Guest
 0h00:03.074 2022/07/03T13:19:52z: AP_STAR tmr
 ets Jan  8 2013,rst cause:1, boot mode:(3,7)

load 0x4010f000, len 1384, room 16 
tail 8
chksum 0x2d
csum 0x2d
v8b899c12
~ld


6.01
 0h00:03.021 2022/07/03T13:41:25z: DS3231
 0h00:03.037 2022/07/03T13:41:25z: BME280 (0x76)
 0h00:03.051 2022/07/03T13:41:25z: 98:cd:ac:10:f7:ba
 0h00:03.052 2022/07/03T13:41:25z: SSID: USLBM_Guest
 0h00:03.058 2022/07/03T13:41:25z: AP_STAR tmr
 ets Jan  8 2013,rst cause:1, boot mode:(3,7)

load 0x4010f000, len 1384, room 16 
tail 8
chksum 0x2d
csum 0x2d
v8b899c12
~ld


6.01
 0h00:03.087 2022/07/03T14:02:56z: DS3231
 0h00:03.102 2022/07/03T14:02:56z: BME280 (0x76)
 0h00:03.116 2022/07/03T14:02:56z: 98:cd:ac:10:f7:ba
 0h00:03.118 2022/07/03T14:02:56z: SSID: USLBM_Guest
 0h00:03.123 2022/07/03T14:02:56z: AP_STAR tmr
 ets Jan  8 2013,rst cause:1, boot mode:(3,7)

load 0x4010f000, len 1384, room 16 
tail 8
chksum 0x2d
csum 0x2d
v8b899c12
~ld


6.01
 0h00:03.017 2022/07/03T14:24:30z: DS3231
 0h00:03.033 2022/07/03T14:24:30z: BME280 (0x76)
 0h00:03.047 2022/07/03T14:24:30z: 98:cd:ac:10:f7:ba
 0h00:03.049 2022/07/03T14:24:30z: SSID: USLBM_Guest
 0h00:03.054 2022/07/03T14:24:30z: AP_STAR tmr
 ets Jan  8 2013,rst cause:1, boot mode:(3,7)

load 0x4010f000, len 1384, room 16 
tail 8
chksum 0x2d
csum 0x2d
v8b899c12
~ld


6.01
 0h00:03.035 2022/07/03T14:46:02z: DS3231
 0h00:03.050 2022/07/03T14:46:02z: BME280 (0x76)
 0h00:03.064 2022/07/03T14:46:02z: 98:cd:ac:10:f7:ba
 0h00:03.066 2022/07/03T14:46:02z: SSID: USLBM_Guest
 0h00:03.071 2022/07/03T14:46:02z: AP_STAR tmr
 ets Jan  8 2013,rst cause:1, boot mode:(3,7)

load 0x4010f000, len 1384, room 16 
tail 8
chksum 0x2d
csum 0x2d
v8b899c12
~ld


6.01
 0h00:03.031 2022/07/03T15:07:35z: DS3231
 0h00:03.046 2022/07/03T15:07:35z: BME280 (0x76)
 0h00:03.061 2022/07/03T15:07:35z: 98:cd:ac:10:f7:ba
 0h00:03.062 2022/07/03T15:07:35z: SSID: USLBM_Guest
 0h00:03.067 2022/07/03T15:07:35z: AP_STAR tmr
 ets Jan  8 2013,rst cause:1, boot mode:(3,7)

load 0x4010f000, len 1384, room 16 
tail 8
chksum 0x2d
csum 0x2d
v8b899c12
~ld


6.01
 0h00:03.080 2022/07/03T15:29:08z: DS3231
 0h00:03.095 2022/07/03T15:29:08z: BME280 (0x76)
 0h00:03.109 2022/07/03T15:29:08z: 98:cd:ac:10:f7:ba
 0h00:03.111 2022/07/03T15:29:08z: SSID: USLBM_Guest
 0h00:03.116 2022/07/03T15:29:08z: AP_STAR tmr
 ets Jan  8 2013,rst cause:1, boot mode:(3,7)

load 0x4010f000, len 1384, room 16 
tail 8
chksum 0x2d
csum 0x2d
v8b899c12
~ld


6.01
 0h00:03.025 2022/07/03T15:50:41z: DS3231
 0h00:03.040 2022/07/03T15:50:41z: BME280 (0x76)
 0h00:03.054 2022/07/03T15:50:41z: 98:cd:ac:10:f7:ba
 0h00:03.056 2022/07/03T15:50:41z: SSID: USLBM_Guest
 0h00:03.061 2022/07/03T15:50:41z: AP_STAR tmr
 ets Jan  8 2013,rst cause:1, boot mode:(3,7)

load 0x4010f000, len 1384, room 16 
tail 8
chksum 0x2d
csum 0x2d
v8b899c12
~ld


6.01
 0h00:03.080 2022/07/03T16:12:14z: DS3231
 0h00:03.096 2022/07/03T16:12:14z: BME280 (0x76)
 0h00:03.110 2022/07/03T16:12:14z: 98:cd:ac:10:f7:ba
 0h00:03.112 2022/07/03T16:12:14z: SSID: USLBM_Guest
 0h00:03.117 2022/07/03T16:12:14z: AP_STAR tmr
 ets Jan  8 2013,rst cause:1, boot mode:(3,7)

load 0x4010f000, len 1384, room 16 
tail 8
chksum 0x2d
csum 0x2d
v8b899c12
~ld


6.01
 0h00:03.032 2022/07/03T16:33:47z: DS3231
 0h00:03.048 2022/07/03T16:33:47z: BME280 (0x76)
 0h00:03.062 2022/07/03T16:33:47z: 98:cd:ac:10:f7:ba
 0h00:03.064 2022/07/03T16:33:47z: SSID: USLBM_Guest
 0h00:03.069 2022/07/03T16:33:47z: AP_STAR tmr
 ets Jan  8 2013,rst cause:1, boot mode:(3,7)

load 0x4010f000, len 1384, room 16 
tail 8
chksum 0x2d
csum 0x2d
v8b899c12
~ld


6.01
 0h00:03.087 2022/07/03T16:55:20z: DS3231
 0h00:03.102 2022/07/03T16:55:20z: BME280 (0x76)
 0h00:03.116 2022/07/03T16:55:20z: 98:cd:ac:10:f7:ba
 0h00:03.118 2022/07/03T16:55:20z: SSID: USLBM_Guest
 0h00:03.123 2022/07/03T16:55:20z: AP_STAR tmr
 ets Jan  8 2013,rst cause:1, boot mode:(3,7)

load 0x4010f000, len 1384, room 16 
tail 8
chksum 0x2d
csum 0x2d
v8b899c12
~ld


6.01
 0h00:03.035 2022/07/03T17:16:51z: DS3231
 0h00:03.050 2022/07/03T17:16:51z: BME280 (0x76)
 0h00:03.065 2022/07/03T17:16:51z: 98:cd:ac:10:f7:ba
 0h00:03.066 2022/07/03T17:16:51z: SSID: USLBM_Guest
 0h00:03.072 2022/07/03T17:16:51z: AP_STAR tmr
 ets Jan  8 2013,rst cause:1, boot mode:(3,7)

load 0x4010f000, len 1384, room 16 
tail 8
chksum 0x2d
csum 0x2d
v8b899c12
~ld


6.01
 0h00:03.071 2022/07/03T17:38:25z: DS3231
 0h00:03.086 2022/07/03T17:38:25z: BME280 (0x76)
 0h00:03.101 2022/07/03T17:38:25z: 98:cd:ac:10:f7:ba
 0h00:03.102 2022/07/03T17:38:25z: SSID: USLBM_Guest
 0h00:03.108 2022/07/03T17:38:25z: AP_STAR tmr
 ets Jan  8 2013,rst cause:1, boot mode:(3,7)

load 0x4010f000, len 1384, room 16 
tail 8
chksum 0x2d
csum 0x2d
v8b899c12
~ld


6.01
 0h00:03.084 2022/07/03T17:59:58z: DS3231
 0h00:03.100 2022/07/03T17:59:58z: BME280 (0x76)
 0h00:03.114 2022/07/03T17:59:58z: 98:cd:ac:10:f7:ba
 0h00:03.115 2022/07/03T17:59:58z: SSID: USLBM_Guest
 0h00:03.121 2022/07/03T17:59:58z: AP_STAR tmr
 ets Jan  8 2013,rst cause:1, boot mode:(3,7)

load 0x4010f000, len 1384, room 16 
tail 8
chksum 0x2d
csum 0x2d
v8b899c12
~ld


6.01
 0h00:03.030 2022/07/03T18:21:30z: DS3231
 0h00:03.045 2022/07/03T18:21:30z: BME280 (0x76)
 0h00:03.059 2022/07/03T18:21:30z: 98:cd:ac:10:f7:ba
 0h00:03.061 2022/07/03T18:21:30z: SSID: USLBM_Guest
 0h00:03.066 2022/07/03T18:21:30z: AP_STAR tmr
 ets Jan  8 2013,rst cause:1, boot mode:(3,7)

load 0x4010f000, len 1384, room 16 
tail 8
chksum 0x2d
csum 0x2d
v8b899c12
~ld


6.01
 0h00:03.029 2022/07/03T18:43:03z: DS3231
 0h00:03.044 2022/07/03T18:43:03z: BME280 (0x76)
 0h00:03.058 2022/07/03T18:43:03z: 98:cd:ac:10:f7:ba
 0h00:03.060 2022/07/03T18:43:03z: SSID: USLBM_Guest
 0h00:03.065 2022/07/03T18:43:03z: AP_STAR tmr
 ets Jan  8 2013,rst cause:1, boot mode:(3,7)

load 0x4010f000, len 1384, room 16 
tail 8
chksum 0x2d
csum 0x2d
v8b899c12
~ld


6.01
 0h00:03.077 2022/07/03T19:04:36z: DS3231
 0h00:03.092 2022/07/03T19:04:36z: BME280 (0x76)
 0h00:03.107 2022/07/03T19:04:36z: 98:cd:ac:10:f7:ba
 0h00:03.108 2022/07/03T19:04:36z: SSID: USLBM_Guest
 0h00:03.113 2022/07/03T19:04:36z: AP_STAR tmr
 ets Jan  8 2013,rst cause:1, boot mode:(3,7)

load 0x4010f000, len 1384, room 16 
tail 8
chksum 0x2d
csum 0x2d
v8b899c12
~ld


6.01
 0h00:03.035 2022/07/03T19:26:08z: DS3231
 0h00:03.051 2022/07/03T19:26:08z: BME280 (0x76)
 0h00:03.065 2022/07/03T19:26:08z: 98:cd:ac:10:f7:ba
 0h00:03.067 2022/07/03T19:26:08z: SSID: USLBM_Guest
 0h00:03.072 2022/07/03T19:26:08z: AP_STAR tmr
 ets Jan  8 2013,rst cause:1, boot mode:(3,7)

load 0x4010f000, len 1384, room 16 
tail 8
chksum 0x2d
csum 0x2d
v8b899c12
~ld


6.01
 0h00:03.080 2022/07/03T19:47:40z: DS3231
 0h00:03.096 2022/07/03T19:47:40z: BME280 (0x76)
 0h00:03.110 2022/07/03T19:47:40z: 98:cd:ac:10:f7:ba
 0h00:03.112 2022/07/03T19:47:40z: SSID: USLBM_Guest
 0h00:03.117 2022/07/03T19:47:40z: AP_STAR tmr
 ets Jan  8 2013,rst cause:1, boot mode:(3,7)

load 0x4010f000, len 1384, room 16 
tail 8
chksum 0x2d
csum 0x2d
v8b899c12
~ld


6.01
 0h00:03.066 2022/07/03T20:09:14z: DS3231
 0h00:03.082 2022/07/03T20:09:14z: BME280 (0x76)
 0h00:03.096 2022/07/03T20:09:14z: 98:cd:ac:10:f7:ba
 0h00:03.098 2022/07/03T20:09:14z: SSID: USLBM_Guest
 0h00:03.103 2022/07/03T20:09:14z: AP_STAR tmr
 ets Jan  8 2013,rst cause:1, boot mode:(3,7)

load 0x4010f000, len 1384, room 16 
tail 8
chksum 0x2d
csum 0x2d
v8b899c12
~ld


6.01
 0h00:03.040 2022/07/03T20:30:46z: DS3231
 0h00:03.056 2022/07/03T20:30:46z: BME280 (0x76)
 0h00:03.070 2022/07/03T20:30:46z: 98:cd:ac:10:f7:ba
 0h00:03.072 2022/07/03T20:30:46z: SSID: USLBM_Guest
 0h00:03.077 2022/07/03T20:30:46z: AP_STAR tmr
 ets Jan  8 2013,rst cause:1, boot mode:(3,7)

load 0x4010f000, len 1384, room 16 
tail 8
chksum 0x2d
csum 0x2d
v8b899c12
~ld


6.01
 0h00:03.026 2022/07/03T20:52:18z: DS3231
 0h00:03.041 2022/07/03T20:52:18z: BME280 (0x76)
 0h00:03.056 2022/07/03T20:52:18z: 98:cd:ac:10:f7:ba
 0h00:03.057 2022/07/03T20:52:18z: SSID: USLBM_Guest
 0h00:03.062 2022/07/03T20:52:18z: AP_STAR tmr
 ets Jan  8 2013,rst cause:1, boot mode:(3,7)

load 0x4010f000, len 1384, room 16 
tail 8
chksum 0x2d
csum 0x2d
v8b899c12
~ld


6.01
 0h00:03.075 2022/07/03T21:13:51z: DS3231
 0h00:03.090 2022/07/03T21:13:51z: BME280 (0x76)
 0h00:03.105 2022/07/03T21:13:52z: 98:cd:ac:10:f7:ba
 0h00:03.106 2022/07/03T21:13:52z: SSID: USLBM_Guest
 0h00:03.111 2022/07/03T21:13:52z: AP_STAR tmr
 ets Jan  8 2013,rst cause:1, boot mode:(3,7)

load 0x4010f000, len 1384, room 16 
tail 8
chksum 0x2d
csum 0x2d
v8b899c12
~ld


6.01
 0h00:03.035 2022/07/03T21:35:24z: DS3231
 0h00:03.050 2022/07/03T21:35:24z: BME280 (0x76)
 0h00:03.064 2022/07/03T21:35:24z: 98:cd:ac:10:f7:ba
 0h00:03.066 2022/07/03T21:35:24z: SSID: USLBM_Guest
 0h00:03.071 2022/07/03T21:35:24z: AP_STAR tmr
 ets Jan  8 2013,rst cause:1, boot mode:(3,7)

load 0x4010f000, len 1384, room 16 
tail 8
chksum 0x2d
csum 0x2d
v8b899c12
~ld


6.01
 0h00:03.133 2022/07/03T21:56:57z: DS3231
 0h00:03.148 2022/07/03T21:56:57z: BME280 (0x76)
 0h00:03.162 2022/07/03T21:56:57z: 98:cd:ac:10:f7:ba
 0h00:03.164 2022/07/03T21:56:57z: SSID: USLBM_Guest
 0h00:03.169 2022/07/03T21:56:57z: AP_STAR tmr
 ets Jan  8 2013,rst cause:1, boot mode:(3,7)

load 0x4010f000, len 1384, room 16 
tail 8
chksum 0x2d
csum 0x2d
v8b899c12
~ld


6.01
 0h00:03.037 2022/07/03T22:18:30z: DS3231
 0h00:03.052 2022/07/03T22:18:30z: BME280 (0x76)
 0h00:03.066 2022/07/03T22:18:30z: 98:cd:ac:10:f7:ba
 0h00:03.068 2022/07/03T22:18:30z: SSID: USLBM_Guest
 0h00:03.073 2022/07/03T22:18:30z: AP_STAR tmr
 ets Jan  8 2013,rst cause:1, boot mode:(3,7)

load 0x4010f000, len 1384, room 16 
tail 8
chksum 0x2d
csum 0x2d
v8b899c12
~ld


6.01
 0h00:03.126 2022/07/03T22:40:03z: DS3231
 0h00:03.141 2022/07/03T22:40:03z: BME280 (0x76)
 0h00:03.155 2022/07/03T22:40:03z: 98:cd:ac:10:f7:ba
 0h00:03.157 2022/07/03T22:40:03z: SSID: USLBM_Guest
 0h00:03.162 2022/07/03T22:40:03z: AP_STAR tmr
 ets Jan  8 2013,rst cause:1, boot mode:(3,7)

load 0x4010f000, len 1384, room 16 
tail 8
chksum 0x2d
csum 0x2d
v8b899c12
~ld


6.01
 0h00:03.121 2022/07/03T23:01:37z: DS3231
 0h00:03.137 2022/07/03T23:01:37z: BME280 (0x76)
 0h00:03.151 2022/07/03T23:01:38z: 98:cd:ac:10:f7:ba
 0h00:03.152 2022/07/03T23:01:38z: SSID: USLBM_Guest
 0h00:03.158 2022/07/03T23:01:38z: AP_STAR tmr
 ets Jan  8 2013,rst cause:1, boot mode:(3,7)

load 0x4010f000, len 1384, room 16 
tail 8
chksum 0x2d
csum 0x2d
v8b899c12
~ld


6.01
 0h00:03.025 2022/07/03T23:23:10z: DS3231
 0h00:03.041 2022/07/03T23:23:10z: BME280 (0x76)
 0h00:03.055 2022/07/03T23:23:10z: 98:cd:ac:10:f7:ba
 0h00:03.056 2022/07/03T23:23:10z: SSID: USLBM_Guest
 0h00:03.062 2022/07/03T23:23:10z: AP_STAR tmr
 ets Jan  8 2013,rst cause:1, boot mode:(3,7)

load 0x4010f000, len 1384, room 16 
tail 8
chksum 0x2d
csum 0x2d
v8b899c12
~ld


6.01
 0h00:03.037 2022/07/03T23:44:43z: DS3231
 0h00:03.053 2022/07/03T23:44:43z: BME280 (0x76)
 0h00:03.067 2022/07/03T23:44:43z: 98:cd:ac:10:f7:ba
 0h00:03.068 2022/07/03T23:44:43z: SSID: USLBM_Guest
 0h00:03.074 2022/07/03T23:44:43z: AP_STA