R tmr
 ets Jan  8 2013,rst cause:1, boot mode:(3,7)

load 0x4010f000, len 1384, room 16 
tail 8
chksum 0x2d
csum 0x2d
v8b899c12
~ld


6.01
 0h00:03.038 2022/07/04T00:06:16z: DS3231
 0h00:03.053 2022/07/04T00:06:16z: BME280 (0x76)
 0h00:03.067 2022/07/04T00:06:16z: 98:cd:ac:10:f7:ba
 0h00:03.069 2022/07/04T00:06:16z: SSID: USLBM_Guest
 0h00:03.074 2022/07/04T00:06:16z: AP_STAR tmr
 ets Jan  8 2013,rst cause:1, boot mode:(3,7)

load 0x4010f000, len 1384, room 16 
tail 8
chksum 0x2d
csum 0x2d
v8b899c12
~ld


6.01
 0h00:03.032 2022/07/04T00:27:48z: DS3231
 0h00:03.047 2022/07/04T00:27:48z: BME280 (0x76)
 0h00:03.062 2022/07/04T00:27:48z: 98:cd:ac:10:f7:ba
 0h00:03.063 2022/07/04T00:27:48z: SSID: USLBM_Guest
 0h00:03.068 2022/07/04T00:27:48z: AP_STAR tmr
 ets Jan  8 2013,rst cause:1, boot mode:(3,7)

load 0x4010f000, len 1384, room 16 
tail 8
chksum 0x2d
csum 0x2d
v8b899c12
~ld


6.01
 0h00:03.132 2022/07/04T00:49:22z: DS3231
 0h00:03.147 2022/07/04T00:49:22z: BME280 (0x76)
 0h00:03.161 2022/07/04T00:49:22z: 98:cd:ac:10:f7:ba
 0h00:03.163 2022/07/04T00:49:22z: SSID: USLBM_Guest
 0h00:03.168 2022/07/04T00:49:22z: AP_STAR tmr
 ets Jan  8 2013,rst cause:1, boot mode:(3,7)

load 0x4010f000, len 1384, room 16 
tail 8
chksum 0x2d
csum 0x2d
v8b899c12
~ld


6.01
 0h00:03.087 2022/07/04T01:10:55z: DS3231
 0h00:03.102 2022/07/04T01:10:55z: BME280 (0x76)
 0h00:03.116 2022/07/04T01:10:55z: 98:cd:ac:10:f7:ba
 0h00:03.118 2022/07/04T01:10:55z: SSID: USLBM_Guest
 0h00:03.123 2022/07/04T01:10:55z: AP_STAR tmr
 ets Jan  8 2013,rst cause:1, boot mode:(3,7)

load 0x4010f000, len 1384, room 16 
tail 8
chksum 0x2d
csum 0x2d
v8b899c12
~ld


6.01
 0h00:03.099 2022/07/04T01:32:27z: DS3231
 0h00:03.115 2022/07/04T01:32:27z: BME280 (0x76)
 0h00:03.129 2022/07/04T01:32:27z: 98:cd:ac:10:f7:ba
 0h00:03.131 2022/07/04T01:32:27z: SSID: USLBM_Guest
 0h00:03.136 2022/07/04T01:32:27z: AP_STAR tmr
 ets Jan  8 2013,rst cause:1, boot mode:(3,7)

load 0x4010f000, len 1384, room 16 
tail 8
chksum 0x2d
csum 0x2d
v8b899c12
~ld


6.01
 0h00:03.085 2022/07/04T01:53:59z: DS3231
 0h00:03.100 2022/07/04T01:53:59z: BME280 (0x76)
 0h00:03.115 2022/07/04T01:53:59z: 98:cd:ac:10:f7:ba
 0h00:03.116 2022/07/04T01:53:59z: SSID: USLBM_Guest
 0h00:03.122 2022/07/04T01:53:59z: AP_STAR tmr
 ets Jan  8 2013,rst cause:1, boot mode:(3,7)

load 0x4010f000, len 1384, room 16 
tail 8
chksum 0x2d
csum 0x2d
v8b899c12
~ld


6.01
 0h00:03.095 2022/07/04T02:15:32z: DS3231
 0h00:03.110 2022/07/04T02:15:32z: BME280 (0x76)
 0h00:03.124 2022/07/04T02:15:32z: 98:cd:ac:10:f7:ba
 0h00:03.126 2022/07/04T02:15:32z: SSID: USLBM_Guest
 0h00:03.131 2022/07/04T02:15:32z: AP_STAR tmr
 ets Jan  8 2013,rst cause:1, boot mode:(3,7)

load 0x4010f000, len 1384, room 16 
tail 8
chksum 0x2d
csum 0x2d
v8b899c12
~ld


6.01
 0h00:03.027 2022/07/04T02:37:04z: DS3231
 0h00:03.043 2022/07/04T02:37:04z: BME280 (0x76)
 0h00:03.057 2022/07/04T02:37:04z: 98:cd:ac:10:f7:ba
 0h00:03.059 2022/07/04T02:37:04z: SSID: USLBM_Guest
 0h00:03.064 2022/07/04T02:37:04z: AP_STAR tmr
 ets Jan  8 2013,rst cause:1, boot mode:(3,7)

load 0x4010f000, len 1384, room 16 
tail 8
chksum 0x2d
csum 0x2d
v8b899c12
~ld


6.01
 0h00:03.096 2022/07/04T02:58:37z: DS3231
 0h00:03.111 2022/07/04T02:58:37z: BME280 (0x76)
 0h00:03.126 2022/07/04T02:58:37z: 98:cd:ac:10:f7:ba
 0h00:03.127 2022/07/04T02:58:37z: SSID: USLBM_Guest
 0h00:03.132 2022/07/04T02:58:37z: AP_STAR tmr
 ets Jan  8 2013,rst cause:1, boot mode:(3,7)

load 0x4010f000, len 1384, room 16 
tail 8
chksum 0x2d
csum 0x2d
v8b899c12
~ld


6.01
 0h00:03.140 2022/07/04T03:20:09z: DS3231
 0h00:03.155 2022/07/04T03:20:09z: BME280 (0x76)
 0h00:03.170 2022/07/04T03:20:09z: 98:cd:ac:10:f7:ba
 0h00:03.171 2022/07/04T03:20:09z: SSID: USLBM_Guest
 0h00:03.176 2022/07/04T03:20:09z: AP_STAR tmr
 ets Jan  8 2013,rst cause:1, boot mode:(3,7)

load 0x4010f000, len 1384, room 16 
tail 8
chksum 0x2d
csum 0x2d
v8b899c12
~ld


6.01
 0h00:03.196 2022/07/04T03:41:42z: DS3231
 0h00:03.211 2022/07/04T03:41:42z: BME280 (0x76)
 0h00:03.225 2022/07/04T03:41:42z: 98:cd:ac:10:f7:ba
 0h00:03.227 2022/07/04T03:41:42z: SSID: USLBM_Guest
 0h00:03.232 2022/07/04T03:41:42z: AP_STAR tmr
 ets Jan  8 2013,rst cause:1, boot mode:(3,7)

load 0x4010f000, len 1384, room 16 
tail 8
chksum 0x2d
csum 0x2d
v8b899c12
~ld


6.01
 0h00:03.085 2022/07/04T04:03:14z: DS3231
 0h00:03.100 2022/07/04T04:03:14z: BME280 (0x76)
 0h00:03.114 2022/07/04T04:03:14z: 98:cd:ac:10:f7:ba
 0h00:03.116 2022/07/04T04:03:14z: SSID: USLBM_Guest
 0h00:03.121 2022/07/04T04:03:14z: AP_STAR tmr
 ets Jan  8 2013,rst cause:1, boot mode:(3,7)

load 0x4010f000, len 1384, room 16 
tail 8
chksum 0x2d
csum 0x2d
v8b899c12
~ld


6.01
 0h00:03.090 2022/07/04T04:24:47z: DS3231
 0h00:03.106 2022/07/04T04:24:47z: BME280 (0x76)
 0h00:03.120 2022/07/04T04:24:48z: 98:cd:ac:10:f7:ba
 0h00:03.122 2022/07/04T04:24:48z: SSID: USLBM_Guest
 0h00:03.127 2022/07/04T04:24:48z: AP_STAR tmr
 ets Jan  8 2013,rst cause:1, boot mode:(3,7)

load 0x4010f000, len 1384, room 16 
tail 8
chksum 0x2d
csum 0x2d
v8b899c12
~ld


6.01
 0h00:03.144 2022/07/04T04:46:20z: DS3231
 0h00:03.159 2022/07/04T04:46:20z: BME280 (0x76)
 0h00:03.173 2022/07/04T04:46:20z: 98:cd:ac:10:f7:ba
 0h00:03.175 2022/07/04T04:46:20z: SSID: USLBM_Guest
 0h00:03.180 2022/07/04T04:46:20z: AP_STAR tmr
 ets Jan  8 2013,rst cause:1, boot mode:(3,7)

load 0x4010f000, len 1384, room 16 
tail 8
chksum 0x2d
csum 0x2d
v8b899c12
~ld


6.01
 0h00:03.095 2022/07/04T05:07:52z: DS3231
 0h00:03.111 2022/07/04T05:07:52z: BME280 (0x76)
 0h00:03.125 2022/07/04T05:07:52z: 98:cd:ac:10:f7:ba
 0h00:03.126 2022/07/04T05:07:52z: SSID: USLBM_Guest
 0h00:03.132 2022/07/04T05:07:52z: AP_STAR tmr
 ets Jan  8 2013,rst cause:1, boot mode:(3,7)

load 0x4010f000, len 1384, room 16 
tail 8
chksum 0x2d
csum 0x2d
v8b899c12
~ld


6.01
 0h00:03.147 2022/07/04T05:29:25z: DS3231
 0h00:03.162 2022/07/04T05:29:25z: BME280 (0x76)
 0h00:03.176 2022/07/04T05:29:25z: 98:cd:ac:10:f7:ba
 0h00:03.178 2022/07/04T05:29:25z: SSID: USLBM_Guest
 0h00:03.183 2022/07/04T05:29:25z: AP_STAR tmr
 ets Jan  8 2013,rst cause:1, boot mode:(3,7)

load 0x4010f000, len 1384, room 16 
tail 8
chksum 0x2d
csum 0x2d
v8b899c12
~ld


6.01
 0h00:03.033 2022/07/04T05:50:57z: DS3231
 0h00:03.048 2022/07/04T05:50:57z: BME280 (0x76)
 0h00:03.063 2022/07/04T05:50:57z: 98:cd:ac:10:f7:ba
 0h00:03.064 2022/07/04T05:50:57z: SSID: USLBM_Guest
 0h00:03.069 2022/07/04T05:50:57z: AP_STAR tmr
 ets Jan  8 2013,rst cause:1, boot mode:(3,7)

load 0x4010f000, len 1384, room 16 
tail 8
chksum 0x2d
csum 0x2d
v8b899c12
~ld


6.01
 0h00:03.042 2022/07/04T06:12:30z: DS3231
 0h00:03.057 2022/07/04T06:12:30z: BME280 (0x76)
 0h00:03.071 2022/07/04T06:12:30z: 98:cd:ac:10:f7:ba
 0h00:03.073 2022/07/04T06:12:30z: SSID: USLBM_Guest
 0h00:03.078 2022/07/04T06:12:30z: AP_STAR tmr
 ets Jan  8 2013,rst cause:1, boot mode:(3,7)

load 0x4010f000, len 1384, room 16 
tail 8
chksum 0x2d
csum 0x2d
v8b899c12
~ld


6.01
 0h00:03.093 2022/07/04T06:34:02z: DS3231
 0h00:03.108 2022/07/04T06:34:02z: BME280 (0x76)
 0h00:03.123 2022/07/04T06:34:02z: 98:cd:ac:10:f7:ba
 0h00:03.124 2022/07/04T06:34:02z: SSID: USLBM_Guest
 0h00:03.129 2022/07/04T06:34:02z: AP_STAR tmr
 ets Jan  8 2013,rst cause:1, boot mode:(3,7)

load 0x4010f000, len 1384, room 16 
tail 8
chksum 0x2d
csum 0x2d
v8b899c12
~ld


6.01
 0h00:03.137 2022/07/04T06:55:35z: DS3231
 0h00:03.152 2022/07/04T06:55:35z: BME280 (0x76)
 0h00:03.166 2022/07/04T06:55:35z: 98:cd:ac:10:f7:ba
 0h00:03.168 2022/07/04T06:55:35z: SSID: USLBM_Guest
 0h00:03.173 2022/07/04T06:55:35z: AP_STAR tmr
 ets Jan  8 2013,rst cause:1, boot mode:(3,7)

load 0x4010f000, len 1384, room 16 
tail 8
chksum 0x2d
csum 0x2d
v8b899c12
~ld


6.01
 0h00:03.101 2022/07/04T07:17:08z: DS3231
 0h00:03.116 2022/07/04T07:17:08z: BME280 (0x76)
 0h00:03.130 2022/07/04T07:17:08z: 98:cd:ac:10:f7:ba
 0h00:03.132 2022/07/04T07:17:08z: SSID: USLBM_Guest
 0h00:03.137 2022/07/04T07:17:08z: AP_STAR tmr
 ets Jan  8 2013,rst cause:1, boot mode:(3,7)

load 0x4010f000, len 1384, room 16 
tail 8
chksum 0x2d
csum 0x2d
v8b899c12
~ld


6.01
 0h00:03.133 2022/07/04T07:38:40z: DS3231
 0h00:03.148 2022/07/04T07:38:40z: BME280 (0x76)
 0h00:03.163 2022/07/04T07:38:40z: 98:cd:ac:10:f7:ba
 0h00:03.164 2022/07/04T07:38:40z: SSID: USLBM_Guest
 0h00:03.169 2022/07/04T07:38:40z: AP_STAR tmr
 ets Jan  8 2013,rst cause:1, boot mode:(3,7)

load 0x4010f000, len 1384, room 16 
tail 8
chksum 0x2d
csum 0x2d
v8b899c12
~ld


6.01
 0h00:03.128 2022/07/04T08:00:14z: DS3231
 0h00:03.143 2022/07/04T08:00:14z: BME280 (0x76)
 0h00:03.157 2022/07/04T08:00:14z: 98:cd:ac:10:f7:ba
 0h00:03.159 2022/07/04T08:00:14z: SSID: USLBM_Guest
 0h00:03.164 2022/07/04T08:00:14z: AP_STAR tmr
 ets Jan  8 2013,rst cause:1, boot mode:(3,7)

load 0x4010f000, len 1384, room 16 
tail 8
chksum 0x2d
csum 0x2d
v8b899c12
~ld


6.01
 0h00:03.132 2022/07/04T08:21:46z: DS3231
 0h00:03.147 2022/07/04T08:21:46z: BME280 (0x76)
 0h00:03.162 2022/07/04T08:21:46z: 98:cd:ac:10:f7:ba
 0h00:03.163 2022/07/04T08:21:46z: SSID: USLBM_Guest
 0h00:03.168 2022/07/04T08:21:46z: AP_STAR tmr
 ets Jan  8 2013,rst cause:1, boot mode:(3,7)

load 0x4010f000, len 1384, room 16 
tail 8
chksum 0x2d
csum 0x2d
v8b899c12
~ld


6.01
 0h00:03.038 2022/07/04T08:43:19z: DS3231
 0h00:03.053 2022/07/04T08:43:19z: BME280 (0x76)
 0h00:03.067 2022/07/04T08:43:19z: 98:cd:ac:10:f7:ba
 0h00:03.069 2022/07/04T08:43:19z: SSID: USLBM_Guest
 0h00:03.074 2022/07/04T08:43:19z: AP_STAR tmr
 ets Jan  8 2013,rst cause:1, boot mode:(3,7)

load 0x4010f000, len 1384, room 16 
tail 8
chksum 0x2d
csum 0x2d
v8b899c12
~ld


6.01
 0h00:03.046 2022/07/04T09:04:52z: DS3231
 0h00:03.061 2022/07/04T09:04:52z: BME280 (0x76)
 0h00:03.075 2022/07/04T09:04:52z: 98:cd:ac:10:f7:ba
 0h00:03.077 2022/07/04T09:04:52z: SSID: USLBM_Guest
 0h00:03.082 2022/07/04T09:04:52z: AP_STAR tmr
 ets Jan  8 2013,rst cause:1, boot mode:(3,7)

load 0x4010f000, len 1384, room 16 
tail 8
chksum 0x2d
csum 0x2d
v8b899c12
~ld


6.01
 0h00:03.088 2022/07/04T09:26:25z: DS3231
 0h00:03.103 2022/07/04T09:26:25z: BME280 (0x76)
 0h00:03.117 2022/07/04T09:26:25z: 98:cd:ac:10:f7:ba
 0h00:03.119 2022/07/04T09:26:25z: SSID: USLBM_Guest
 0h00:03.124 2022/07/04T09:26:25z: AP_STAR tmr
 ets Jan  8 2013,rst cause:1, boot mode:(3,7)

load 0x4010f000, len 1384, room 16 
tail 8
chksum 0x2d
csum 0x2d
v8b899c12
~ld


6.01
 0h00:03.081 2022/07/04T09:47:57z: DS3231
 0h00:03.097 2022/07/04T09:47:57z: BME280 (0x76)
 0h00:03.111 2022/07/04T09:47:57z: 98:cd:ac:10:f7:ba
 0h00:03.113 2022/07/04T09:47:57z: SSID: USLBM_Guest
 0h00:03.118 2022/07/04T09:47:57z: AP_STAR tmr
 ets Jan  8 2013,rst cause:1, boot mode:(3,7)

load 0x4010f000, len 1384, room 16 
tail 8
chksum 0x2d
csum 0x2d
v8b899c12
~ld


6.01
 0h00:03.084 2022/07/04T10:09:30z: DS3231
 0h00:03.099 2022/07/04T10:09:30z: BME280 (0x76)
 0h00:03.113 2022/07/04T10:09:30z: 98:cd:ac:10:f7:ba
 0h00:03.115 2022/07/04T10:09:30z: SSID: USLBM_Guest
 0h00:03.120 2022/07/04T10:09:30z: AP_STAR tmr
 ets Jan  8 2013,rst cause:1, boot mode:(3,7)

load 0x4010f000, len 1384, room 16 
tail 8
chksum 0x2d
csum 0x2d
v8b899c12
~ld


6.01
 0h00:03.079 2022/07/04T10:31:03z: DS3231
 0h00:03.094 2022/07/04T10:31:03z: BME280 (0x76)
 0h00:03.109 2022/07/04T10:31:03z: 98:cd:ac:10:f7:ba
 0h00:03.110 2022/07/04T10:31:03z: SSID: USLBM_Guest
 0h00:03.115 2022/07/04T10:31:03z: AP_STAR tmr
 ets Jan  8 2013,rst cause:1, boot mode:(3,7)

load 0x4010f000, len 1384, room 16 
tail 8
chksum 0x2d
csum 0x2d
v8b899c12
~ld


6.01
 0h00:03.098 2022/07/04T10:52:36z: DS3231
 0h00:03.113 2022/07/04T10:52:36z: BME280 (0x76)
 0h00:03.127 2022/07/04T10:52:36z: 98:cd:ac:10:f7:ba
 0h00:03.129 2022/07/04T10:52:36z: SSID: USLBM_Guest
 0h00:03.134 2022/07/04T10:52:36z: AP_STAR tmr
 ets Jan  8 2013,rst cause:1, boot mode:(3,7)

load 0x4010f000, len 1384, room 16 
tail 8
chksum 0x2d
csum 0x2d
v8b899c12
~ld


6.01
 0h00:03.039 2022/07/04T11:14:10z: DS3231
 0h00:03.054 2022/07/04T11:14:10z: BME280 (0x76)
 0h00:03.068 2022/07/04T11:14:10z: 98:cd:ac:10:f7:ba
 0h00:03.070 2022/07/04T11:14:10z: SSID: USLBM_Guest
 0h00:03.075 2022/07/04T11:14:10z: AP_STAR tmr
 ets Jan  8 2013,rst cause:1, boot mode:(3,7)

load 0x4010f000, len 1384, room 16 
tail 8
chksum 0x2d
csum 0x2d
v8b899c12
~ld


6.01
 0h00:03.040 2022/07/04T11:35:43z: DS3231
 0h00:03.055 2022/07/04T11:35:43z: BME280 (0x76)
 0h00:03.069 2022/07/04T11:35:43z: 98:cd:ac:10:f7:ba
 0h00:03.071 2022/07/04T11:35:43z: SSID: USLBM_Guest
 0h00:03.076 2022/07/04T11:35:43z: AP_STAR tmr
 ets Jan  8 2013,rst cause:1, boot mode:(3,7)

load 0x4010f000, len 1384, room 16 
tail 8
chksum 0x2d
csum 0x2d
v8b899c12
~ld


6.01
 0h00:03.047 2022/07/04T11:57:16z: DS3231
 0h00:03.062 2022/07/04T11:57:16z: BME280 (0x76)
 0h00:03.076 2022/07/04T11:57:16z: 98:cd:ac:10:f7:ba
 0h00:03.078 2022/07/04T11:57:16z: SSID: USLBM_Guest
 0h00:03.083 2022/07/04T11:57:16z: AP_STAR tmr connected clients
R tmr connected clients
R tmr connected clients
R tmr
 ets Jan  8 2013,rst cause:1, boot mode:(3,7)

load 0x4010f000, len 1384, room 16 
tail 8
chksum 0x2d
csum 0x2d
v8b899c12
~ld


6.01
 0h00:03.095 2022/07/04T12:24:48z: DS3231
 0h00:03.110 2022/07/04T12:24:48z: BME280 (0x76)
 0h00:03.124 2022/07/04T12:24:48z: 98:cd:ac:10:f7:ba
 0h00:03.126 2022/07/04T12:24:48z: SSID: USLBM_Guest
 0h00:03.131 2022/07/04T12:24:48z: AP_STAR tmr
 ets Jan  8 2013,rst cause:1, boot mode:(3,7)

load 0x4010f000, len 1384, room 16 
tail 8
chksum 0x2d
csum 0x2d
v8b899c12
~ld


6.01
 0h00:03.100 2022/07/04T12:46:21z: DS3231
 0h00:03.115 2022/07/04T12:46:21z: BME280 (0x76)
 0h00:03.129 2022/07/04T12:46:21z: 98:cd:ac:10:f7:ba
 0h00:03.131 2022/07/04T12:46:21z: SSID: USLBM_Guest
 0h00:03.136 2022/07/04T12:46:21z: AP_STAR tmr
 ets Jan  8 2013,rst cause:1, boot mode:(3,7)

load 0x4010f000, len 1384, room 16 
tail 8
chksum 0x2d
csum 0x2d
v8b899c12
~ld


6.01
 0h00:03.096 2022/07/04T13:07:53z: DS3231
 0h00:03.111 2022/07/04T13:07:53z: BME280 (0x76)
 0h00:03.125 2022/07/04T13:07:53z: 98:cd:ac:10:f7:ba
 0h00:03.127 2022/07/04T13:07:53z: SSID: USLBM_Guest
 0h00:03.132 2022/07/04T13:07:53z: AP_STAR tmr
 ets Jan  8 2013,rst cause:1, boot mode:(3,7)

load 0x4010f000, len 1384, room 16 
tail 8
chksum 0x2d
csum 0x2d
v8b899c12
~ld


6.01
 0h00:03.095 2022/07/04T13:29:26z: DS3231
 0h00:03.110 2022/07/04T13:29:26z: BME280 (0x76)
 0h00:03.125 2022/07/04T13:29:26z: 98:cd:ac:10:f7:ba
 0h00:03.126 2022/07/04T13:29:26z: SSID: USLBM_Guest
 0h00:03.131 2022/07/04T13:29:26z: AP_STAR tmr
 ets Jan  8 2013,rst cause:1, boot mode:(3,7)

load 0x4010f000, len 1384, room 16 
tail 8
chksum 0x2d
csum 0x2d
v8b899c12
~ld


6.01
 0h00:03.038 2022/07/04T13:50:58z: DS3231
 0h00:03.054 2022/07/04T13:50:58z: BME280 (0x76)
 0h00:03.068 2022/07/04T13:50:58z: 98:cd:ac:10:f7:ba
 0h00:03.070 2022/07/04T13:50:58z: SSID: USLBM_Guest
 0h00:03.075 2022/07/04T13:50:58z: AP_STAR tmr
 ets Jan  8 2013,rst cause:1, boot mode:(3,7)

load 0x4010f000, len 1384, room 16 
tail 8
chksum 0x2d
csum 0x2d
v8b899c12
~ld


6.01
 0h00:03.049 2022/07/04T14:12:32z: DS3231
 0h00:03.064 2022/07/04T14:12:32z: BME280 (0x76)
 0h00:03.078 2022/07/04T14:12:32z: 98:cd:ac:10:f7:ba
 0h00:03.080 2022/07/04T14:12:32z: SSID: USLBM_Guest
 0h00:03.085 2022/07/04T14:12:32z: AP_STAR tmr
 ets Jan  8 2013,rst cause:1, boot mode:(3,7)

load 0x4010f000, len 1384, room 16 
tail 8
chksum 0x2d
csum 0x2d
v8b899c12
~ld


6.01
 0h00:03.041 2022/07/04T14:34:05z: DS3231
 0h00:03.057 2022/07/04T14:34:05z: BME280 (0x76)
 0h00:03.071 2022/07/04T14:34:05z: 98:cd:ac:10:f7:ba
 0h00:03.072 2022/07/04T14:34:05z: SSID: USLBM_Guest
 0h00:03.078 2022/07/04T14:34:05z: AP_STAR tmr
 ets Jan  8 2013,rst cause:1, boot mode:(3,7)

load 0x4010f000, len 1384, room 16 
tail 8
chksum 0x2d
csum 0x2d
v8b899c12
~ld


6.01
 0h00:03.046 2022/07/04T14:55:38z: DS3231
 0h00:03.061 2022/07/04T14:55:38z: BME280 (0x76)
 0h00:03.075 2022/07/04T14:55:39z: 98:cd:ac:10:f7:ba
 0h00:03.077 2022/07/04T14:55:39z: SSID: USLBM_Guest
 0h00:03.082 2022/07/04T14:55:39z: AP_STAR tmr
 ets Jan  8 2013,rst cause:1, boot mode:(3,7)

load 0x4010f000, len 1384, room 16 
tail 8
chksum 0x2d
csum 0x2d
v8b899c12
~ld


6.01
 0h00:03.091 2022/07/04T15:17:12z: DS3231
 0h00:03.106 2022/07/04T15:17:12z: BME280 (0x76)
 0h00:03.120 2022/07/04T15:17:12z: 98:cd:ac:10:f7:ba
 0h00:03.122 2022/07/04T15:17:12z: SSID: USLBM_Guest
 0h00:03.127 2022/07/04T15:17:12z: AP_STAR tmr
 ets Jan  8 2013,rst cause:1, boot mode:(3,7)

load 0x4010f000, len 1384, room 16 
tail 8
chksum 0x2d
csum 0x2d
v8b899c12
~ld


6.01
 0h00:03.047 2022/07/04T15:38:45z: DS3231
 0h00:03.062 2022/07/04T15:38:45z: BME280 (0x76)
 0h00:03.076 2022/07/04T15:38:45z: 98:cd:ac:10:f7:ba
 0h00:03.078 2022/07/04T15:38:45z: SSID: USLBM_Guest
 0h00:03.083 2022/07/04T15:38:45z: AP_STAR tmr
 ets Jan  8 2013,rst cause:1, boot mode:(3,7)

load 0x4010f000, len 1384, room 16 
tail 8
chksum 0x2d
csum 0x2d
v8b899c12
~ld


6.01
 0h00:03.085 2022/07/04T16:00:17z: DS3231
 0h00:03.101 2022/07/04T16:00:17z: BME280 (0x76)
 0h00:03.115 2022/07/04T16:00:17z: 98:cd:ac:10:f7:ba
 0h00:03.116 2022/07/04T16:00:17z: SSID: USLBM_Guest
 0h00:03.122 2022/07/04T16:00:17z: AP_STAR tmr
 ets Jan  8 2013,rst cause:1, boot mode:(3,7)

load 0x4010f000, len 1384, room 16 
tail 8
chksum 0x2d
csum 0x2d
v8b899c12
~ld


6.01
 0h00:03.090 2022/07/04T16:21:50z: DS3231
 0h00:03.105 2022/07/04T16:21:50z: BME280 (0x76)
 0h00:03.119 2022/07/04T16:21:50z: 98:cd:ac:10:f7:ba
 0h00:03.121 2022/07/04T16:21:50z: SSID: USLBM_Guest
 0h00:03.126 2022/07/04T16:21:50z: AP_STAR tmr
 ets Jan  8 2013,rst cause:1, boot mode:(3,7)

load 0x4010f000, len 1384, room 16 
tail 8
chksum 0x2d
csum 0x2d
v8b899c12
~ld


6.01
 0h00:03.052 2022/07/04T16:43:23z: DS3231
 0h00:03.067 2022/07/04T16:43:23z: BME280 (0x76)
 0h00:03.082 2022/07/04T16:43:23z: 98:cd:ac:10:f7:ba
 0h00:03.083 2022/07/04T16:43:23z: SSID: USLBM_Guest
 0h00:03.088 2022/07/04T16:43:23z: AP_STAR tmr
 ets Jan  8 2013,rst cause:1, boot mode:(3,7)

load 0x4010f000, len 1384, room 16 
tail 8
chksum 0x2d
csum 0x2d
v8b899c12
~ld


6.01
 0h00:03.159 2022/07/04T17:04:56z: DS3231
 0h00:03.175 2022/07/04T17:04:56z: BME280 (0x76)
 0h00:03.189 2022/07/04T17:04:56z: 98:cd:ac:10:f7:ba
 0h00:03.190 2022/07/04T17:04:56z: SSID: USLBM_Guest
 0h00:03.196 2022/07/04T17:04:56z: AP_STAR tmr
 ets Jan  8 2013,rst cause:1, boot mode:(3,7)

load 0x4010f000, len 1384, room 16 
tail 8
chksum 0x2d
csum 0x2d
v8b899c12
~ld


6.01
 0h00:03.095 2022/07/04T17:26:29z: DS3231
 0h00:03.110 2022/07/04T17:26:29z: BME280 (0x76)
 0h00:03.124 2022/07/04T17:26:29z: 98:cd:ac:10:f7:ba
 0h00:03.126 2022/07/04T17:26:29z: SSID: USLBM_Guest
 0h00:03.131 2022/07/04T17:26:29z: AP_STAR tmr
 ets Jan  8 2013,rst cause:1, boot mode:(3,7)

load 0x4010f000, len 1384, room 16 
tail 8
chksum 0x2d
csum 0x2d
v8b899c12
~ld


6.01
 0h00:03.083 2022/07/04T17:48:01z: DS3231
 0h00:03.098 2022/07/04T17:48:01z: BME280 (0x76)
 0h00:03.113 2022/07/04T17:48:01z: 98:cd:ac:10:f7:ba
 0h00:03.114 2022/07/04T17:48:01z: SSID: USLBM_Guest
 0h00:03.119 2022/07/04T17:48:01z: AP_STAR tmr
 ets Jan  8 2013,rst cause:1, boot mode:(3,7)

load 0x4010f000, len 1384, room 16 
tail 8
chksum 0x2d
csum 0x2d
v8b899c12
~ld


6.01
 0h00:03.086 2022/07/04T18:09:34z: DS3231
 0h00:03.102 2022/07/04T18:09:34z: BME280 (0x76)
 0h00:03.116 2022/07/04T18:09:34z: 98:cd:ac:10:f7:ba
 0h00:03.118 2022/07/04T18:09:34z: SSID: USLBM_Guest
 0h00:03.123 2022/07/04T18:09:34z: AP_STAR tmr
 ets Jan  8 2013,rst cause:1, boot mode:(3,7)

load 0x4010f000, len 1384, room 16 
tail 8
chksum 0x2d
csum 0x2d
v8b899c12
~ld


6.01
 0h00:03.032 2022/07/04T18:31:07z: DS3231
 0h00:03.048 2022/07/04T18:31:08z: BME280 (0x76)
 0h00:03.062 2022/07/04T18:31:08z: 98:cd:ac:10:f7:ba
 0h00:03.063 2022/07/04T18:31:08z: SSID: USLBM_Guest
 0h00:03.069 2022/07/04T18:31:08z: AP_STAR tmr
 ets Jan  8 2013,rst cause:1, boot mode:(3,7)

load 0x4010f000, len 1384, room 16 
tail 8
chksum 0x2d
csum 0x2d
v8b899c12
~ld


6.01
 0h00:03.075 2022/07/04T18:52:40z: DS3231
 0h00:03.090 2022/07/04T18:52:40z: BME280 (0x76)
 0h00:03.105 2022/07/04T18:52:40z: 98:cd:ac:10:f7:ba
 0h00:03.106 2022/07/04T18:52:40z: SSID: USLBM_Guest
 0h00:03.111 2022/07/04T18:52:40z: AP_STAR tmr
 ets Jan  8 2013,rst cause:1, boot mode:(3,7)

load 0x4010f000, len 1384, room 16 
tail 8
chksum 0x2d
csum 0x2d
v8b899c12
~ld


6.01
 0h00:03.135 2022/07/04T19:14:13z: DS3231
 0h00:03.150 2022/07/04T19:14:13z: BME280 (0x76)
 0h00:03.164 2022/07/04T19:14:13z: 98:cd:ac:10:f7:ba
 0h00:03.166 2022/07/04T19:14:13z: SSID: USLBM_Guest
 0h00:03.171 2022/07/04T19:14:13z: AP_STAR tmr
 ets Jan  8 2013,rst cause:1, boot mode:(3,7)

load 0x4010f000, len 1384, room 16 
tail 8
chksum 0x2d
csum 0x2d
v8b899c12
~ld


6.01
 0h00:03.037 2022/07/04T19:35:46z: DS3231
 0h00:03.052 2022/07/04T19:35:46z: BME280 (0x76)
 0h00:03.066 2022/07/04T19:35:46z: 98:cd:ac:10:f7:ba
 0h00:03.068 2022/07/04T19:35:46z: SSID: USLBM_Guest
 0h00:03.073 2022/07/04T19:35:46z: AP_STAR tmr
 ets Jan  8 2013,rst cause:1, boot mode:(3,7)

load 0x4010f000, len 1384, room 16 
tail 8
chksum 0x2d
csum 0x2d
v8b899c12
~ld


6.01
 0h00:03.083 2022/07/04T19:57:19z: DS3231
 0h00:03.098 2022/07/04T19:57:19z: BME280 (0x76)
 0h00:03.112 2022/07/04T19:57:19z: 98:cd:ac:10:f7:ba
 0h00:03.114 2022/07/04T19:57:19z: SSID: USLBM_Guest
 0h00:03.119 2022/07/04T19:57:19z: AP_STAR tmr
 ets Jan  8 2013,rst cause:1, boot mode:(3,7)

load 0x4010f000, len 1384, room 16 
tail 8
chksum 0x2d
csum 0x2d
v8b899c12
~ld


6.01
 0h00:03.040 2022/07/04T20:18:52z: DS3231
 0h00:03.055 2022/07/04T20:18:52z: BME280 (0x76)
 0h00:03.069 2022/07/04T20:18:52z: 98:cd:ac:10:f7:ba
 0h00:03.071 2022/07/04T20:18:52z: SSID: USLBM_Guest
 0h00:03.076 2022/07/04T20:18:52z: AP_STAR tmr
 ets Jan  8 2013,rst cause:1, boot mode:(3,7)

load 0x4010f000, len 1384, room 16 
tail 8
chksum 0x2d
csum 0x2d
v8b899c12
~ld


6.01
 0h00:03.075 2022/07/04T20:40:25z: DS3231
 0h00:03.091 2022/07/04T20:40:25z: BME280 (0x76)
 0h00:03.105 2022/07/04T20:40:25z: 98:cd:ac:10:f7:ba
 0h00:03.107 2022/07/04T20:40:25z: SSID: USLBM_Guest
 0h00:03.112 2022/07/04T20:40:25z: AP_STAR tmr
 ets Jan  8 2013,rst cause:1, boot mode:(3,7)

load 0x4010f000, len 1384, room 16 
tail 8
chksum 0x2d
csum 0x2d
v8b899c12
~ld


6.01
 0h00:03.088 2022/07/04T21:01:58z: DS3231
 0h00:03.103 2022/07/04T21:01:58z: BME280 (0x76)
 0h00:03.117 2022/07/04T21:01:58z: 98:cd:ac:10:f7:ba
 0h00:03.119 2022/07/04T21:01:58z: SSID: USLBM_Guest
 0h00:03.124 2022/07/04T21:01:58z: AP_STAR tmr
 ets Jan  8 2013,rst cause:1, boot mode:(3,7)

load 0x4010f000, len 1384, room 16 
tail 8
chksum 0x2d
csum 0x2d
v8b899c12
~ld


6.01
 0h00:03.035 2022/07/04T21:23:31z: DS3231
 0h00:03.051 2022/07/04T21:23:31z: BME280 (0x76)
 0h00:03.065 2022/07/04T21:23:31z: 98:cd:ac:10:f7:ba
 0h00:03.066 2022/07/04T21:23:31z: SSID: USLBM_Guest
 0h00:03.072 2022/07/04T21:23:31z: AP_STAR tmr
 ets Jan  8 2013,rst cause:1, boot mode:(3,7)

load 0x4010f000, len 1384, room 16 
tail 8
chksum 0x2d
csum 0x2d
v8b899c12
~ld


6.01
 0h00:03.084 2022/07/04T21:45:03z: DS3231
 0h00:03.099 2022/07/04T21:45:03z: BME280 (0x76)
 0h00:03.114 2022/07/04T21:45:03z: 98:cd:ac:10:f7:ba
 0h00:03.115 2022/07/04T21:45:03z: SSID: USLBM_Guest
 0h00:03.120 2022/07/04T21:45:03z: AP_STAR tmr
 ets Jan  8 2013,rst cause:1, boot mode:(3,7)

load 0x4010f000, len 1384, room 16 
tail 8
chksum 0x2d
csum 0x2d
v8b899c12
~ld


6.01
 0h00:03.023 2022/07/04T22:06:37z: DS3231
 0h00:03.039 2022/07/04T22:06:37z: BME280 (0x76)
 0h00:03.053 2022/07/04T22:06:37z: 98:cd:ac:10:f7:ba
 0h00:03.054 2022/07/04T22:06:37z: SSID: USLBM_Guest
 0h00:03.060 2022/07/04T22:06:37z: AP_STAR tmr
 ets Jan  8 2013,rst cause:1, boot mode:(3,7)

load 0x4010f000, len 1384, room 16 
tail 8
chksum 0x2d
csum 0x2d
v8b899c12
~ld


6.01
 0h00:03.091 2022/07/04T22:28:10z: DS3231
 0h00:03.107 2022/07/04T22:28:10z: BME280 (0x76)
 0h00:03.121 2022/07/04T22:28:10z: 98:cd:ac:10:f7:ba
 0h00:03.123 2022/07/04T22:28:10z: SSID: USLBM_Guest
 0h00:03.128 2022/07/04T22:28:10z: AP_STAR tmr
 ets Jan  8 2013,rst cause:1, boot mode:(3,7)

load 0x4010f000, len 1384, room 16 
tail 8
chksum 0x2d
csum 0x2d
v8b899c12
~ld


6.01
 0h00:03.043 2022/07/04T22:49:43z: DS3231
 0h00:03.058 2022/07/04T22:49:43z: BME280 (0x76)
 0h00:03.072 2022/07/04T22:49:43z: 98:cd:ac:10:f7:ba
 0h00:03.074 2022/07/04T22:49:43z: SSID: USLBM_Guest
 0h00:03.079 2022/07/04T22:49:43z: AP_STAR tmr
 ets Jan  8 2013,rst cause:1, boot mode:(3,7)

load 0x4010f000, len 1384, room 16 
tail 8
chksum 0x2d
csum 0x2d
v8b899c12
~ld


6.01
 0h00:03.041 2022/07/04T23:11:16z: DS3231
 0h00:03.056 2022/07/04T23:11:16z: BME280 (0x76)
 0h00:03.070 2022/07/04T23:11:16z: 98:cd:ac:10:f7:ba
 0h00:03.072 2022/07/04T23:11:16z: SSID: USLBM_Guest
 0h00:03.077 2022/07/04T23:11:16z: AP_STAR tmr
 ets Jan  8 2013,rst cause:1, boot mode:(3,7)

load 0x4010f000, len 1384, room 16 
tail 8
chksum 0x2d
csum 0x2d
v8b899c12
~ld


6.01
 0h00:03.136 2022/07/04T23:32:49z: DS3231
 0h00:03.152 2022/07/04T23:32:49z: BME280 (0x76)
 0h00:03.166 2022/07/04T23:32:49z: 98:cd:ac:10:f7:ba
 0h00:03.168 2022/07/04T23:32:49z: SSID: USLBM_Guest
 0h00:03.173 2022/07/04T23:32:49z: AP_STAR tmr
 ets Jan  8 2013,rst cause:1, boot mode:(3,7)

load 0x4010f000, len 1384, room 16 
tail 8
chksum 0x2d
csum 0x2d
v8b899c12
~ld


6.01
 0h00:03.086 2022/07/04T23:54:22z: DS3231
 0h00:03.101 2022/07/04T23:54:22z: BME280 (0x76)
 0h00:03.116 2022/07/04T23:54:22z: 98:cd:ac:10:f7:ba
 0h00:03.117 2022/07/04T23:54:22z: SSID: USLBM_Guest
 0h00:03.123 2022/07/04T23:54:22z: AP_STA