R tmr
 ets Jan  8 2013,rst cause:1, boot mode:(3,7)

load 0x4010f000, len 1384, room 16 
tail 8
chksum 0x2d
csum 0x2d
v8b899c12
~ld


6.01
 0h00:03.143 2022/07/02T00:20:36z: DS3231
 0h00:03.158 2022/07/02T00:20:36z: BME280 (0x76)
 0h00:03.172 2022/07/02T00:20:36z: 98:cd:ac:10:f7:ba
 0h00:03.174 2022/07/02T00:20:36z: SSID: USLBM_Guest
 0h00:03.179 2022/07/02T00:20:36z: AP_STAR tmr
 ets Jan  8 2013,rst cause:1, boot mode:(3,7)

load 0x4010f000, len 1384, room 16 
tail 8
chksum 0x2d
csum 0x2d
v8b899c12
~ld


6.01
 0h00:03.143 2022/07/02T00:42:09z: DS3231
 0h00:03.158 2022/07/02T00:42:09z: BME280 (0x76)
 0h00:03.173 2022/07/02T00:42:09z: 98:cd:ac:10:f7:ba
 0h00:03.174 2022/07/02T00:42:09z: SSID: USLBM_Guest
 0h00:03.179 2022/07/02T00:42:09z: AP_STAR tmr
 ets Jan  8 2013,rst cause:1, boot mode:(3,7)

load 0x4010f000, len 1384, room 16 
tail 8
chksum 0x2d
csum 0x2d
v8b899c12
~ld


6.01
 0h00:03.191 2022/07/02T01:03:42z: DS3231
 0h00:03.207 2022/07/02T01:03:42z: BME280 (0x76)
 0h00:03.221 2022/07/02T01:03:42z: 98:cd:ac:10:f7:ba
 0h00:03.223 2022/07/02T01:03:42z: SSID: USLBM_Guest
 0h00:03.228 2022/07/02T01:03:42z: AP_STAR tmr
 ets Jan  8 2013,rst cause:1, boot mode:(3,7)

load 0x4010f000, len 1384, room 16 
tail 8
chksum 0x2d
csum 0x2d
v8b899c12
~ld


6.01
 0h00:03.077 2022/07/02T01:25:15z: DS3231
 0h00:03.092 2022/07/02T01:25:15z: BME280 (0x76)
 0h00:03.106 2022/07/02T01:25:15z: 98:cd:ac:10:f7:ba
 0h00:03.108 2022/07/02T01:25:15z: SSID: USLBM_Guest
 0h00:03.113 2022/07/02T01:25:15z: AP_STAR tmr
 ets Jan  8 2013,rst cause:1, boot mode:(3,7)

load 0x4010f000, len 1384, room 16 
tail 8
chksum 0x2d
csum 0x2d
v8b899c12
~ld


6.01
 0h00:03.035 2022/07/02T01:46:48z: DS3231
 0h00:03.050 2022/07/02T01:46:48z: BME280 (0x76)
 0h00:03.064 2022/07/02T01:46:48z: 98:cd:ac:10:f7:ba
 0h00:03.066 2022/07/02T01:46:48z: SSID: USLBM_Guest
 0h00:03.071 2022/07/02T01:46:48z: AP_STAR tmr
 ets Jan  8 2013,rst cause:1, boot mode:(3,7)

load 0x4010f000, len 1384, room 16 
tail 8
chksum 0x2d
csum 0x2d
v8b899c12
~ld


6.01
 0h00:03.135 2022/07/02T02:08:20z: DS3231
 0h00:03.151 2022/07/02T02:08:20z: BME280 (0x76)
 0h00:03.165 2022/07/02T02:08:20z: 98:cd:ac:10:f7:ba
 0h00:03.166 2022/07/02T02:08:20z: SSID: USLBM_Guest
 0h00:03.172 2022/07/02T02:08:20z: AP_STAR tmr
 ets Jan  8 2013,rst cause:1, boot mode:(3,7)

load 0x4010f000, len 1384, room 16 
tail 8
chksum 0x2d
csum 0x2d
v8b899c12
~ld


6.01
 0h00:03.091 2022/07/02T02:29:53z: DS3231
 0h00:03.106 2022/07/02T02:29:53z: BME280 (0x76)
 0h00:03.120 2022/07/02T02:29:53z: 98:cd:ac:10:f7:ba
 0h00:03.122 2022/07/02T02:29:53z: SSID: USLBM_Guest
 0h00:03.127 2022/07/02T02:29:53z: AP_STAR tmr
 ets Jan  8 2013,rst cause:1, boot mode:(3,7)

load 0x4010f000, len 1384, room 16 
tail 8
chksum 0x2d
csum 0x2d
v8b899c12
~ld


6.01
 0h00:03.036 2022/07/02T02:51:26z: DS3231
 0h00:03.051 2022/07/02T02:51:26z: BME280 (0x76)
 0h00:03.065 2022/07/02T02:51:26z: 98:cd:ac:10:f7:ba
 0h00:03.067 2022/07/02T02:51:26z: SSID: USLBM_Guest
 0h00:03.072 2022/07/02T02:51:26z: AP_STAR tmr
 ets Jan  8 2013,rst cause:1, boot mode:(3,7)

load 0x4010f000, len 1384, room 16 
tail 8
chksum 0x2d
csum 0x2d
v8b899c12
~ld


6.01
 0h00:03.035 2022/07/02T03:12:58z: DS3231
 0h00:03.050 2022/07/02T03:12:58z: BME280 (0x76)
 0h00:03.065 2022/07/02T03:12:58z: 98:cd:ac:10:f7:ba
 0h00:03.066 2022/07/02T03:12:58z: SSID: USLBM_Guest
 0h00:03.071 2022/07/02T03:12:58z: AP_STAR tmr
 ets Jan  8 2013,rst cause:1, boot mode:(3,7)

load 0x4010f000, len 1384, room 16 
tail 8
chksum 0x2d
csum 0x2d
v8b899c12
~ld


6.01
 0h00:03.080 2022/07/02T03:34:31z: DS3231
 0h00:03.095 2022/07/02T03:34:31z: BME280 (0x76)
 0h00:03.109 2022/07/02T03:34:31z: 98:cd:ac:10:f7:ba
 0h00:03.111 2022/07/02T03:34:31z: SSID: USLBM_Guest
 0h00:03.116 2022/07/02T03:34:31z: AP_STAR tmr
 ets Jan  8 2013,rst cause:1, boot mode:(3,7)

load 0x4010f000, len 1384, room 16 
tail 8
chksum 0x2d
csum 0x2d
v8b899c12
~ld


6.01
 0h00:03.034 2022/07/02T03:56:04z: DS3231
 0h00:03.050 2022/07/02T03:56:04z: BME280 (0x76)
 0h00:03.064 2022/07/02T03:56:04z: 98:cd:ac:10:f7:ba
 0h00:03.065 2022/07/02T03:56:04z: SSID: USLBM_Guest
 0h00:03.071 2022/07/02T03:56:04z: AP_STAR tmr
 ets Jan  8 2013,rst cause:1, boot mode:(3,7)

load 0x4010f000, len 1384, room 16 
tail 8
chksum 0x2d
csum 0x2d
v8b899c12
~ld


6.01
 0h00:03.091 2022/07/02T04:17:36z: DS3231
 0h00:03.106 2022/07/02T04:17:36z: BME280 (0x76)
 0h00:03.121 2022/07/02T04:17:36z: 98:cd:ac:10:f7:ba
 0h00:03.122 2022/07/02T04:17:36z: SSID: USLBM_Guest
 0h00:03.127 2022/07/02T04:17:36z: AP_STAR tmr
 ets Jan  8 2013,rst cause:1, boot mode:(3,7)

load 0x4010f000, len 1384, room 16 
tail 8
chksum 0x2d
csum 0x2d
v8b899c12
~ld


6.01
 0h00:03.078 2022/07/02T04:39:09z: DS3231
 0h00:03.093 2022/07/02T04:39:09z: BME280 (0x76)
 0h00:03.108 2022/07/02T04:39:09z: 98:cd:ac:10:f7:ba
 0h00:03.109 2022/07/02T04:39:09z: SSID: USLBM_Guest
 0h00:03.114 2022/07/02T04:39:09z: AP_STAR tmr
 ets Jan  8 2013,rst cause:1, boot mode:(3,7)

load 0x4010f000, len 1384, room 16 
tail 8
chksum 0x2d
csum 0x2d
v8b899c12
~ld


6.01
 0h00:03.036 2022/07/02T05:00:41z: DS3231
 0h00:03.051 2022/07/02T05:00:41z: BME280 (0x76)
 0h00:03.066 2022/07/02T05:00:41z: 98:cd:ac:10:f7:ba
 0h00:03.067 2022/07/02T05:00:41z: SSID: USLBM_Guest
 0h00:03.072 2022/07/02T05:00:41z: AP_STAR tmr
 ets Jan  8 2013,rst cause:1, boot mode:(3,7)

load 0x4010f000, len 1384, room 16 
tail 8
chksum 0x2d
csum 0x2d
v8b899c12
~ld


6.01
 0h00:03.035 2022/07/02T05:22:14z: DS3231
 0h00:03.050 2022/07/02T05:22:14z: BME280 (0x76)
 0h00:03.064 2022/07/02T05:22:14z: 98:cd:ac:10:f7:ba
 0h00:03.066 2022/07/02T05:22:14z: SSID: USLBM_Guest
 0h00:03.071 2022/07/02T05:22:14z: AP_STAR tmr
 ets Jan  8 2013,rst cause:1, boot mode:(3,7)

load 0x4010f000, len 1384, room 16 
tail 8
chksum 0x2d
csum 0x2d
v8b899c12
~ld


6.01
 0h00:03.077 2022/07/02T05:43:47z: DS3231
 0h00:03.092 2022/07/02T05:43:47z: BME280 (0x76)
 0h00:03.107 2022/07/02T05:43:47z: 98:cd:ac:10:f7:ba
 0h00:03.108 2022/07/02T05:43:47z: SSID: USLBM_Guest
 0h00:03.113 2022/07/02T05:43:47z: AP_STAR tmr
 ets Jan  8 2013,rst cause:1, boot mode:(3,7)

load 0x4010f000, len 1384, room 16 
tail 8
chksum 0x2d
csum 0x2d
v8b899c12
~ld


6.01
 0h00:03.081 2022/07/02T06:05:19z: DS3231
 0h00:03.097 2022/07/02T06:05:19z: BME280 (0x76)
 0h00:03.111 2022/07/02T06:05:19z: 98:cd:ac:10:f7:ba
 0h00:03.112 2022/07/02T06:05:19z: SSID: USLBM_Guest
 0h00:03.118 2022/07/02T06:05:19z: AP_STAR tmr
 ets Jan  8 2013,rst cause:1, boot mode:(3,7)

load 0x4010f000, len 1384, room 16 
tail 8
chksum 0x2d
csum 0x2d
v8b899c12
~ld


6.01
 0h00:03.026 2022/07/02T06:26:52z: DS3231
 0h00:03.042 2022/07/02T06:26:52z: BME280 (0x76)
 0h00:03.056 2022/07/02T06:26:52z: 98:cd:ac:10:f7:ba
 0h00:03.058 2022/07/02T06:26:52z: SSID: USLBM_Guest
 0h00:03.063 2022/07/02T06:26:52z: AP_STAR tmr
 ets Jan  8 2013,rst cause:1, boot mode:(3,7)

load 0x4010f000, len 1384, room 16 
tail 8
chksum 0x2d
csum 0x2d
v8b899c12
~ld


6.01
 0h00:03.137 2022/07/02T06:48:25z: DS3231
 0h00:03.152 2022/07/02T06:48:25z: BME280 (0x76)
 0h00:03.166 2022/07/02T06:48:25z: 98:cd:ac:10:f7:ba
 0h00:03.168 2022/07/02T06:48:25z: SSID: USLBM_Guest
 0h00:03.173 2022/07/02T06:48:25z: AP_STAR tmr
 ets Jan  8 2013,rst cause:1, boot mode:(3,7)

load 0x4010f000, len 1384, room 16 
tail 8
chksum 0x2d
csum 0x2d
v8b899c12
~ld


6.01
 0h00:03.032 2022/07/02T07:09:58z: DS3231
 0h00:03.047 2022/07/02T07:09:58z: BME280 (0x76)
 0h00:03.062 2022/07/02T07:09:58z: 98:cd:ac:10:f7:ba
 0h00:03.063 2022/07/02T07:09:58z: SSID: USLBM_Guest
 0h00:03.068 2022/07/02T07:09:58z: AP_STAR tmr
 ets Jan  8 2013,rst cause:1, boot mode:(3,7)

load 0x4010f000, len 1384, room 16 
tail 8
chksum 0x2d
csum 0x2d
v8b899c12
~ld


6.01
 0h00:03.076 2022/07/02T07:31:30z: DS3231
 0h00:03.092 2022/07/02T07:31:30z: BME280 (0x76)
 0h00:03.106 2022/07/02T07:31:30z: 98:cd:ac:10:f7:ba
 0h00:03.107 2022/07/02T07:31:30z: SSID: USLBM_Guest
 0h00:03.113 2022/07/02T07:31:30z: AP_STAR tmr
 ets Jan  8 2013,rst cause:1, boot mode:(3,7)

load 0x4010f000, len 1384, room 16 
tail 8
chksum 0x2d
csum 0x2d
v8b899c12
~ld


6.01
 0h00:03.076 2022/07/02T07:53:03z: DS3231
 0h00:03.091 2022/07/02T07:53:03z: BME280 (0x76)
 0h00:03.106 2022/07/02T07:53:03z: 98:cd:ac:10:f7:ba
 0h00:03.107 2022/07/02T07:53:03z: SSID: USLBM_Guest
 0h00:03.112 2022/07/02T07:53:03z: AP_STAR tmr
 ets Jan  8 2013,rst cause:1, boot mode:(3,7)

load 0x4010f000, len 1384, room 16 
tail 8
chksum 0x2d
csum 0x2d
v8b899c12
~ld


6.01
 0h00:03.087 2022/07/02T08:14:35z: DS3231
 0h00:03.102 2022/07/02T08:14:35z: BME280 (0x76)
 0h00:03.116 2022/07/02T08:14:36z: 98:cd:ac:10:f7:ba
 0h00:03.118 2022/07/02T08:14:36z: SSID: USLBM_Guest
 0h00:03.123 2022/07/02T08:14:36z: AP_STAR tmr
 ets Jan  8 2013,rst cause:1, boot mode:(3,7)

load 0x4010f000, len 1384, room 16 
tail 8
chksum 0x2d
csum 0x2d
v8b899c12
~ld


6.01
 0h00:03.089 2022/07/02T08:36:09z: DS3231
 0h00:03.104 2022/07/02T08:36:09z: BME280 (0x76)
 0h00:03.118 2022/07/02T08:36:09z: 98:cd:ac:10:f7:ba
 0h00:03.120 2022/07/02T08:36:09z: SSID: USLBM_Guest
 0h00:03.125 2022/07/02T08:36:09z: AP_STAR tmr
 ets Jan  8 2013,rst cause:1, boot mode:(3,7)

load 0x4010f000, len 1384, room 16 
tail 8
chksum 0x2d
csum 0x2d
v8b899c12
~ld


6.01
 0h00:03.126 2022/07/02T08:57:42z: DS3231
 0h00:03.141 2022/07/02T08:57:42z: BME280 (0x76)
 0h00:03.156 2022/07/02T08:57:42z: 98:cd:ac:10:f7:ba
 0h00:03.157 2022/07/02T08:57:42z: SSID: USLBM_Guest
 0h00:03.162 2022/07/02T08:57:42z: AP_STAR tmr
 ets Jan  8 2013,rst cause:1, boot mode:(3,7)

load 0x4010f000, len 1384, room 16 
tail 8
chksum 0x2d
csum 0x2d
v8b899c12
~ld


6.01
 0h00:03.045 2022/07/02T09:19:14z: DS3231
 0h00:03.060 2022/07/02T09:19:14z: BME280 (0x76)
 0h00:03.074 2022/07/02T09:19:14z: 98:cd:ac:10:f7:ba
 0h00:03.076 2022/07/02T09:19:14z: SSID: USLBM_Guest
 0h00:03.081 2022/07/02T09:19:14z: AP_STAR tmr
 ets Jan  8 2013,rst cause:1, boot mode:(3,7)

load 0x4010f000, len 1384, room 16 
tail 8
chksum 0x2d
csum 0x2d
v8b899c12
~ld


6.01
 0h00:03.030 2022/07/02T09:40:46z: DS3231
 0h00:03.045 2022/07/02T09:40:47z: BME280 (0x76)
 0h00:03.059 2022/07/02T09:40:47z: 98:cd:ac:10:f7:ba
 0h00:03.061 2022/07/02T09:40:47z: SSID: USLBM_Guest
 0h00:03.066 2022/07/02T09:40:47z: AP_STAR tmr
 ets Jan  8 2013,rst cause:1, boot mode:(3,7)

load 0x4010f000, len 1384, room 16 
tail 8
chksum 0x2d
csum 0x2d
v8b899c12
~ld


6.01
 0h00:03.039 2022/07/02T10:02:19z: DS3231
 0h00:03.055 2022/07/02T10:02:19z: BME280 (0x76)
 0h00:03.069 2022/07/02T10:02:19z: 98:cd:ac:10:f7:ba
 0h00:03.070 2022/07/02T10:02:19z: SSID: USLBM_Guest
 0h00:03.076 2022/07/02T10:02:19z: AP_STAR tmr
 ets Jan  8 2013,rst cause:1, boot mode:(3,7)

load 0x4010f000, len 1384, room 16 
tail 8
chksum 0x2d
csum 0x2d
v8b899c12
~ld


6.01
 0h00:03.034 2022/07/02T10:23:52z: DS3231
 0h00:03.049 2022/07/02T10:23:52z: BME280 (0x76)
 0h00:03.063 2022/07/02T10:23:52z: 98:cd:ac:10:f7:ba
 0h00:03.065 2022/07/02T10:23:52z: SSID: USLBM_Guest
 0h00:03.070 2022/07/02T10:23:52z: AP_STAR tmr
 ets Jan  8 2013,rst cause:1, boot mode:(3,7)

load 0x4010f000, len 1384, room 16 
tail 8
chksum 0x2d
csum 0x2d
v8b899c12
~ld


6.01
 0h00:03.069 2022/07/02T10:45:26z: DS3231
 0h00:03.084 2022/07/02T10:45:26z: BME280 (0x76)
 0h00:03.098 2022/07/02T10:45:26z: 98:cd:ac:10:f7:ba
 0h00:03.100 2022/07/02T10:45:26z: SSID: USLBM_Guest
 0h00:03.105 2022/07/02T10:45:26z: AP_STAR tmr
 ets Jan  8 2013,rst cause:1, boot mode:(3,7)

load 0x4010f000, len 1384, room 16 
tail 8
chksum 0x2d
csum 0x2d
v8b899c12
~ld


6.01
 0h00:03.086 2022/07/02T11:06:57z: DS3231
 0h00:03.101 2022/07/02T11:06:58z: BME280 (0x76)
 0h00:03.116 2022/07/02T11:06:58z: 98:cd:ac:10:f7:ba
 0h00:03.117 2022/07/02T11:06:58z: SSID: USLBM_Guest
 0h00:03.122 2022/07/02T11:06:58z: AP_STAR tmr
 ets Jan  8 2013,rst cause:1, boot mode:(3,7)

load 0x4010f000, len 1384, room 16 
tail 8
chksum 0x2d
csum 0x2d
v8b899c12
~ld


6.01
 0h00:03.036 2022/07/02T11:28:30z: DS3231
 0h00:03.052 2022/07/02T11:28:30z: BME280 (0x76)
 0h00:03.066 2022/07/02T11:28:30z: 98:cd:ac:10:f7:ba
 0h00:03.068 2022/07/02T11:28:30z: SSID: USLBM_Guest
 0h00:03.073 2022/07/02T11:28:30z: AP_STAR tmr
 ets Jan  8 2013,rst cause:1, boot mode:(3,7)

load 0x4010f000, len 1384, room 16 
tail 8
chksum 0x2d
csum 0x2d
v8b899c12
~ld


6.01
 0h00:03.087 2022/07/02T11:50:03z: DS3231
 0h00:03.102 2022/07/02T11:50:03z: BME280 (0x76)
 0h00:03.116 2022/07/02T11:50:03z: 98:cd:ac:10:f7:ba
 0h00:03.118 2022/07/02T11:50:03z: SSID: USLBM_Guest
 0h00:03.123 2022/07/02T11:50:03z: AP_STAR tmr
 ets Jan  8 2013,rst cause:1, boot mode:(3,7)

load 0x4010f000, len 1384, room 16 
tail 8
chksum 0x2d
csum 0x2d
v8b899c12
~ld


6.01
 0h00:03.037 2022/07/02T12:11:36z: DS3231
 0h00:03.052 2022/07/02T12:11:36z: BME280 (0x76)
 0h00:03.066 2022/07/02T12:11:36z: 98:cd:ac:10:f7:ba
 0h00:03.068 2022/07/02T12:11:36z: SSID: USLBM_Guest
 0h00:03.073 2022/07/02T12:11:36z: AP_STAR tmr
 ets Jan  8 2013,rst cause:1, boot mode:(3,7)

load 0x4010f000, len 1384, room 16 
tail 8
chksum 0x2d
csum 0x2d
v8b899c12
~ld


6.01
 0h00:03.098 2022/07/02T12:33:09z: DS3231
 0h00:03.113 2022/07/02T12:33:09z: BME280 (0x76)
 0h00:03.128 2022/07/02T12:33:09z: 98:cd:ac:10:f7:ba
 0h00:03.129 2022/07/02T12:33:09z: SSID: USLBM_Guest
 0h00:03.134 2022/07/02T12:33:09z: AP_STAR tmr
 ets Jan  8 2013,rst cause:1, boot mode:(3,7)

load 0x4010f000, len 1384, room 16 
tail 8
chksum 0x2d
csum 0x2d
v8b899c12
~ld


6.01
 0h00:03.089 2022/07/02T12:54:42z: DS3231
 0h00:03.105 2022/07/02T12:54:42z: BME280 (0x76)
 0h00:03.119 2022/07/02T12:54:42z: 98:cd:ac:10:f7:ba
 0h00:03.121 2022/07/02T12:54:42z: SSID: USLBM_Guest
 0h00:03.126 2022/07/02T12:54:42z: AP_STAR tmr
 ets Jan  8 2013,rst cause:1, boot mode:(3,7)

load 0x4010f000, len 1384, room 16 
tail 8
chksum 0x2d
csum 0x2d
v8b899c12
~ld


6.01
 0h00:03.139 2022/07/02T13:16:15z: DS3231
 0h00:03.155 2022/07/02T13:16:15z: BME280 (0x76)
 0h00:03.169 2022/07/02T13:16:15z: 98:cd:ac:10:f7:ba
 0h00:03.170 2022/07/02T13:16:15z: SSID: USLBM_Guest
 0h00:03.176 2022/07/02T13:16:15z: AP_STAR tmr
 ets Jan  8 2013,rst cause:1, boot mode:(3,7)

load 0x4010f000, len 1384, room 16 
tail 8
chksum 0x2d
csum 0x2d
v8b899c12
~ld


6.01
 0h00:03.039 2022/07/02T13:37:47z: DS3231
 0h00:03.054 2022/07/02T13:37:47z: BME280 (0x76)
 0h00:03.068 2022/07/02T13:37:47z: 98:cd:ac:10:f7:ba
 0h00:03.070 2022/07/02T13:37:47z: SSID: USLBM_Guest
 0h00:03.075 2022/07/02T13:37:47z: AP_STAR tmr
 ets Jan  8 2013,rst cause:1, boot mode:(3,7)

load 0x4010f000, len 1384, room 16 
tail 8
chksum 0x2d
csum 0x2d
v8b899c12
~ld


6.01
 0h00:03.097 2022/07/02T13:59:19z: DS3231
 0h00:03.112 2022/07/02T13:59:19z: BME280 (0x76)
 0h00:03.127 2022/07/02T13:59:19z: 98:cd:ac:10:f7:ba
 0h00:03.128 2022/07/02T13:59:19z: SSID: USLBM_Guest
 0h00:03.133 2022/07/02T13:59:19z: AP_STAR tmr
 ets Jan  8 2013,rst cause:1, boot mode:(3,7)

load 0x4010f000, len 1384, room 16 
tail 8
chksum 0x2d
csum 0x2d
v8b899c12
~ld


6.01
 0h00:03.038 2022/07/02T14:20:51z: DS3231
 0h00:03.053 2022/07/02T14:20:51z: BME280 (0x76)
 0h00:03.067 2022/07/02T14:20:51z: 98:cd:ac:10:f7:ba
 0h00:03.069 2022/07/02T14:20:51z: SSID: USLBM_Guest
 0h00:03.074 2022/07/02T14:20:51z: AP_STAR tmr
 ets Jan  8 2013,rst cause:1, boot mode:(3,7)

load 0x4010f000, len 1384, room 16 
tail 8
chksum 0x2d
csum 0x2d
v8b899c12
~ld


6.01
 0h00:03.085 2022/07/02T14:42:24z: DS3231
 0h00:03.101 2022/07/02T14:42:24z: BME280 (0x76)
 0h00:03.115 2022/07/02T14:42:24z: 98:cd:ac:10:f7:ba
 0h00:03.117 2022/07/02T14:42:24z: SSID: USLBM_Guest
 0h00:03.122 2022/07/02T14:42:24z: AP_STAR tmr
 ets Jan  8 2013,rst cause:1, boot mode:(3,7)

load 0x4010f000, len 1384, room 16 
tail 8
chksum 0x2d
csum 0x2d
v8b899c12
~ld


6.01
 0h00:03.024 2022/07/02T15:03:56z: DS3231
 0h00:03.040 2022/07/02T15:03:56z: BME280 (0x76)
 0h00:03.054 2022/07/02T15:03:56z: 98:cd:ac:10:f7:ba
 0h00:03.056 2022/07/02T15:03:56z: SSID: USLBM_Guest
 0h00:03.061 2022/07/02T15:03:56z: AP_STAR tmr
 ets Jan  8 2013,rst cause:1, boot mode:(3,7)

load 0x4010f000, len 1384, room 16 
tail 8
chksum 0x2d
csum 0x2d
v8b899c12
~ld


6.01
 0h00:03.036 2022/07/02T15:25:29z: DS3231
 0h00:03.051 2022/07/02T15:25:29z: BME280 (0x76)
 0h00:03.065 2022/07/02T15:25:29z: 98:cd:ac:10:f7:ba
 0h00:03.067 2022/07/02T15:25:29z: SSID: USLBM_Guest
 0h00:03.072 2022/07/02T15:25:29z: AP_STAR tmr
 ets Jan  8 2013,rst cause:1, boot mode:(3,7)

load 0x4010f000, len 1384, room 16 
tail 8
chksum 0x2d
csum 0x2d
v8b899c12
~ld


6.01
 0h00:03.190 2022/07/02T15:47:01z: DS3231
 0h00:03.205 2022/07/02T15:47:01z: BME280 (0x76)
 0h00:03.220 2022/07/02T15:47:01z: 98:cd:ac:10:f7:ba
 0h00:03.221 2022/07/02T15:47:01z: SSID: USLBM_Guest
 0h00:03.226 2022/07/02T15:47:01z: AP_STAR tmr
 ets Jan  8 2013,rst cause:1, boot mode:(3,7)

load 0x4010f000, len 1384, room 16 
tail 8
chksum 0x2d
csum 0x2d
v8b899c12
~ld


6.01
 0h00:03.040 2022/07/02T16:08:34z: DS3231
 0h00:03.056 2022/07/02T16:08:34z: BME280 (0x76)
 0h00:03.070 2022/07/02T16:08:34z: 98:cd:ac:10:f7:ba
 0h00:03.071 2022/07/02T16:08:34z: SSID: USLBM_Guest
 0h00:03.077 2022/07/02T16:08:34z: AP_STAR tmr
 ets Jan  8 2013,rst cause:1, boot mode:(3,7)

load 0x4010f000, len 1384, room 16 
tail 8
chksum 0x2d
csum 0x2d
v8b899c12
~ld


6.01
 0h00:03.087 2022/07/02T16:30:06z: DS3231
 0h00:03.102 2022/07/02T16:30:06z: BME280 (0x76)
 0h00:03.116 2022/07/02T16:30:06z: 98:cd:ac:10:f7:ba
 0h00:03.118 2022/07/02T16:30:06z: SSID: USLBM_Guest
 0h00:03.123 2022/07/02T16:30:06z: AP_STAR tmr
 ets Jan  8 2013,rst cause:1, boot mode:(3,7)

load 0x4010f000, len 1384, room 16 
tail 8
chksum 0x2d
csum 0x2d
v8b899c12
~ld


6.01
 0h00:03.139 2022/07/02T16:51:39z: DS3231
 0h00:03.154 2022/07/02T16:51:39z: BME280 (0x76)
 0h00:03.168 2022/07/02T16:51:39z: 98:cd:ac:10:f7:ba
 0h00:03.170 2022/07/02T16:51:39z: SSID: USLBM_Guest
 0h00:03.175 2022/07/02T16:51:39z: AP_STAR tmr
 ets Jan  8 2013,rst cause:1, boot mode:(3,7)

load 0x4010f000, len 1384, room 16 
tail 8
chksum 0x2d
csum 0x2d
v8b899c12
~ld


6.01
 0h00:03.039 2022/07/02T17:13:12z: DS3231
 0h00:03.054 2022/07/02T17:13:12z: BME280 (0x76)
 0h00:03.069 2022/07/02T17:13:12z: 98:cd:ac:10:f7:ba
 0h00:03.070 2022/07/02T17:13:12z: SSID: USLBM_Guest
 0h00:03.075 2022/07/02T17:13:12z: AP_STAR tmr
 ets Jan  8 2013,rst cause:1, boot mode:(3,7)

load 0x4010f000, len 1384, room 16 
tail 8
chksum 0x2d
csum 0x2d
v8b899c12
~ld


6.01
 0h00:03.146 2022/07/02T17:34:45z: DS3231
 0h00:03.161 2022/07/02T17:34:45z: BME280 (0x76)
 0h00:03.175 2022/07/02T17:34:45z: 98:cd:ac:10:f7:ba
 0h00:03.177 2022/07/02T17:34:45z: SSID: USLBM_Guest
 0h00:03.182 2022/07/02T17:34:45z: AP_STAR tmr
 ets Jan  8 2013,rst cause:1, boot mode:(3,7)

load 0x4010f000, len 1384, room 16 
tail 8
chksum 0x2d
csum 0x2d
v8b899c12
~ld


6.01
 0h00:03.028 2022/07/02T17:56:17z: DS3231
 0h00:03.044 2022/07/02T17:56:17z: BME280 (0x76)
 0h00:03.058 2022/07/02T17:56:17z: 98:cd:ac:10:f7:ba
 0h00:03.060 2022/07/02T17:56:17z: SSID: USLBM_Guest
 0h00:03.065 2022/07/02T17:56:17z: AP_STAR tmr
 ets Jan  8 2013,rst cause:1, boot mode:(3,7)

load 0x4010f000, len 1384, room 16 
tail 8
chksum 0x2d
csum 0x2d
v8b899c12
~ld


6.01
 0h00:03.125 2022/07/02T18:17:50z: DS3231
 0h00:03.141 2022/07/02T18:17:50z: BME280 (0x76)
 0h00:03.155 2022/07/02T18:17:50z: 98:cd:ac:10:f7:ba
 0h00:03.156 2022/07/02T18:17:50z: SSID: USLBM_Guest
 0h00:03.162 2022/07/02T18:17:50z: AP_STAR tmr
 ets Jan  8 2013,rst cause:1, boot mode:(3,7)

load 0x4010f000, len 1384, room 16 
tail 8
chksum 0x2d
csum 0x2d
v8b899c12
~ld


6.01
 0h00:03.079 2022/07/02T18:39:23z: DS3231
 0h00:03.094 2022/07/02T18:39:23z: BME280 (0x76)
 0h00:03.109 2022/07/02T18:39:23z: 98:cd:ac:10:f7:ba
 0h00:03.110 2022/07/02T18:39:23z: SSID: USLBM_Guest
 0h00:03.115 2022/07/02T18:39:23z: AP_STAR tmr
 ets Jan  8 2013,rst cause:1, boot mode:(3,7)

load 0x4010f000, len 1384, room 16 
tail 8
chksum 0x2d
csum 0x2d
v8b899c12
~ld


6.01
 0h00:03.040 2022/07/02T19:00:56z: DS3231
 0h00:03.056 2022/07/02T19:00:56z: BME280 (0x76)
 0h00:03.070 2022/07/02T19:00:56z: 98:cd:ac:10:f7:ba
 0h00:03.071 2022/07/02T19:00:56z: SSID: USLBM_Guest
 0h00:03.077 2022/07/02T19:00:56z: AP_STAR tmr
 ets Jan  8 2013,rst cause:1, boot mode:(3,7)

load 0x4010f000, len 1384, room 16 
tail 8
chksum 0x2d
csum 0x2d
v8b899c12
~ld


6.01
 0h00:03.089 2022/07/02T19:22:28z: DS3231
 0h00:03.104 2022/07/02T19:22:28z: BME280 (0x76)
 0h00:03.118 2022/07/02T19:22:28z: 98:cd:ac:10:f7:ba
 0h00:03.120 2022/07/02T19:22:28z: SSID: USLBM_Guest
 0h00:03.125 2022/07/02T19:22:28z: AP_STAR tmr
 ets Jan  8 2013,rst cause:1, boot mode:(3,7)

load 0x4010f000, len 1384, room 16 
tail 8
chksum 0x2d
csum 0x2d
v8b899c12
~ld


6.01
 0h00:03.143 2022/07/02T19:44:01z: DS3231
 0h00:03.158 2022/07/02T19:44:01z: BME280 (0x76)
 0h00:03.172 2022/07/02T19:44:01z: 98:cd:ac:10:f7:ba
 0h00:03.174 2022/07/02T19:44:01z: SSID: USLBM_Guest
 0h00:03.179 2022/07/02T19:44:01z: AP_STAR tmr
 ets Jan  8 2013,rst cause:1, boot mode:(3,7)

load 0x4010f000, len 1384, room 16 
tail 8
chksum 0x2d
csum 0x2d
v8b899c12
~ld


6.01
 0h00:03.142 2022/07/02T20:05:35z: DS3231
 0h00:03.158 2022/07/02T20:05:35z: BME280 (0x76)
 0h00:03.172 2022/07/02T20:05:35z: 98:cd:ac:10:f7:ba
 0h00:03.173 2022/07/02T20:05:35z: SSID: USLBM_Guest
 0h00:03.179 2022/07/02T20:05:35z: AP_STAR tmr
 ets Jan  8 2013,rst cause:1, boot mode:(3,7)

load 0x4010f000, len 1384, room 16 
tail 8
chksum 0x2d
csum 0x2d
v8b899c12
~ld


6.01
 0h00:03.135 2022/07/02T20:27:08z: DS3231
 0h00:03.151 2022/07/02T20:27:08z: BME280 (0x76)
 0h00:03.165 2022/07/02T20:27:08z: 98:cd:ac:10:f7:ba
 0h00:03.167 2022/07/02T20:27:08z: SSID: USLBM_Guest
 0h00:03.172 2022/07/02T20:27:08z: AP_STAR tmr
 ets Jan  8 2013,rst cause:1, boot mode:(3,7)

load 0x4010f000, len 1384, room 16 
tail 8
chksum 0x2d
csum 0x2d
v8b899c12
~ld


6.01
 0h00:03.091 2022/07/02T20:48:41z: DS3231
 0h00:03.106 2022/07/02T20:48:41z: BME280 (0x76)
 0h00:03.120 2022/07/02T20:48:41z: 98:cd:ac:10:f7:ba
 0h00:03.122 2022/07/02T20:48:41z: SSID: USLBM_Guest
 0h00:03.127 2022/07/02T20:48:41z: AP_STAR tmr
 ets Jan  8 2013,rst cause:1, boot mode:(3,7)

load 0x4010f000, len 1384, room 16 
tail 8
chksum 0x2d
csum 0x2d
v8b899c12
~ld


6.01
 0h00:03.083 2022/07/02T21:10:14z: DS3231
 0h00:03.098 2022/07/02T21:10:14z: BME280 (0x76)
 0h00:03.112 2022/07/02T21:10:14z: 98:cd:ac:10:f7:ba
 0h00:03.114 2022/07/02T21:10:14z: SSID: USLBM_Guest
 0h00:03.119 2022/07/02T21:10:14z: AP_STAR tmr
 ets Jan  8 2013,rst cause:1, boot mode:(3,7)

load 0x4010f000, len 1384, room 16 
tail 8
chksum 0x2d
csum 0x2d
v8b899c12
~ld


6.01
 0h00:03.048 2022/07/02T21:31:47z: DS3231
 0h00:03.063 2022/07/02T21:31:47z: BME280 (0x76)
 0h00:03.078 2022/07/02T21:31:47z: 98:cd:ac:10:f7:ba
 0h00:03.079 2022/07/02T21:31:47z: SSID: USLBM_Guest
 0h00:03.084 2022/07/02T21:31:47z: AP_STAR tmr
 ets Jan  8 2013,rst cause:1, boot mode:(3,7)

load 0x4010f000, len 1384, room 16 
tail 8
chksum 0x2d
csum 0x2d
v8b899c12
~ld


6.01
 0h00:03.089 2022/07/02T21:53:19z: DS3231
 0h00:03.104 2022/07/02T21:53:19z: BME280 (0x76)
 0h00:03.119 2022/07/02T21:53:19z: 98:cd:ac:10:f7:ba
 0h00:03.120 2022/07/02T21:53:19z: SSID: USLBM_Guest
 0h00:03.125 2022/07/02T21:53:19z: AP_STAR tmr
 ets Jan  8 2013,rst cause:1, boot mode:(3,7)

load 0x4010f000, len 1384, room 16 
tail 8
chksum 0x2d
csum 0x2d
v8b899c12
~ld


6.01
 0h00:03.036 2022/07/02T22:14:52z: DS3231
 0h00:03.052 2022/07/02T22:14:52z: BME280 (0x76)
 0h00:03.066 2022/07/02T22:14:52z: 98:cd:ac:10:f7:ba
 0h00:03.068 2022/07/02T22:14:52z: SSID: USLBM_Guest
 0h00:03.073 2022/07/02T22:14:52z: AP_STAR tmr
 ets Jan  8 2013,rst cause:1, boot mode:(3,7)

load 0x4010f000, len 1384, room 16 
tail 8
chksum 0x2d
csum 0x2d
v8b899c12
~ld


6.01
 0h00:03.028 2022/07/02T22:36:25z: DS3231
 0h00:03.043 2022/07/02T22:36:25z: BME280 (0x76)
 0h00:03.057 2022/07/02T22:36:25z: 98:cd:ac:10:f7:ba
 0h00:03.059 2022/07/02T22:36:25z: SSID: USLBM_Guest
 0h00:03.064 2022/07/02T22:36:25z: AP_STAR tmr
 ets Jan  8 2013,rst cause:1, boot mode:(3,7)

load 0x4010f000, len 1384, room 16 
tail 8
chksum 0x2d
csum 0x2d
v8b899c12
~ld


6.01
 0h00:03.076 2022/07/02T22:57:58z: DS3231
 0h00:03.092 2022/07/02T22:57:58z: BME280 (0x76)
 0h00:03.106 2022/07/02T22:57:58z: 98:cd:ac:10:f7:ba
 0h00:03.108 2022/07/02T22:57:58z: SSID: USLBM_Guest
 0h00:03.113 2022/07/02T22:57:58z: AP_STAR tmr
 ets Jan  8 2013,rst cause:1, boot mode:(3,7)

load 0x4010f000, len 1384, room 16 
tail 8
chksum 0x2d
csum 0x2d
v8b899c12
~ld


6.01
 0h00:03.026 2022/07/02T23:19:31z: DS3231
 0h00:03.041 2022/07/02T23:19:31z: BME280 (0x76)
 0h00:03.055 2022/07/02T23:19:31z: 98:cd:ac:10:f7:ba
 0h00:03.057 2022/07/02T23:19:31z: SSID: USLBM_Guest
 0h00:03.062 2022/07/02T23:19:31z: AP_STAR tmr
 ets Jan  8 2013,rst cause:1, boot mode:(3,7)

load 0x4010f000, len 1384, room 16 
tail 8
chksum 0x2d
csum 0x2d
v8b899c12
~ld


6.01
 0h00:03.085 2022/07/02T23:41:03z: DS3231
 0h00:03.101 2022/07/02T23:41:03z: BME280 (0x76)
 0h00:03.115 2022/07/02T23:41:03z: 98:cd:ac:10:f7:ba
 0h00:03.117 2022/07/02T23:41:03z: SSID: USLBM_Guest
 0h00:03.122 2022/07/02T23:41:03z: AP_STA