R tmr
 ets Jan  8 2013,rst cause:1, boot mode:(3,7)

load 0x4010f000, len 1384, room 16 
tail 8
chksum 0x2d
csum 0x2d
v8b899c12
~ld


6.01
 0h00:03.082 2022/07/01T00:16:58z: DS3231
 0h00:03.098 2022/07/01T00:16:58z: BME280 (0x76)
 0h00:03.112 2022/07/01T00:16:58z: 98:cd:ac:10:f7:ba
 0h00:03.113 2022/07/01T00:16:58z: SSID: USLBM_Guest
 0h00:03.119 2022/07/01T00:16:58z: AP_STAR tmr
 ets Jan  8 2013,rst cause:1, boot mode:(3,7)

load 0x4010f000, len 1384, room 16 
tail 8
chksum 0x2d
csum 0x2d
v8b899c12
~ld


6.01
 0h00:03.032 2022/07/01T00:38:31z: DS3231
 0h00:03.047 2022/07/01T00:38:31z: BME280 (0x76)
 0h00:03.061 2022/07/01T00:38:31z: 98:cd:ac:10:f7:ba
 0h00:03.063 2022/07/01T00:38:31z: SSID: USLBM_Guest
 0h00:03.068 2022/07/01T00:38:31z: AP_STAR tmr
 ets Jan  8 2013,rst cause:1, boot mode:(3,7)

load 0x4010f000, len 1384, room 16 
tail 8
chksum 0x2d
csum 0x2d
v8b899c12
~ld


6.01
 0h00:03.035 2022/07/01T01:00:04z: DS3231
 0h00:03.050 2022/07/01T01:00:04z: BME280 (0x76)
 0h00:03.064 2022/07/01T01:00:04z: 98:cd:ac:10:f7:ba
 0h00:03.066 2022/07/01T01:00:04z: SSID: USLBM_Guest
 0h00:03.071 2022/07/01T01:00:04z: AP_STAR tmr
 ets Jan  8 2013,rst cause:1, boot mode:(3,7)

load 0x4010f000, len 1384, room 16 
tail 8
chksum 0x2d
csum 0x2d
v8b899c12
~ld


6.01
 0h00:03.086 2022/07/01T01:21:37z: DS3231
 0h00:03.101 2022/07/01T01:21:37z: BME280 (0x76)
 0h00:03.115 2022/07/01T01:21:37z: 98:cd:ac:10:f7:ba
 0h00:03.117 2022/07/01T01:21:37z: SSID: USLBM_Guest
 0h00:03.122 2022/07/01T01:21:37z: AP_STAR tmr
 ets Jan  8 2013,rst cause:1, boot mode:(3,7)

load 0x4010f000, len 1384, room 16 
tail 8
chksum 0x2d
csum 0x2d
v8b899c12
~ld


6.01
 0h00:03.032 2022/07/01T01:43:10z: DS3231
 0h00:03.048 2022/07/01T01:43:10z: BME280 (0x76)
 0h00:03.062 2022/07/01T01:43:10z: 98:cd:ac:10:f7:ba
 0h00:03.063 2022/07/01T01:43:10z: SSID: USLBM_Guest
 0h00:03.069 2022/07/01T01:43:10z: AP_STAR tmr
 ets Jan  8 2013,rst cause:1, boot mode:(3,7)

load 0x4010f000, len 1384, room 16 
tail 8
chksum 0x2d
csum 0x2d
v8b899c12
~ld


6.01
 0h00:03.074 2022/07/01T02:04:43z: DS3231
 0h00:03.089 2022/07/01T02:04:43z: BME280 (0x76)
 0h00:03.103 2022/07/01T02:04:43z: 98:cd:ac:10:f7:ba
 0h00:03.105 2022/07/01T02:04:43z: SSID: USLBM_Guest
 0h00:03.110 2022/07/01T02:04:43z: AP_STAR tmr
 ets Jan  8 2013,rst cause:1, boot mode:(3,7)

load 0x4010f000, len 1384, room 16 
tail 8
chksum 0x2d
csum 0x2d
v8b899c12
~ld


6.01
 0h00:03.036 2022/07/01T02:26:15z: DS3231
 0h00:03.051 2022/07/01T02:26:15z: BME280 (0x76)
 0h00:03.065 2022/07/01T02:26:15z: 98:cd:ac:10:f7:ba
 0h00:03.067 2022/07/01T02:26:15z: SSID: USLBM_Guest
 0h00:03.072 2022/07/01T02:26:15z: AP_STAR tmr
 ets Jan  8 2013,rst cause:1, boot mode:(3,7)

load 0x4010f000, len 1384, room 16 
tail 8
chksum 0x2d
csum 0x2d
v8b899c12
~ld


6.01
 0h00:03.133 2022/07/01T02:47:48z: DS3231
 0h00:03.148 2022/07/01T02:47:48z: BME280 (0x76)
 0h00:03.163 2022/07/01T02:47:48z: 98:cd:ac:10:f7:ba
 0h00:03.164 2022/07/01T02:47:48z: SSID: USLBM_Guest
 0h00:03.170 2022/07/01T02:47:48z: AP_STAR tmr
 ets Jan  8 2013,rst cause:1, boot mode:(3,7)

load 0x4010f000, len 1384, room 16 
tail 8
chksum 0x2d
csum 0x2d
v8b899c12
~ld


6.01
 0h00:03.077 2022/07/01T03:09:21z: DS3231
 0h00:03.092 2022/07/01T03:09:21z: BME280 (0x76)
 0h00:03.106 2022/07/01T03:09:21z: 98:cd:ac:10:f7:ba
 0h00:03.108 2022/07/01T03:09:21z: SSID: USLBM_Guest
 0h00:03.113 2022/07/01T03:09:21z: AP_STAR tmr
 ets Jan  8 2013,rst cause:1, boot mode:(3,7)

load 0x4010f000, len 1384, room 16 
tail 8
chksum 0x2d
csum 0x2d
v8b899c12
~ld


6.01
 0h00:03.124 2022/07/01T03:30:53z: DS3231
 0h00:03.139 2022/07/01T03:30:53z: BME280 (0x76)
 0h00:03.153 2022/07/01T03:30:53z: 98:cd:ac:10:f7:ba
 0h00:03.155 2022/07/01T03:30:53z: SSID: USLBM_Guest
 0h00:03.160 2022/07/01T03:30:53z: AP_STAR tmr
 ets Jan  8 2013,rst cause:1, boot mode:(3,7)

load 0x4010f000, len 1384, room 16 
tail 8
chksum 0x2d
csum 0x2d
v8b899c12
~ld


6.01
 0h00:03.085 2022/07/01T03:52:27z: DS3231
 0h00:03.100 2022/07/01T03:52:27z: BME280 (0x76)
 0h00:03.115 2022/07/01T03:52:27z: 98:cd:ac:10:f7:ba
 0h00:03.116 2022/07/01T03:52:27z: SSID: USLBM_Guest
 0h00:03.121 2022/07/01T03:52:27z: AP_STAR tmr
 ets Jan  8 2013,rst cause:1, boot mode:(3,7)

load 0x4010f000, len 1384, room 16 
tail 8
chksum 0x2d
csum 0x2d
v8b899c12
~ld


6.01
 0h00:03.021 2022/07/01T04:14:00z: DS3231
 0h00:03.036 2022/07/01T04:14:00z: BME280 (0x76)
 0h00:03.051 2022/07/01T04:14:00z: 98:cd:ac:10:f7:ba
 0h00:03.052 2022/07/01T04:14:00z: SSID: USLBM_Guest
 0h00:03.057 2022/07/01T04:14:00z: AP_STAR tmr
 ets Jan  8 2013,rst cause:1, boot mode:(3,7)

load 0x4010f000, len 1384, room 16 
tail 8
chksum 0x2d
csum 0x2d
v8b899c12
~ld


6.01
 0h00:03.030 2022/07/01T04:35:33z: DS3231
 0h00:03.045 2022/07/01T04:35:33z: BME280 (0x76)
 0h00:03.059 2022/07/01T04:35:33z: 98:cd:ac:10:f7:ba
 0h00:03.061 2022/07/01T04:35:33z: SSID: USLBM_Guest
 0h00:03.066 2022/07/01T04:35:33z: AP_STAR tmr
 ets Jan  8 2013,rst cause:1, boot mode:(3,7)

load 0x4010f000, len 1384, room 16 
tail 8
chksum 0x2d
csum 0x2d
v8b899c12
~ld


6.01
 0h00:03.016 2022/07/01T04:57:07z: DS3231
 0h00:03.031 2022/07/01T04:57:07z: BME280 (0x76)
 0h00:03.045 2022/07/01T04:57:07z: 98:cd:ac:10:f7:ba
 0h00:03.047 2022/07/01T04:57:07z: SSID: USLBM_Guest
 0h00:03.052 2022/07/01T04:57:07z: AP_STAR tmr
 ets Jan  8 2013,rst cause:1, boot mode:(3,7)

load 0x4010f000, len 1384, room 16 
tail 8
chksum 0x2d
csum 0x2d
v8b899c12
~ld


6.01
 0h00:03.036 2022/07/01T05:18:40z: DS3231
 0h00:03.051 2022/07/01T05:18:40z: BME280 (0x76)
 0h00:03.066 2022/07/01T05:18:40z: 98:cd:ac:10:f7:ba
 0h00:03.067 2022/07/01T05:18:40z: SSID: USLBM_Guest
 0h00:03.072 2022/07/01T05:18:40z: AP_STAR tmr
 ets Jan  8 2013,rst cause:1, boot mode:(3,7)

load 0x4010f000, len 1384, room 16 
tail 8
chksum 0x2d
csum 0x2d
v8b899c12
~ld


6.01
 0h00:03.086 2022/07/01T05:40:12z: DS3231
 0h00:03.102 2022/07/01T05:40:12z: BME280 (0x76)
 0h00:03.116 2022/07/01T05:40:12z: 98:cd:ac:10:f7:ba
 0h00:03.118 2022/07/01T05:40:12z: SSID: USLBM_Guest
 0h00:03.123 2022/07/01T05:40:12z: AP_STAR tmr
 ets Jan  8 2013,rst cause:1, boot mode:(3,7)

load 0x4010f000, len 1384, room 16 
tail 8
chksum 0x2d
csum 0x2d
v8b899c12
~ld


6.01
 0h00:03.075 2022/07/01T06:01:45z: DS3231
 0h00:03.090 2022/07/01T06:01:45z: BME280 (0x76)
 0h00:03.104 2022/07/01T06:01:45z: 98:cd:ac:10:f7:ba
 0h00:03.106 2022/07/01T06:01:45z: SSID: USLBM_Guest
 0h00:03.111 2022/07/01T06:01:45z: AP_STAR tmr
 ets Jan  8 2013,rst cause:1, boot mode:(3,7)

load 0x4010f000, len 1384, room 16 
tail 8
chksum 0x2d
csum 0x2d
v8b899c12
~ld


6.01
 0h00:03.031 2022/07/01T06:23:17z: DS3231
 0h00:03.047 2022/07/01T06:23:17z: BME280 (0x76)
 0h00:03.061 2022/07/01T06:23:17z: 98:cd:ac:10:f7:ba
 0h00:03.062 2022/07/01T06:23:17z: SSID: USLBM_Guest
 0h00:03.068 2022/07/01T06:23:17z: AP_STAR tmr
 ets Jan  8 2013,rst cause:1, boot mode:(3,7)

load 0x4010f000, len 1384, room 16 
tail 8
chksum 0x2d
csum 0x2d
v8b899c12
~ld


6.01
 0h00:03.027 2022/07/01T06:44:50z: DS3231
 0h00:03.042 2022/07/01T06:44:50z: BME280 (0x76)
 0h00:03.056 2022/07/01T06:44:50z: 98:cd:ac:10:f7:ba
 0h00:03.058 2022/07/01T06:44:50z: SSID: USLBM_Guest
 0h00:03.063 2022/07/01T06:44:50z: AP_STAR tmr
 ets Jan  8 2013,rst cause:1, boot mode:(3,7)

load 0x4010f000, len 1384, room 16 
tail 8
chksum 0x2d
csum 0x2d
v8b899c12
~ld


6.01
 0h00:03.180 2022/07/01T07:06:23z: DS3231
 0h00:03.196 2022/07/01T07:06:23z: BME280 (0x76)
 0h00:03.210 2022/07/01T07:06:23z: 98:cd:ac:10:f7:ba
 0h00:03.212 2022/07/01T07:06:23z: SSID: USLBM_Guest
 0h00:03.217 2022/07/01T07:06:23z: AP_STAR tmr
 ets Jan  8 2013,rst cause:1, boot mode:(3,7)

load 0x4010f000, len 1384, room 16 
tail 8
chksum 0x2d
csum 0x2d
v8b899c12
~ld


6.01
 0h00:03.044 2022/07/01T07:27:55z: DS3231
 0h00:03.059 2022/07/01T07:27:55z: BME280 (0x76)
 0h00:03.073 2022/07/01T07:27:55z: 98:cd:ac:10:f7:ba
 0h00:03.075 2022/07/01T07:27:55z: SSID: USLBM_Guest
 0h00:03.080 2022/07/01T07:27:55z: AP_STAR tmr
 ets Jan  8 2013,rst cause:1, boot mode:(3,7)

load 0x4010f000, len 1384, room 16 
tail 8
chksum 0x2d
csum 0x2d
v8b899c12
~ld


6.01
 0h00:03.126 2022/07/01T07:49:28z: DS3231
 0h00:03.141 2022/07/01T07:49:28z: BME280 (0x76)
 0h00:03.155 2022/07/01T07:49:28z: 98:cd:ac:10:f7:ba
 0h00:03.157 2022/07/01T07:49:28z: SSID: USLBM_Guest
 0h00:03.162 2022/07/01T07:49:28z: AP_STAR tmr
 ets Jan  8 2013,rst cause:1, boot mode:(3,7)

load 0x4010f000, len 1384, room 16 
tail 8
chksum 0x2d
csum 0x2d
v8b899c12
~ld


6.01
 0h00:03.084 2022/07/01T08:11:01z: DS3231
 0h00:03.099 2022/07/01T08:11:01z: BME280 (0x76)
 0h00:03.113 2022/07/01T08:11:01z: 98:cd:ac:10:f7:ba
 0h00:03.115 2022/07/01T08:11:01z: SSID: USLBM_Guest
 0h00:03.120 2022/07/01T08:11:01z: AP_STAR tmr
 ets Jan  8 2013,rst cause:1, boot mode:(3,7)

load 0x4010f000, len 1384, room 16 
tail 8
chksum 0x2d
csum 0x2d
v8b899c12
~ld


6.01
 0h00:03.082 2022/07/01T08:32:34z: DS3231
 0h00:03.097 2022/07/01T08:32:34z: BME280 (0x76)
 0h00:03.111 2022/07/01T08:32:34z: 98:cd:ac:10:f7:ba
 0h00:03.113 2022/07/01T08:32:34z: SSID: USLBM_Guest
 0h00:03.118 2022/07/01T08:32:34z: AP_STAR tmr
 ets Jan  8 2013,rst cause:1, boot mode:(3,7)

load 0x4010f000, len 1384, room 16 
tail 8
chksum 0x2d
csum 0x2d
v8b899c12
~ld


6.01
 0h00:03.040 2022/07/01T08:54:06z: DS3231
 0h00:03.055 2022/07/01T08:54:06z: BME280 (0x76)
 0h00:03.069 2022/07/01T08:54:06z: 98:cd:ac:10:f7:ba
 0h00:03.071 2022/07/01T08:54:06z: SSID: USLBM_Guest
 0h00:03.076 2022/07/01T08:54:06z: AP_STAR tmr
 ets Jan  8 2013,rst cause:1, boot mode:(3,7)

load 0x4010f000, len 1384, room 16 
tail 8
chksum 0x2d
csum 0x2d
v8b899c12
~ld


6.01
 0h00:03.133 2022/07/01T09:15:39z: DS3231
 0h00:03.148 2022/07/01T09:15:39z: BME280 (0x76)
 0h00:03.162 2022/07/01T09:15:39z: 98:cd:ac:10:f7:ba
 0h00:03.164 2022/07/01T09:15:39z: SSID: USLBM_Guest
 0h00:03.169 2022/07/01T09:15:39z: AP_STAR tmr
 ets Jan  8 2013,rst cause:1, boot mode:(3,7)

load 0x4010f000, len 1384, room 16 
tail 8
chksum 0x2d
csum 0x2d
v8b899c12
~ld


6.01
 0h00:03.084 2022/07/01T09:37:11z: DS3231
 0h00:03.099 2022/07/01T09:37:11z: BME280 (0x76)
 0h00:03.113 2022/07/01T09:37:11z: 98:cd:ac:10:f7:ba
 0h00:03.115 2022/07/01T09:37:11z: SSID: USLBM_Guest
 0h00:03.120 2022/07/01T09:37:11z: AP_STAR tmr
 ets Jan  8 2013,rst cause:1, boot mode:(3,7)

load 0x4010f000, len 1384, room 16 
tail 8
chksum 0x2d
csum 0x2d
v8b899c12
~ld


6.01
 0h00:03.076 2022/07/01T09:58:44z: DS3231
 0h00:03.092 2022/07/01T09:58:44z: BME280 (0x76)
 0h00:03.106 2022/07/01T09:58:44z: 98:cd:ac:10:f7:ba
 0h00:03.108 2022/07/01T09:58:44z: SSID: USLBM_Guest
 0h00:03.113 2022/07/01T09:58:44z: AP_STAR tmr
 ets Jan  8 2013,rst cause:1, boot mode:(3,7)

load 0x4010f000, len 1384, room 16 
tail 8
chksum 0x2d
csum 0x2d
v8b899c12
~ld


6.01
 0h00:03.039 2022/07/01T10:20:17z: DS3231
 0h00:03.054 2022/07/01T10:20:17z: BME280 (0x76)
 0h00:03.068 2022/07/01T10:20:17z: 98:cd:ac:10:f7:ba
 0h00:03.070 2022/07/01T10:20:17z: SSID: USLBM_Guest
 0h00:03.075 2022/07/01T10:20:17z: AP_STAR tmr
 ets Jan  8 2013,rst cause:1, boot mode:(3,7)

load 0x4010f000, len 1384, room 16 
tail 8
chksum 0x2d
csum 0x2d
v8b899c12
~ld


6.01
 0h00:03.084 2022/07/01T10:41:50z: DS3231
 0h00:03.100 2022/07/01T10:41:50z: BME280 (0x76)
 0h00:03.114 2022/07/01T10:41:50z: 98:cd:ac:10:f7:ba
 0h00:03.116 2022/07/01T10:41:50z: SSID: USLBM_Guest
 0h00:03.121 2022/07/01T10:41:50z: AP_STAR tmr
 ets Jan  8 2013,rst cause:1, boot mode:(3,7)

load 0x4010f000, len 1384, room 16 
tail 8
chksum 0x2d
csum 0x2d
v8b899c12
~ld


6.01
 0h00:03.127 2022/07/01T11:03:23z: DS3231
 0h00:03.142 2022/07/01T11:03:23z: BME280 (0x76)
 0h00:03.157 2022/07/01T11:03:23z: 98:cd:ac:10:f7:ba
 0h00:03.158 2022/07/01T11:03:23z: SSID: USLBM_Guest
 0h00:03.163 2022/07/01T11:03:23z: AP_STAR tmr
 ets Jan  8 2013,rst cause:1, boot mode:(3,7)

load 0x4010f000, len 1384, room 16 
tail 8
chksum 0x2d
csum 0x2d
v8b899c12
~ld


6.01
 0h00:03.041 2022/07/01T11:24:55z: DS3231
 0h00:03.056 2022/07/01T11:24:55z: BME280 (0x76)
 0h00:03.071 2022/07/01T11:24:55z: 98:cd:ac:10:f7:ba
 0h00:03.072 2022/07/01T11:24:55z: SSID: USLBM_Guest
 0h00:03.077 2022/07/01T11:24:55z: AP_STAR tmr
 ets Jan  8 2013,rst cause:1, boot mode:(3,7)

load 0x4010f000, len 1384, room 16 
tail 8
chksum 0x2d
csum 0x2d
v8b899c12
~ld


6.01
 0h00:03.032 2022/07/01T11:46:27z: DS3231
 0h00:03.047 2022/07/01T11:46:27z: BME280 (0x76)
 0h00:03.061 2022/07/01T11:46:27z: 98:cd:ac:10:f7:ba
 0h00:03.063 2022/07/01T11:46:27z: SSID: USLBM_Guest
 0h00:03.068 2022/07/01T11:46:27z: AP_STAR tmr
 ets Jan  8 2013,rst cause:1, boot mode:(3,7)

load 0x4010f000, len 1384, room 16 
tail 8
chksum 0x2d
csum 0x2d
v8b899c12
~ld


6.01
 0h00:03.088 2022/07/01T12:08:00z: DS3231
 0h00:03.103 2022/07/01T12:08:00z: BME280 (0x76)
 0h00:03.117 2022/07/01T12:08:00z: 98:cd:ac:10:f7:ba
 0h00:03.119 2022/07/01T12:08:00z: SSID: USLBM_Guest
 0h00:03.124 2022/07/01T12:08:00z: AP_STAR tmr
 ets Jan  8 2013,rst cause:1, boot mode:(3,7)

load 0x4010f000, len 1384, room 16 
tail 8
chksum 0x2d
csum 0x2d
v8b899c12
~ld


6.01
 0h00:03.076 2022/07/01T12:29:33z: DS3231
 0h00:03.091 2022/07/01T12:29:33z: BME280 (0x76)
 0h00:03.105 2022/07/01T12:29:33z: 98:cd:ac:10:f7:ba
 0h00:03.107 2022/07/01T12:29:33z: SSID: USLBM_Guest
 0h00:03.112 2022/07/01T12:29:33z: AP_STAR tmr
 ets Jan  8 2013,rst cause:1, boot mode:(3,7)

load 0x4010f000, len 1384, room 16 
tail 8
chksum 0x2d
csum 0x2d
v8b899c12
~ld


6.01
 0h00:03.086 2022/07/01T12:51:06z: DS3231
 0h00:03.102 2022/07/01T12:51:06z: BME280 (0x76)
 0h00:03.116 2022/07/01T12:51:06z: 98:cd:ac:10:f7:ba
 0h00:03.117 2022/07/01T12:51:06z: SSID: USLBM_Guest
 0h00:03.123 2022/07/01T12:51:06z: AP_STAR tmr
 ets Jan  8 2013,rst cause:1, boot mode:(3,7)

load 0x4010f000, len 1384, room 16 
tail 8
chksum 0x2d
csum 0x2d
v8b899c12
~ld


6.01
 0h00:03.086 2022/07/01T13:12:38z: DS3231
 0h00:03.102 2022/07/01T13:12:38z: BME280 (0x76)
 0h00:03.116 2022/07/01T13:12:38z: 98:cd:ac:10:f7:ba
 0h00:03.118 2022/07/01T13:12:38z: SSID: USLBM_Guest
 0h00:03.123 2022/07/01T13:12:38z: AP_STAR tmr
 ets Jan  8 2013,rst cause:1, boot mode:(3,7)

load 0x4010f000, len 1384, room 16 
tail 8
chksum 0x2d
csum 0x2d
v8b899c12
~ld


6.01
 0h00:03.076 2022/07/01T13:34:11z: DS3231
 0h00:03.091 2022/07/01T13:34:11z: BME280 (0x76)
 0h00:03.105 2022/07/01T13:34:12z: 98:cd:ac:10:f7:ba
 0h00:03.107 2022/07/01T13:34:12z: SSID: USLBM_Guest
 0h00:03.112 2022/07/01T13:34:12z: AP_STAR tmr
 ets Jan  8 2013,rst cause:1, boot mode:(3,7)

load 0x4010f000, len 1384, room 16 
tail 8
chksum 0x2d
csum 0x2d
v8b899c12
~ld


6.01
 0h00:03.130 2022/07/01T13:55:45z: DS3231
 0h00:03.146 2022/07/01T13:55:45z: BME280 (0x76)
 0h00:03.160 2022/07/01T13:55:45z: 98:cd:ac:10:f7:ba
 0h00:03.161 2022/07/01T13:55:45z: SSID: USLBM_Guest
 0h00:03.167 2022/07/01T13:55:45z: AP_STAR tmr
 ets Jan  8 2013,rst cause:1, boot mode:(3,7)

load 0x4010f000, len 1384, room 16 
tail 8
chksum 0x2d
csum 0x2d
v8b899c12
~ld


6.01
 0h00:03.146 2022/07/01T14:17:18z: DS3231
 0h00:03.161 2022/07/01T14:17:18z: BME280 (0x76)
 0h00:03.175 2022/07/01T14:17:18z: 98:cd:ac:10:f7:ba
 0h00:03.177 2022/07/01T14:17:18z: SSID: USLBM_Guest
 0h00:03.182 2022/07/01T14:17:18z: AP_STAR tmr
 ets Jan  8 2013,rst cause:1, boot mode:(3,7)

load 0x4010f000, len 1384, room 16 
tail 8
chksum 0x2d
csum 0x2d
v8b899c12
~ld


6.01
 0h00:03.096 2022/07/01T14:38:51z: DS3231
 0h00:03.111 2022/07/01T14:38:51z: BME280 (0x76)
 0h00:03.125 2022/07/01T14:38:51z: 98:cd:ac:10:f7:ba
 0h00:03.127 2022/07/01T14:38:51z: SSID: USLBM_Guest
 0h00:03.132 2022/07/01T14:38:51z: AP_STAR tmr
 ets Jan  8 2013,rst cause:1, boot mode:(3,7)

load 0x4010f000, len 1384, room 16 
tail 8
chksum 0x2d
csum 0x2d
v8b899c12
~ld


6.01
 0h00:03.046 2022/07/01T15:00:23z: DS3231
 0h00:03.062 2022/07/01T15:00:24z: BME280 (0x76)
 0h00:03.076 2022/07/01T15:00:24z: 98:cd:ac:10:f7:ba
 0h00:03.077 2022/07/01T15:00:24z: SSID: USLBM_Guest
 0h00:03.083 2022/07/01T15:00:24z: AP_STAR tmr
 ets Jan  8 2013,rst cause:1, boot mode:(3,7)

load 0x4010f000, len 1384, room 16 
tail 8
chksum 0x2d
csum 0x2d
v8b899c12
~ld


6.01
 0h00:03.181 2022/07/01T15:21:56z: DS3231
 0h00:03.196 2022/07/01T15:21:56z: BME280 (0x76)
 0h00:03.210 2022/07/01T15:21:56z: 98:cd:ac:10:f7:ba
 0h00:03.212 2022/07/01T15:21:56z: SSID: USLBM_Guest
 0h00:03.217 2022/07/01T15:21:56z: AP_STAR tmr
 ets Jan  8 2013,rst cause:1, boot mode:(3,7)

load 0x4010f000, len 1384, room 16 
tail 8
chksum 0x2d
csum 0x2d
v8b899c12
~ld


6.01
 0h00:03.078 2022/07/01T15:43:29z: DS3231
 0h00:03.094 2022/07/01T15:43:29z: BME280 (0x76)
 0h00:03.108 2022/07/01T15:43:29z: 98:cd:ac:10:f7:ba
 0h00:03.109 2022/07/01T15:43:29z: SSID: USLBM_Guest
 0h00:03.115 2022/07/01T15:43:29z: AP_STAR tmr
 ets Jan  8 2013,rst cause:1, boot mode:(3,7)

load 0x4010f000, len 1384, room 16 
tail 8
chksum 0x2d
csum 0x2d
v8b899c12
~ld


6.01
 0h00:03.031 2022/07/01T16:05:02z: DS3231
 0h00:03.046 2022/07/01T16:05:02z: BME280 (0x76)
 0h00:03.060 2022/07/01T16:05:02z: 98:cd:ac:10:f7:ba
 0h00:03.062 2022/07/01T16:05:02z: SSID: USLBM_Guest
 0h00:03.067 2022/07/01T16:05:02z: AP_STAR tmr
 ets Jan  8 2013,rst cause:1, boot mode:(3,7)

load 0x4010f000, len 1384, room 16 
tail 8
chksum 0x2d
csum 0x2d
v8b899c12
~ld


6.01
 0h00:03.121 2022/07/01T16:26:35z: DS3231
 0h00:03.137 2022/07/01T16:26:35z: BME280 (0x76)
 0h00:03.151 2022/07/01T16:26:35z: 98:cd:ac:10:f7:ba
 0h00:03.153 2022/07/01T16:26:35z: SSID: USLBM_Guest
 0h00:03.158 2022/07/01T16:26:35z: AP_STAR tmr
 ets Jan  8 2013,rst cause:1, boot mode:(3,7)

load 0x4010f000, len 1384, room 16 
tail 8
chksum 0x2d
csum 0x2d
v8b899c12
~ld


6.01
 0h00:03.088 2022/07/01T16:48:09z: DS3231
 0h00:03.103 2022/07/01T16:48:09z: BME280 (0x76)
 0h00:03.118 2022/07/01T16:48:09z: 98:cd:ac:10:f7:ba
 0h00:03.119 2022/07/01T16:48:09z: SSID: USLBM_Guest
 0h00:03.124 2022/07/01T16:48:09z: AP_STAR tmr
 ets Jan  8 2013,rst cause:1, boot mode:(3,7)

load 0x4010f000, len 1384, room 16 
tail 8
chksum 0x2d
csum 0x2d
v8b899c12
~ld


6.01
 0h00:03.023 2022/07/01T17:09:42z: DS3231
 0h00:03.039 2022/07/01T17:09:42z: BME280 (0x76)
 0h00:03.053 2022/07/01T17:09:42z: 98:cd:ac:10:f7:ba
 0h00:03.054 2022/07/01T17:09:42z: SSID: USLBM_Guest
 0h00:03.060 2022/07/01T17:09:42z: AP_STAR tmr
 ets Jan  8 2013,rst cause:1, boot mode:(3,7)

load 0x4010f000, len 1384, room 16 
tail 8
chksum 0x2d
csum 0x2d
v8b899c12
~ld


6.01
 0h00:03.090 2022/07/01T17:31:14z: DS3231
 0h00:03.106 2022/07/01T17:31:14z: BME280 (0x76)
 0h00:03.120 2022/07/01T17:31:14z: 98:cd:ac:10:f7:ba
 0h00:03.121 2022/07/01T17:31:14z: SSID: USLBM_Guest
 0h00:03.127 2022/07/01T17:31:14z: AP_STAR tmr
 ets Jan  8 2013,rst cause:1, boot mode:(3,7)

load 0x4010f000, len 1384, room 16 
tail 8
chksum 0x2d
csum 0x2d
v8b899c12
~ld


6.01
 0h00:03.030 2022/07/01T17:52:47z: DS3231
 0h00:03.045 2022/07/01T17:52:47z: BME280 (0x76)
 0h00:03.060 2022/07/01T17:52:47z: 98:cd:ac:10:f7:ba
 0h00:03.061 2022/07/01T17:52:47z: SSID: USLBM_Guest
 0h00:03.066 2022/07/01T17:52:47z: AP_STAR tmr
 ets Jan  8 2013,rst cause:1, boot mode:(3,7)

load 0x4010f000, len 1384, room 16 
tail 8
chksum 0x2d
csum 0x2d
v8b899c12
~ld


6.01
 0h00:03.081 2022/07/01T18:14:20z: DS3231
 0h00:03.096 2022/07/01T18:14:20z: BME280 (0x76)
 0h00:03.110 2022/07/01T18:14:20z: 98:cd:ac:10:f7:ba
 0h00:03.112 2022/07/01T18:14:20z: SSID: USLBM_Guest
 0h00:03.117 2022/07/01T18:14:20z: AP_STAR tmr
 ets Jan  8 2013,rst cause:1, boot mode:(3,7)

load 0x4010f000, len 1384, room 16 
tail 8
chksum 0x2d
csum 0x2d
v8b899c12
~ld


6.01
 0h00:03.086 2022/07/01T18:35:52z: DS3231
 0h00:03.102 2022/07/01T18:35:52z: BME280 (0x76)
 0h00:03.116 2022/07/01T18:35:52z: 98:cd:ac:10:f7:ba
 0h00:03.117 2022/07/01T18:35:52z: SSID: USLBM_Guest
 0h00:03.123 2022/07/01T18:35:52z: AP_STAR tmr
 ets Jan  8 2013,rst cause:1, boot mode:(3,7)

load 0x4010f000, len 1384, room 16 
tail 8
chksum 0x2d
csum 0x2d
v8b899c12
~ld


6.01
 0h00:03.083 2022/07/01T18:57:25z: DS3231
 0h00:03.099 2022/07/01T18:57:25z: BME280 (0x76)
 0h00:03.113 2022/07/01T18:57:25z: 98:cd:ac:10:f7:ba
 0h00:03.114 2022/07/01T18:57:25z: SSID: USLBM_Guest
 0h00:03.120 2022/07/01T18:57:25z: AP_STAR tmr
 ets Jan  8 2013,rst cause:1, boot mode:(3,7)

load 0x4010f000, len 1384, room 16 
tail 8
chksum 0x2d
csum 0x2d
v8b899c12
~ld


6.01
 0h00:03.091 2022/07/01T19:18:58z: DS3231
 0h00:03.106 2022/07/01T19:18:58z: BME280 (0x76)
 0h00:03.120 2022/07/01T19:18:58z: 98:cd:ac:10:f7:ba
 0h00:03.122 2022/07/01T19:18:58z: SSID: USLBM_Guest
 0h00:03.127 2022/07/01T19:18:58z: AP_STAR tmr
 ets Jan  8 2013,rst cause:1, boot mode:(3,7)

load 0x4010f000, len 1384, room 16 
tail 8
chksum 0x2d
csum 0x2d
v8b899c12
~ld


6.01
 0h00:03.086 2022/07/01T19:40:31z: DS3231
 0h00:03.101 2022/07/01T19:40:31z: BME280 (0x76)
 0h00:03.115 2022/07/01T19:40:31z: 98:cd:ac:10:f7:ba
 0h00:03.117 2022/07/01T19:40:31z: SSID: USLBM_Guest
 0h00:03.122 2022/07/01T19:40:31z: AP_STAR tmr
 ets Jan  8 2013,rst cause:1, boot mode:(3,7)

load 0x4010f000, len 1384, room 16 
tail 8
chksum 0x2d
csum 0x2d
v8b899c12
~ld


6.01
 0h00:03.031 2022/07/01T20:02:04z: DS3231
 0h00:03.046 2022/07/01T20:02:04z: BME280 (0x76)
 0h00:03.060 2022/07/01T20:02:04z: 98:cd:ac:10:f7:ba
 0h00:03.062 2022/07/01T20:02:04z: SSID: USLBM_Guest
 0h00:03.067 2022/07/01T20:02:04z: AP_STAR tmr
 ets Jan  8 2013,rst cause:1, boot mode:(3,7)

load 0x4010f000, len 1384, room 16 
tail 8
chksum 0x2d
csum 0x2d
v8b899c12
~ld


6.01
 0h00:03.136 2022/07/01T20:23:36z: DS3231
 0h00:03.151 2022/07/01T20:23:36z: BME280 (0x76)
 0h00:03.165 2022/07/01T20:23:36z: 98:cd:ac:10:f7:ba
 0h00:03.167 2022/07/01T20:23:36z: SSID: USLBM_Guest
 0h00:03.172 2022/07/01T20:23:36z: AP_STAR tmr
 ets Jan  8 2013,rst cause:1, boot mode:(3,7)

load 0x4010f000, len 1384, room 16 
tail 8
chksum 0x2d
csum 0x2d
v8b899c12
~ld


6.01
 0h00:03.145 2022/07/01T20:45:08z: DS3231
 0h00:03.160 2022/07/01T20:45:08z: BME280 (0x76)
 0h00:03.175 2022/07/01T20:45:08z: 98:cd:ac:10:f7:ba
 0h00:03.176 2022/07/01T20:45:08z: SSID: USLBM_Guest
 0h00:03.182 2022/07/01T20:45:08z: AP_STAR tmr
 ets Jan  8 2013,rst cause:1, boot mode:(3,7)

load 0x4010f000, len 1384, room 16 
tail 8
chksum 0x2d
csum 0x2d
v8b899c12
~ld


6.01
 0h00:03.021 2022/07/01T21:06:41z: DS3231
 0h00:03.036 2022/07/01T21:06:41z: BME280 (0x76)
 0h00:03.050 2022/07/01T21:06:41z: 98:cd:ac:10:f7:ba
 0h00:03.052 2022/07/01T21:06:41z: SSID: USLBM_Guest
 0h00:03.057 2022/07/01T21:06:41z: AP_STAR tmr
 ets Jan  8 2013,rst cause:1, boot mode:(3,7)

load 0x4010f000, len 1384, room 16 
tail 8
chksum 0x2d
csum 0x2d
v8b899c12
~ld


6.01
 0h00:03.044 2022/07/01T21:28:14z: DS3231
 0h00:03.060 2022/07/01T21:28:14z: BME280 (0x76)
 0h00:03.074 2022/07/01T21:28:14z: 98:cd:ac:10:f7:ba
 0h00:03.076 2022/07/01T21:28:14z: SSID: USLBM_Guest
 0h00:03.081 2022/07/01T21:28:14z: AP_STAR tmr
 ets Jan  8 2013,rst cause:1, boot mode:(3,7)

load 0x4010f000, len 1384, room 16 
tail 8
chksum 0x2d
csum 0x2d
v8b899c12
~ld


6.01
 0h00:03.134 2022/07/01T21:49:46z: DS3231
 0h00:03.149 2022/07/01T21:49:46z: BME280 (0x76)
 0h00:03.163 2022/07/01T21:49:46z: 98:cd:ac:10:f7:ba
 0h00:03.165 2022/07/01T21:49:46z: SSID: USLBM_Guest
 0h00:03.170 2022/07/01T21:49:46z: AP_STAR tmr
 ets Jan  8 2013,rst cause:1, boot mode:(3,7)

load 0x4010f000, len 1384, room 16 
tail 8
chksum 0x2d
csum 0x2d
v8b899c12
~ld


6.01
 0h00:03.088 2022/07/01T22:11:19z: DS3231
 0h00:03.103 2022/07/01T22:11:19z: BME280 (0x76)
 0h00:03.118 2022/07/01T22:11:19z: 98:cd:ac:10:f7:ba
 0h00:03.119 2022/07/01T22:11:19z: SSID: USLBM_Guest
 0h00:03.124 2022/07/01T22:11:19z: AP_STAR tmr
 ets Jan  8 2013,rst cause:1, boot mode:(3,7)

load 0x4010f000, len 1384, room 16 
tail 8
chksum 0x2d
csum 0x2d
v8b899c12
~ld


6.01
 0h00:03.034 2022/07/01T22:32:52z: DS3231
 0h00:03.049 2022/07/01T22:32:52z: BME280 (0x76)
 0h00:03.063 2022/07/01T22:32:52z: 98:cd:ac:10:f7:ba
 0h00:03.065 2022/07/01T22:32:52z: SSID: USLBM_Guest
 0h00:03.070 2022/07/01T22:32:52z: AP_STAR tmr
 ets Jan  8 2013,rst cause:1, boot mode:(3,7)

load 0x4010f000, len 1384, room 16 
tail 8
chksum 0x2d
csum 0x2d
v8b899c12
~ld


6.01
 0h00:03.079 2022/07/01T22:54:24z: DS3231
 0h00:03.094 2022/07/01T22:54:24z: BME280 (0x76)
 0h00:03.108 2022/07/01T22:54:24z: 98:cd:ac:10:f7:ba
 0h00:03.110 2022/07/01T22:54:24z: SSID: USLBM_Guest
 0h00:03.115 2022/07/01T22:54:24z: AP_STAR tmr
 ets Jan  8 2013,rst cause:1, boot mode:(3,7)

load 0x4010f000, len 1384, room 16 
tail 8
chksum 0x2d
csum 0x2d
v8b899c12
~ld


6.01
 0h00:03.045 2022/07/01T23:15:57z: DS3231
 0h00:03.060 2022/07/01T23:15:57z: BME280 (0x76)
 0h00:03.074 2022/07/01T23:15:57z: 98:cd:ac:10:f7:ba
 0h00:03.076 2022/07/01T23:15:57z: SSID: USLBM_Guest
 0h00:03.081 2022/07/01T23:15:57z: AP_STAR tmr
 ets Jan  8 2013,rst cause:1, boot mode:(3,7)

load 0x4010f000, len 1384, room 16 
tail 8
chksum 0x2d
csum 0x2d
v8b899c12
~ld


6.01
 0h00:03.033 2022/07/01T23:37:30z: DS3231
 0h00:03.048 2022/07/01T23:37:30z: BME280 (0x76)
 0h00:03.063 2022/07/01T23:37:30z: 98:cd:ac:10:f7:ba
 0h00:03.064 2022/07/01T23:37:30z: SSID: USLBM_Guest
 0h00:03.069 2022/07/01T23:37:30z: AP_STAR tmr
 ets Jan  8 2013,rst cause:1, boot mode:(3,7)

load 0x4010f000, len 1384, room 16 
tail 8
chksum 0x2d
csum 0x2d
v8b899c12
~ld


6.01
 0h00:03.039 2022/07/01T23:59:03z: DS3231
 0h00:03.054 2022/07/01T23:59:03z: BME280 (0x76)
 0h00:03.068 2022/07/01T23:59:03z: 98:cd:ac:10:f7:ba
 0h00:03.070 2022/07/01T23:59:03z: SSID: USLBM_Guest
 0h00:03.075 2022/07/01T23:59:03z: AP_STA