R tmr
 ets Jan  8 2013,rst cause:1, boot mode:(3,3)

load 0x4010f000, len 1384, room 16 
tail 8
chksum 0x2d
csum 0x2d
v8b899c12
~ld


6.01
 0h00:03.070 2022/06/29T00:06:37z: DS3231
 0h00:03.085 2022/06/29T00:06:37z: BME280 (0x76)
 0h00:03.100 2022/06/29T00:06:37z: 98:cd:ac:10:f7:ba
 0h00:03.101 2022/06/29T00:06:37z: SSID: USLBM_Guest
 0h00:03.106 2022/06/29T00:06:37z: AP_STAR tmr
 ets Jan  8 2013,rst cause:1, boot mode:(3,3)

load 0x4010f000, len 1384, room 16 
tail 8
chksum 0x2d
csum 0x2d
v8b899c12
~ld


6.01
 0h00:03.061 2022/06/29T00:28:09z: DS3231
 0h00:03.077 2022/06/29T00:28:09z: BME280 (0x76)
 0h00:03.091 2022/06/29T00:28:09z: 98:cd:ac:10:f7:ba
 0h00:03.092 2022/06/29T00:28:09z: SSID: USLBM_Guest
 0h00:03.098 2022/06/29T00:28:09z: AP_STAR tmr
 ets Jan  8 2013,rst cause:1, boot mode:(3,3)

load 0x4010f000, len 1384, room 16 
tail 8
chksum 0x2d
csum 0x2d
v8b899c12
~ld


6.01
 0h00:03.058 2022/06/29T00:49:42z: DS3231
 0h00:03.073 2022/06/29T00:49:42z: BME280 (0x76)
 0h00:03.087 2022/06/29T00:49:42z: 98:cd:ac:10:f7:ba
 0h00:03.089 2022/06/29T00:49:42z: SSID: USLBM_Guest
 0h00:03.094 2022/06/29T00:49:42z: AP_STAR tmr
 ets Jan  8 2013,rst cause:1, boot mode:(3,3)

load 0x4010f000, len 1384, room 16 
tail 8
chksum 0x2d
csum 0x2d
v8b899c12
~ld


6.01
 0h00:03.017 2022/06/29T01:11:15z: DS3231
 0h00:03.032 2022/06/29T01:11:15z: BME280 (0x76)
 0h00:03.046 2022/06/29T01:11:15z: 98:cd:ac:10:f7:ba
 0h00:03.048 2022/06/29T01:11:15z: SSID: USLBM_Guest
 0h00:03.053 2022/06/29T01:11:15z: AP_STAR tmr
 ets Jan  8 2013,rst cause:1, boot mode:(3,3)

load 0x4010f000, len 1384, room 16 
tail 8
chksum 0x2d
csum 0x2d
v8b899c12
~ld


6.01
 0h00:03.018 2022/06/29T01:32:47z: DS3231
 0h00:03.034 2022/06/29T01:32:47z: BME280 (0x76)
 0h00:03.048 2022/06/29T01:32:47z: 98:cd:ac:10:f7:ba
 0h00:03.050 2022/06/29T01:32:47z: SSID: USLBM_Guest
 0h00:03.055 2022/06/29T01:32:47z: AP_STAR tmr
 ets Jan  8 2013,rst cause:1, boot mode:(3,3)

load 0x4010f000, len 1384, room 16 
tail 8
chksum 0x2d
csum 0x2d
v8b899c12
~ld


6.01
 0h00:03.068 2022/06/29T01:54:20z: DS3231
 0h00:03.083 2022/06/29T01:54:20z: BME280 (0x76)
 0h00:03.097 2022/06/29T01:54:20z: 98:cd:ac:10:f7:ba
 0h00:03.099 2022/06/29T01:54:20z: SSID: USLBM_Guest
 0h00:03.104 2022/06/29T01:54:20z: AP_STAR tmr
 ets Jan  8 2013,rst cause:1, boot mode:(3,3)

load 0x4010f000, len 1384, room 16 
tail 8
chksum 0x2d
csum 0x2d
v8b899c12
~ld


6.01
 0h00:03.066 2022/06/29T02:15:52z: DS3231
 0h00:03.081 2022/06/29T02:15:52z: BME280 (0x76)
 0h00:03.096 2022/06/29T02:15:52z: 98:cd:ac:10:f7:ba
 0h00:03.097 2022/06/29T02:15:52z: SSID: USLBM_Guest
 0h00:03.102 2022/06/29T02:15:52z: AP_STAR tmr
 ets Jan  8 2013,rst cause:1, boot mode:(3,3)

load 0x4010f000, len 1384, room 16 
tail 8
chksum 0x2d
csum 0x2d
v8b899c12
~ld


6.01
 0h00:03.058 2022/06/29T02:37:25z: DS3231
 0h00:03.073 2022/06/29T02:37:25z: BME280 (0x76)
 0h00:03.087 2022/06/29T02:37:25z: 98:cd:ac:10:f7:ba
 0h00:03.089 2022/06/29T02:37:25z: SSID: USLBM_Guest
 0h00:03.094 2022/06/29T02:37:25z: AP_STAR tmr
 ets Jan  8 2013,rst cause:1, boot mode:(3,3)

load 0x4010f000, len 1384, room 16 
tail 8
chksum 0x2d
csum 0x2d
v8b899c12
~ld


6.01
 0h00:03.122 2022/06/29T02:58:57z: DS3231
 0h00:03.137 2022/06/29T02:58:57z: BME280 (0x76)
 0h00:03.151 2022/06/29T02:58:57z: 98:cd:ac:10:f7:ba
 0h00:03.153 2022/06/29T02:58:57z: SSID: USLBM_Guest
 0h00:03.158 2022/06/29T02:58:57z: AP_STAR tmr
 ets Jan  8 2013,rst cause:1, boot mode:(3,3)

load 0x4010f000, len 1384, room 16 
tail 8
chksum 0x2d
csum 0x2d
v8b899c12
~ld


6.01
 0h00:03.057 2022/06/29T03:20:29z: DS3231
 0h00:03.072 2022/06/29T03:20:29z: BME280 (0x76)
 0h00:03.086 2022/06/29T03:20:29z: 98:cd:ac:10:f7:ba
 0h00:03.088 2022/06/29T03:20:29z: SSID: USLBM_Guest
 0h00:03.093 2022/06/29T03:20:29z: AP_STAR tmr
 ets Jan  8 2013,rst cause:1, boot mode:(3,3)

load 0x4010f000, len 1384, room 16 
tail 8
chksum 0x2d
csum 0x2d
v8b899c12
~ld


6.01
 0h00:03.012 2022/06/29T03:42:02z: DS3231
 0h00:03.028 2022/06/29T03:42:02z: BME280 (0x76)
 0h00:03.042 2022/06/29T03:42:02z: 98:cd:ac:10:f7:ba
 0h00:03.043 2022/06/29T03:42:02z: SSID: USLBM_Guest
 0h00:03.049 2022/06/29T03:42:02z: AP_STAR tmr
 ets Jan  8 2013,rst cause:1, boot mode:(3,3)

load 0x4010f000, len 1384, room 16 
tail 8
chksum 0x2d
csum 0x2d
v8b899c12
~ld


6.01
 0h00:03.110 2022/06/29T04:03:34z: DS3231
 0h00:03.125 2022/06/29T04:03:34z: BME280 (0x76)
 0h00:03.140 2022/06/29T04:03:34z: 98:cd:ac:10:f7:ba
 0h00:03.141 2022/06/29T04:03:34z: SSID: USLBM_Guest
 0h00:03.146 2022/06/29T04:03:34z: AP_STAR tmr
 ets Jan  8 2013,rst cause:1, boot mode:(3,3)

load 0x4010f000, len 1384, room 16 
tail 8
chksum 0x2d
csum 0x2d
v8b899c12
~ld


6.01
 0h00:03.111 2022/06/29T04:25:06z: DS3231
 0h00:03.126 2022/06/29T04:25:06z: BME280 (0x76)
 0h00:03.140 2022/06/29T04:25:06z: 98:cd:ac:10:f7:ba
 0h00:03.142 2022/06/29T04:25:06z: SSID: USLBM_Guest
 0h00:03.147 2022/06/29T04:25:06z: AP_STAR tmr
 ets Jan  8 2013,rst cause:1, boot mode:(3,3)

load 0x4010f000, len 1384, room 16 
tail 8
chksum 0x2d
csum 0x2d
v8b899c12
~ld


6.01
 0h00:03.071 2022/06/29T04:46:39z: DS3231
 0h00:03.086 2022/06/29T04:46:39z: BME280 (0x76)
 0h00:03.100 2022/06/29T04:46:39z: 98:cd:ac:10:f7:ba
 0h00:03.102 2022/06/29T04:46:39z: SSID: USLBM_Guest
 0h00:03.107 2022/06/29T04:46:39z: AP_STAR tmr
 ets Jan  8 2013,rst cause:1, boot mode:(3,3)

load 0x4010f000, len 1384, room 16 
tail 8
chksum 0x2d
csum 0x2d
v8b899c12
~ld


6.01
 0h00:03.066 2022/06/29T05:08:12z: DS3231
 0h00:03.082 2022/06/29T05:08:12z: BME280 (0x76)
 0h00:03.096 2022/06/29T05:08:12z: 98:cd:ac:10:f7:ba
 0h00:03.098 2022/06/29T05:08:12z: SSID: USLBM_Guest
 0h00:03.103 2022/06/29T05:08:12z: AP_STAR tmr
 ets Jan  8 2013,rst cause:1, boot mode:(3,3)

load 0x4010f000, len 1384, room 16 
tail 8
chksum 0x2d
csum 0x2d
v8b899c12
~ld


6.01
 0h00:03.066 2022/06/29T05:29:44z: DS3231
 0h00:03.081 2022/06/29T05:29:44z: BME280 (0x76)
 0h00:03.095 2022/06/29T05:29:44z: 98:cd:ac:10:f7:ba
 0h00:03.097 2022/06/29T05:29:44z: SSID: USLBM_Guest
 0h00:03.102 2022/06/29T05:29:44z: AP_STAR tmr
 ets Jan  8 2013,rst cause:1, boot mode:(3,3)

load 0x4010f000, len 1384, room 16 
tail 8
chksum 0x2d
csum 0x2d
v8b899c12
~ld


6.01
 0h00:03.063 2022/06/29T05:51:16z: DS3231
 0h00:03.078 2022/06/29T05:51:16z: BME280 (0x76)
 0h00:03.092 2022/06/29T05:51:16z: 98:cd:ac:10:f7:ba
 0h00:03.094 2022/06/29T05:51:16z: SSID: USLBM_Guest
 0h00:03.099 2022/06/29T05:51:16z: AP_STAR tmr
 ets Jan  8 2013,rst cause:1, boot mode:(3,3)

load 0x4010f000, len 1384, room 16 
tail 8
chksum 0x2d
csum 0x2d
v8b899c12
~ld


6.01
 0h00:03.060 2022/06/29T06:12:50z: DS3231
 0h00:03.075 2022/06/29T06:12:50z: BME280 (0x76)
 0h00:03.089 2022/06/29T06:12:50z: 98:cd:ac:10:f7:ba
 0h00:03.091 2022/06/29T06:12:50z: SSID: USLBM_Guest
 0h00:03.096 2022/06/29T06:12:50z: AP_STAR tmr
 ets Jan  8 2013,rst cause:1, boot mode:(3,3)

load 0x4010f000, len 1384, room 16 
tail 8
chksum 0x2d
csum 0x2d
v8b899c12
~ld


6.01
 0h00:03.075 2022/06/29T06:34:22z: DS3231
 0h00:03.090 2022/06/29T06:34:22z: BME280 (0x76)
 0h00:03.104 2022/06/29T06:34:22z: 98:cd:ac:10:f7:ba
 0h00:03.106 2022/06/29T06:34:22z: SSID: USLBM_Guest
 0h00:03.111 2022/06/29T06:34:22z: AP_STAR tmr
 ets Jan  8 2013,rst cause:1, boot mode:(3,3)

load 0x4010f000, len 1384, room 16 
tail 8
chksum 0x2d
csum 0x2d
v8b899c12
~ld


6.01
 0h00:03.116 2022/06/29T06:55:55z: DS3231
 0h00:03.131 2022/06/29T06:55:55z: BME280 (0x76)
 0h00:03.145 2022/06/29T06:55:55z: 98:cd:ac:10:f7:ba
 0h00:03.147 2022/06/29T06:55:55z: SSID: USLBM_Guest
 0h00:03.152 2022/06/29T06:55:55z: AP_STAR tmr
 ets Jan  8 2013,rst cause:1, boot mode:(3,3)

load 0x4010f000, len 1384, room 16 
tail 8
chksum 0x2d
csum 0x2d
v8b899c12
~ld


6.01
 0h00:03.012 2022/06/29T07:17:28z: DS3231
 0h00:03.027 2022/06/29T07:17:28z: BME280 (0x76)
 0h00:03.042 2022/06/29T07:17:28z: 98:cd:ac:10:f7:ba
 0h00:03.043 2022/06/29T07:17:28z: SSID: USLBM_Guest
 0h00:03.048 2022/06/29T07:17:28z: AP_STAR tmr
 ets Jan  8 2013,rst cause:1, boot mode:(3,3)

load 0x4010f000, len 1384, room 16 
tail 8
chksum 0x2d
csum 0x2d
v8b899c12
~ld


6.01
 0h00:03.065 2022/06/29T07:39:01z: DS3231
 0h00:03.080 2022/06/29T07:39:01z: BME280 (0x76)
 0h00:03.094 2022/06/29T07:39:01z: 98:cd:ac:10:f7:ba
 0h00:03.096 2022/06/29T07:39:01z: SSID: USLBM_Guest
 0h00:03.101 2022/06/29T07:39:01z: AP_STAR tmr
 ets Jan  8 2013,rst cause:1, boot mode:(3,3)

load 0x4010f000, len 1384, room 16 
tail 8
chksum 0x2d
csum 0x2d
v8b899c12
~ld


6.01
 0h00:03.078 2022/06/29T08:00:34z: DS3231
 0h00:03.093 2022/06/29T08:00:34z: BME280 (0x76)
 0h00:03.107 2022/06/29T08:00:34z: 98:cd:ac:10:f7:ba
 0h00:03.109 2022/06/29T08:00:34z: SSID: USLBM_Guest
 0h00:03.114 2022/06/29T08:00:34z: AP_STAR tmr
 ets Jan  8 2013,rst cause:1, boot mode:(3,3)

load 0x4010f000, len 1384, room 16 
tail 8
chksum 0x2d
csum 0x2d
v8b899c12
~ld


6.01
 0h00:03.025 2022/06/29T08:22:06z: DS3231
 0h00:03.040 2022/06/29T08:22:06z: BME280 (0x76)
 0h00:03.054 2022/06/29T08:22:06z: 98:cd:ac:10:f7:ba
 0h00:03.056 2022/06/29T08:22:06z: SSID: USLBM_Guest
 0h00:03.061 2022/06/29T08:22:06z: AP_STAR tmr
 ets Jan  8 2013,rst cause:1, boot mode:(3,3)

load 0x4010f000, len 1384, room 16 
tail 8
chksum 0x2d
csum 0x2d
v8b899c12
~ld


6.01
 0h00:03.070 2022/06/29T08:43:39z: DS3231
 0h00:03.085 2022/06/29T08:43:39z: BME280 (0x76)
 0h00:03.099 2022/06/29T08:43:39z: 98:cd:ac:10:f7:ba
 0h00:03.101 2022/06/29T08:43:39z: SSID: USLBM_Guest
 0h00:03.106 2022/06/29T08:43:39z: AP_STAR tmr
 ets Jan  8 2013,rst cause:1, boot mode:(3,3)

load 0x4010f000, len 1384, room 16 
tail 8
chksum 0x2d
csum 0x2d
v8b899c12
~ld


6.01
 0h00:03.024 2022/06/29T09:05:12z: DS3231
 0h00:03.040 2022/06/29T09:05:12z: BME280 (0x76)
 0h00:03.054 2022/06/29T09:05:12z: 98:cd:ac:10:f7:ba
 0h00:03.056 2022/06/29T09:05:12z: SSID: USLBM_Guest
 0h00:03.061 2022/06/29T09:05:12z: AP_STAR tmr
 ets Jan  8 2013,rst cause:1, boot mode:(3,3)

load 0x4010f000, len 1384, room 16 
tail 8
chksum 0x2d
csum 0x2d
v8b899c12
~ld


6.01
 0h00:03.027 2022/06/29T09:26:44z: DS3231
 0h00:03.042 2022/06/29T09:26:44z: BME280 (0x76)
 0h00:03.056 2022/06/29T09:26:44z: 98:cd:ac:10:f7:ba
 0h00:03.058 2022/06/29T09:26:44z: SSID: USLBM_Guest
 0h00:03.063 2022/06/29T09:26:44z: AP_STAR tmr
 ets Jan  8 2013,rst cause:1, boot mode:(3,3)

load 0x4010f000, len 1384, room 16 
tail 8
chksum 0x2d
csum 0x2d
v8b899c12
~ld


6.01
 0h00:03.078 2022/06/29T09:48:16z: DS3231
 0h00:03.093 2022/06/29T09:48:16z: BME280 (0x76)
 0h00:03.107 2022/06/29T09:48:16z: 98:cd:ac:10:f7:ba
 0h00:03.109 2022/06/29T09:48:16z: SSID: USLBM_Guest
 0h00:03.114 2022/06/29T09:48:16z: AP_STAR tmr
 ets Jan  8 2013,rst cause:1, boot mode:(3,3)

load 0x4010f000, len 1384, room 16 
tail 8
chksum 0x2d
csum 0x2d
v8b899c12
~ld


6.01
 0h00:03.130 2022/06/29T10:09:49z: DS3231
 0h00:03.145 2022/06/29T10:09:49z: BME280 (0x76)
 0h00:03.159 2022/06/29T10:09:49z: 98:cd:ac:10:f7:ba
 0h00:03.161 2022/06/29T10:09:49z: SSID: USLBM_Guest
 0h00:03.166 2022/06/29T10:09:49z: AP_STAR tmr
 ets Jan  8 2013,rst cause:1, boot mode:(3,3)

load 0x4010f000, len 1384, room 16 
tail 8
chksum 0x2d
csum 0x2d
v8b899c12
~ld


6.01
 0h00:03.069 2022/06/29T10:31:22z: DS3231
 0h00:03.084 2022/06/29T10:31:22z: BME280 (0x76)
 0h00:03.098 2022/06/29T10:31:22z: 98:cd:ac:10:f7:ba
 0h00:03.100 2022/06/29T10:31:22z: SSID: USLBM_Guest
 0h00:03.105 2022/06/29T10:31:22z: AP_STAR tmr
 ets Jan  8 2013,rst cause:1, boot mode:(3,3)

load 0x4010f000, len 1384, room 16 
tail 8
chksum 0x2d
csum 0x2d
v8b899c12
~ld


6.01
 0h00:03.026 2022/06/29T10:52:55z: DS3231
 0h00:03.041 2022/06/29T10:52:55z: BME280 (0x76)
 0h00:03.055 2022/06/29T10:52:55z: 98:cd:ac:10:f7:ba
 0h00:03.057 2022/06/29T10:52:55z: SSID: USLBM_Guest
 0h00:03.062 2022/06/29T10:52:55z: AP_STAR tmr
 ets Jan  8 2013,rst cause:1, boot mode:(3,3)

load 0x4010f000, len 1384, room 16 
tail 8
chksum 0x2d
csum 0x2d
v8b899c12
~ld


6.01
 0h00:03.081 2022/06/29T11:14:27z: DS3231
 0h00:03.097 2022/06/29T11:14:27z: BME280 (0x76)
 0h00:03.111 2022/06/29T11:14:27z: 98:cd:ac:10:f7:ba
 0h00:03.113 2022/06/29T11:14:27z: SSID: USLBM_Guest
 0h00:03.118 2022/06/29T11:14:27z: AP_STAR tmr
 ets Jan  8 2013,rst cause:1, boot mode:(3,3)

load 0x4010f000, len 1384, room 16 
tail 8
chksum 0x2d
csum 0x2d
v8b899c12
~ld


6.01
 0h00:03.061 2022/06/29T11:36:00z: DS3231
 0h00:03.076 2022/06/29T11:36:00z: BME280 (0x76)
 0h00:03.090 2022/06/29T11:36:00z: 98:cd:ac:10:f7:ba
 0h00:03.092 2022/06/29T11:36:00z: SSID: USLBM_Guest
 0h00:03.097 2022/06/29T11:36:00z: AP_STAR tmr
 ets Jan  8 2013,rst cause:1, boot mode:(3,3)

load 0x4010f000, len 1384, room 16 
tail 8
chksum 0x2d
csum 0x2d
v8b899c12
~ld


6.01
 0h00:03.112 2022/06/29T11:57:33z: DS3231
 0h00:03.127 2022/06/29T11:57:33z: BME280 (0x76)
 0h00:03.141 2022/06/29T11:57:33z: 98:cd:ac:10:f7:ba
 0h00:03.143 2022/06/29T11:57:33z: SSID: USLBM_Guest
 0h00:03.148 2022/06/29T11:57:33z: AP_STAR tmr
 ets Jan  8 2013,rst cause:1, boot mode:(3,3)

load 0x4010f000, len 1384, room 16 
tail 8
chksum 0x2d
csum 0x2d
v8b899c12
~ld


6.01
 0h00:03.069 2022/06/29T12:19:06z: DS3231
 0h00:03.084 2022/06/29T12:19:06z: BME280 (0x76)
 0h00:03.099 2022/06/29T12:19:06z: 98:cd:ac:10:f7:ba
 0h00:03.100 2022/06/29T12:19:06z: SSID: USLBM_Guest
 0h00:03.105 2022/06/29T12:19:06z: AP_STAR tmr
 ets Jan  8 2013,rst cause:1, boot mode:(3,3)

load 0x4010f000, len 1384, room 16 
tail 8
chksum 0x2d
csum 0x2d
v8b899c12
~ld


6.01
 0h00:03.023 2022/06/29T12:40:38z: DS3231
 0h00:03.039 2022/06/29T12:40:38z: BME280 (0x76)
 0h00:03.053 2022/06/29T12:40:38z: 98:cd:ac:10:f7:ba
 0h00:03.055 2022/06/29T12:40:38z: SSID: USLBM_Guest
 0h00:03.060 2022/06/29T12:40:38z: AP_STAR tmr
 ets Jan  8 2013,rst cause:1, boot mode:(3,3)

load 0x4010f000, len 1384, room 16 
tail 8
chksum 0x2d
csum 0x2d
v8b899c12
~ld


6.01
 0h00:03.020 2022/06/29T13:02:10z: DS3231
 0h00:03.036 2022/06/29T13:02:10z: BME280 (0x76)
 0h00:03.050 2022/06/29T13:02:10z: 98:cd:ac:10:f7:ba
 0h00:03.052 2022/06/29T13:02:10z: SSID: USLBM_Guest
 0h00:03.057 2022/06/29T13:02:10z: AP_STAR tmr
 ets Jan  8 2013,rst cause:1, boot mode:(3,3)

load 0x4010f000, len 1384, room 16 
tail 8
chksum 0x2d
csum 0x2d
v8b899c12
~ld


6.01
 0h00:03.015 2022/06/29T13:23:43z: DS3231
 0h00:03.030 2022/06/29T13:23:43z: BME280 (0x76)
 0h00:03.044 2022/06/29T13:23:43z: 98:cd:ac:10:f7:ba
 0h00:03.046 2022/06/29T13:23:43z: SSID: USLBM_Guest
 0h00:03.051 2022/06/29T13:23:43z: AP_STAR tmr
 ets Jan  8 2013,rst cause:1, boot mode:(3,3)

load 0x4010f000, len 1384, room 16 
tail 8
chksum 0x2d
csum 0x2d
v8b899c12
~ld


6.01
 0h00:03.127 2022/06/29T13:45:15z: DS3231
 0h00:03.142 2022/06/29T13:45:15z: BME280 (0x76)
 0h00:03.157 2022/06/29T13:45:15z: 98:cd:ac:10:f7:ba
 0h00:03.158 2022/06/29T13:45:15z: SSID: USLBM_Guest
 0h00:03.163 2022/06/29T13:45:15z: AP_STAR tmr
 ets Jan  8 2013,rst cause:1, boot mode:(3,3)

load 0x4010f000, len 1384, room 16 
tail 8
chksum 0x2d
csum 0x2d
v8b899c12
~ld


6.01
 0h00:03.027 2022/06/29T14:06:47z: DS3231
 0h00:03.042 2022/06/29T14:06:47z: BME280 (0x76)
 0h00:03.056 2022/06/29T14:06:47z: 98:cd:ac:10:f7:ba
 0h00:03.058 2022/06/29T14:06:47z: SSID: USLBM_Guest
 0h00:03.063 2022/06/29T14:06:47z: AP_STAR tmr
 ets Jan  8 2013,rst cause:1, boot mode:(3,3)

load 0x4010f000, len 1384, room 16 
tail 8
chksum 0x2d
csum 0x2d
v8b899c12
~ld


6.01
 0h00:03.079 2022/06/29T14:28:19z: DS3231
 0h00:03.094 2022/06/29T14:28:19z: BME280 (0x76)
 0h00:03.109 2022/06/29T14:28:19z: 98:cd:ac:10:f7:ba
 0h00:03.110 2022/06/29T14:28:19z: SSID: USLBM_Guest
 0h00:03.115 2022/06/29T14:28:19z: AP_STAR tmr
 ets Jan  8 2013,rst cause:1, boot mode:(3,3)

load 0x4010f000, len 1384, room 16 
tail 8
chksum 0x2d
csum 0x2d
v8b899c12
~ld


6.01
 0h00:03.082 2022/06/29T14:49:52z: DS3231
 0h00:03.097 2022/06/29T14:49:52z: BME280 (0x76)
 0h00:03.111 2022/06/29T14:49:52z: 98:cd:ac:10:f7:ba
 0h00:03.113 2022/06/29T14:49:52z: SSID: USLBM_Guest
 0h00:03.118 2022/06/29T14:49:52z: AP_STAR tmr
 ets Jan  8 2013,rst cause:1, boot mode:(3,3)

load 0x4010f000, len 1384, room 16 
tail 8
chksum 0x2d
csum 0x2d
v8b899c12
~ld


6.01
 0h00:03.120 2022/06/29T15:11:24z: DS3231
 0h00:03.135 2022/06/29T15:11:24z: BME280 (0x76)
 0h00:03.149 2022/06/29T15:11:24z: 98:cd:ac:10:f7:ba
 0h00:03.151 2022/06/29T15:11:24z: SSID: USLBM_Guest
 0h00:03.156 2022/06/29T15:11:24z: AP_STAR tmr
 ets Jan  8 2013,rst cause:1, boot mode:(3,3)

load 0x4010f000, len 1384, room 16 
tail 8
chksum 0x2d
csum 0x2d
v8b899c12
~ld


6.01
 0h00:03.072 2022/06/29T15:32:57z: DS3231
 0h00:03.088 2022/06/29T15:32:57z: BME280 (0x76)
 0h00:03.102 2022/06/29T15:32:57z: 98:cd:ac:10:f7:ba
 0h00:03.104 2022/06/29T15:32:57z: SSID: USLBM_Guest
 0h00:03.109 2022/06/29T15:32:57z: AP_STAR tmr
 ets Jan  8 2013,rst cause:1, boot mode:(3,3)

load 0x4010f000, len 1384, room 16 
tail 8
chksum 0x2d
csum 0x2d
v8b899c12
~ld


6.01
 0h00:03.027 2022/06/29T15:54:29z: DS3231
 0h00:03.043 2022/06/29T15:54:29z: BME280 (0x76)
 0h00:03.057 2022/06/29T15:54:29z: 98:cd:ac:10:f7:ba
 0h00:03.058 2022/06/29T15:54:29z: SSID: USLBM_Guest
 0h00:03.064 2022/06/29T15:54:29z: AP_STAR tmr
 ets Jan  8 2013,rst cause:1, boot mode:(3,3)

load 0x4010f000, len 1384, room 16 
tail 8
chksum 0x2d
csum 0x2d
v8b899c12
~ld


6.01
 0h00:03.073 2022/06/29T16:16:01z: DS3231
 0h00:03.088 2022/06/29T16:16:01z: BME280 (0x76)
 0h00:03.102 2022/06/29T16:16:01z: 98:cd:ac:10:f7:ba
 0h00:03.104 2022/06/29T16:16:01z: SSID: USLBM_Guest
 0h00:03.109 2022/06/29T16:16:01z: AP_STAR tmr
 ets Jan  8 2013,rst cause:1, boot mode:(3,3)

load 0x4010f000, len 1384, room 16 
tail 8
chksum 0x2d
csum 0x2d
v8b899c12
~ld


6.01
 0h00:03.163 2022/06/29T16:37:33z: DS3231
 0h00:03.178 2022/06/29T16:37:33z: BME280 (0x76)
 0h00:03.193 2022/06/29T16:37:33z: 98:cd:ac:10:f7:ba
 0h00:03.194 2022/06/29T16:37:33z: SSID: USLBM_Guest
 0h00:03.199 2022/06/29T16:37:33z: AP_STAR tmr
 ets Jan  8 2013,rst cause:1, boot mode:(3,3)

load 0x4010f000, len 1384, room 16 
tail 8
chksum 0x2d
csum 0x2d
v8b899c12
~ld


6.01
 0h00:03.079 2022/06/29T16:59:06z: DS3231
 0h00:03.094 2022/06/29T16:59:06z: BME280 (0x76)
 0h00:03.108 2022/06/29T16:59:06z: 98:cd:ac:10:f7:ba
 0h00:03.110 2022/06/29T16:59:06z: SSID: USLBM_Guest
 0h00:03.115 2022/06/29T16:59:06z: AP_STAR tmr
 ets Jan  8 2013,rst cause:1, boot mode:(3,3)

load 0x4010f000, len 1384, room 16 
tail 8
chksum 0x2d
csum 0x2d
v8b899c12
~ld


6.01
 0h00:03.025 2022/06/29T17:20:39z: DS3231
 0h00:03.040 2022/06/29T17:20:39z: BME280 (0x76)
 0h00:03.054 2022/06/29T17:20:39z: 98:cd:ac:10:f7:ba
 0h00:03.056 2022/06/29T17:20:39z: SSID: USLBM_Guest
 0h00:03.061 2022/06/29T17:20:39z: AP_STAR tmr
 ets Jan  8 2013,rst cause:1, boot mode:(3,3)

load 0x4010f000, len 1384, room 16 
tail 8
chksum 0x2d
csum 0x2d
v8b899c12
~ld


6.01
 0h00:03.115 2022/06/29T17:42:12z: DS3231
 0h00:03.130 2022/06/29T17:42:12z: BME280 (0x76)
 0h00:03.144 2022/06/29T17:42:12z: 98:cd:ac:10:f7:ba
 0h00:03.146 2022/06/29T17:42:12z: SSID: USLBM_Guest
 0h00:03.151 2022/06/29T17:42:12z: AP_STAR tmr connected clients
R tmr connected clients
R tmr connected clients
R tmr
 ets Jan  8 2013,rst cause:1, boot mode:(3,7)

load 0x4010f000, len 1384, room 16 
tail 8
chksum 0x2d
csum 0x2d
v8b899c12
~ld


6.01
 0h00:03.118 2022/06/29T18:50:17z: DS3231
 0h00:03.133 2022/06/29T18:50:17z: BME280 (0x76)
 0h00:03.147 2022/06/29T18:50:17z: 98:cd:ac:10:f7:ba
 0h00:03.149 2022/06/29T18:50:17z: SSID: USLBM_Guest
 0h00:03.154 2022/06/29T18:50:17z: AP_STAR tmr
 ets Jan  8 2013,rst cause:1, boot mode:(3,7)

load 0x4010f000, len 1384, room 16 
tail 8
chksum 0x2d
csum 0x2d
v8b899c12
~ld


6.01
 0h00:03.119 2022/06/29T19:11:50z: DS3231
 0h00:03.134 2022/06/29T19:11:50z: BME280 (0x76)
 0h00:03.148 2022/06/29T19:11:50z: 98:cd:ac:10:f7:ba
 0h00:03.150 2022/06/29T19:11:50z: SSID: USLBM_Guest
 0h00:03.155 2022/06/29T19:11:50z: AP_STAR tmr
 ets Jan  8 2013,rst cause:1, boot mode:(3,7)

load 0x4010f000, len 1384, room 16 
tail 8
chksum 0x2d
csum 0x2d
v8b899c12
~ld


6.01
 0h00:03.064 2022/06/29T19:33:23z: DS3231
 0h00:03.079 2022/06/29T19:33:23z: BME280 (0x76)
 0h00:03.093 2022/06/29T19:33:23z: 98:cd:ac:10:f7:ba
 0h00:03.095 2022/06/29T19:33:23z: SSID: USLBM_Guest
 0h00:03.100 2022/06/29T19:33:23z: AP_STAR tmr
 ets Jan  8 2013,rst cause:1, boot mode:(3,7)

load 0x4010f000, len 1384, room 16 
tail 8
chksum 0x2d
csum 0x2d
v8b899c12
~ld


6.01
 0h00:03.133 2022/06/29T19:54:55z: DS3231
 0h00:03.148 2022/06/29T19:54:55z: BME280 (0x76)
 0h00:03.162 2022/06/29T19:54:55z: 98:cd:ac:10:f7:ba
 0h00:03.164 2022/06/29T19:54:55z: SSID: USLBM_Guest
 0h00:03.169 2022/06/29T19:54:55z: AP_STAR tmr
 ets Jan  8 2013,rst cause:1, boot mode:(3,7)

load 0x4010f000, len 1384, room 16 
tail 8
chksum 0x2d
csum 0x2d
v8b899c12
~ld


6.01
 0h00:03.029 2022/06/29T20:16:28z: DS3231
 0h00:03.045 2022/06/29T20:16:28z: BME280 (0x76)
 0h00:03.059 2022/06/29T20:16:28z: 98:cd:ac:10:f7:ba
 0h00:03.061 2022/06/29T20:16:28z: SSID: USLBM_Guest
 0h00:03.066 2022/06/29T20:16:28z: AP_STAR tmr
 ets Jan  8 2013,rst cause:1, boot mode:(3,7)

load 0x4010f000, len 1384, room 16 
tail 8
chksum 0x2d
csum 0x2d
v8b899c12
~ld


6.01
 0h00:03.068 2022/06/29T20:38:01z: DS3231
 0h00:03.083 2022/06/29T20:38:01z: BME280 (0x76)
 0h00:03.097 2022/06/29T20:38:01z: 98:cd:ac:10:f7:ba
 0h00:03.099 2022/06/29T20:38:01z: SSID: USLBM_Guest
 0h00:03.104 2022/06/29T20:38:01z: AP_STAR tmr
 ets Jan  8 2013,rst cause:1, boot mode:(3,7)

load 0x4010f000, len 1384, room 16 
tail 8
chksum 0x2d
csum 0x2d
v8b899c12
~ld


6.01
 0h00:03.072 2022/06/29T20:59:35z: DS3231
 0h00:03.087 2022/06/29T20:59:35z: BME280 (0x76)
 0h00:03.102 2022/06/29T20:59:35z: 98:cd:ac:10:f7:ba
 0h00:03.103 2022/06/29T20:59:35z: SSID: USLBM_Guest
 0h00:03.108 2022/06/29T20:59:35z: AP_STAR tmr
 ets Jan  8 2013,rst cause:1, boot mode:(3,7)

load 0x4010f000, len 1384, room 16 
tail 8
chksum 0x2d
csum 0x2d
v8b899c12
~ld


6.01
 0h00:03.128 2022/06/29T21:21:07z: DS3231
 0h00:03.143 2022/06/29T21:21:07z: BME280 (0x76)
 0h00:03.157 2022/06/29T21:21:07z: 98:cd:ac:10:f7:ba
 0h00:03.159 2022/06/29T21:21:07z: SSID: USLBM_Guest
 0h00:03.164 2022/06/29T21:21:07z: AP_STAR tmr
 ets Jan  8 2013,rst cause:1, boot mode:(3,7)

load 0x4010f000, len 1384, room 16 
tail 8
chksum 0x2d
csum 0x2d
v8b899c12
~ld


6.01
 0h00:03.068 2022/06/29T21:42:40z: DS3231
 0h00:03.083 2022/06/29T21:42:40z: BME280 (0x76)
 0h00:03.097 2022/06/29T21:42:40z: 98:cd:ac:10:f7:ba
 0h00:03.099 2022/06/29T21:42:40z: SSID: USLBM_Guest
 0h00:03.104 2022/06/29T21:42:40z: AP_STAR tmr
 ets Jan  8 2013,rst cause:1, boot mode:(3,7)

load 0x4010f000, len 1384, room 16 
tail 8
chksum 0x2d
csum 0x2d
v8b899c12
~ld


6.01
 0h00:03.028 2022/06/29T22:04:14z: DS3231
 0h00:03.044 2022/06/29T22:04:14z: BME280 (0x76)
 0h00:03.058 2022/06/29T22:04:14z: 98:cd:ac:10:f7:ba
 0h00:03.060 2022/06/29T22:04:14z: SSID: USLBM_Guest
 0h00:03.065 2022/06/29T22:04:14z: AP_STAR tmr
 ets Jan  8 2013,rst cause:1, boot mode:(3,7)

load 0x4010f000, len 1384, room 16 
tail 8
chksum 0x2d
csum 0x2d
v8b899c12
~ld


6.01
 0h00:03.071 2022/06/29T22:25:46z: DS3231
 0h00:03.087 2022/06/29T22:25:46z: BME280 (0x76)
 0h00:03.101 2022/06/29T22:25:46z: 98:cd:ac:10:f7:ba
 0h00:03.102 2022/06/29T22:25:46z: SSID: USLBM_Guest
 0h00:03.108 2022/06/29T22:25:46z: AP_STAR tmr
 ets Jan  8 2013,rst cause:1, boot mode:(3,7)

load 0x4010f000, len 1384, room 16 
tail 8
chksum 0x2d
csum 0x2d
v8b899c12
~ld


6.01
 0h00:03.066 2022/06/29T22:47:18z: DS3231
 0h00:03.081 2022/06/29T22:47:18z: BME280 (0x76)
 0h00:03.095 2022/06/29T22:47:18z: 98:cd:ac:10:f7:ba
 0h00:03.097 2022/06/29T22:47:18z: SSID: USLBM_Guest
 0h00:03.102 2022/06/29T22:47:18z: AP_STAR tmr
 ets Jan  8 2013,rst cause:1, boot mode:(3,7)

load 0x4010f000, len 1384, room 16 
tail 8
chksum 0x2d
csum 0x2d
v8b899c12
~ld


6.01
 0h00:03.125 2022/06/29T23:08:51z: DS3231
 0h00:03.140 2022/06/29T23:08:51z: BME280 (0x76)
 0h00:03.154 2022/06/29T23:08:51z: 98:cd:ac:10:f7:ba
 0h00:03.156 2022/06/29T23:08:51z: SSID: USLBM_Guest
 0h00:03.161 2022/06/29T23:08:51z: AP_STAR tmr
 ets Jan  8 2013,rst cause:1, boot mode:(3,7)

load 0x4010f000, len 1384, room 16 
tail 8
chksum 0x2d
csum 0x2d
v8b899c12
~ld


6.01
 0h00:03.060 2022/06/29T23:30:23z: DS3231
 0h00:03.075 2022/06/29T23:30:23z: BME280 (0x76)
 0h00:03.089 2022/06/29T23:30:23z: 98:cd:ac:10:f7:ba
 0h00:03.091 2022/06/29T23:30:23z: SSID: USLBM_Guest
 0h00:03.096 2022/06/29T23:30:23z: AP_STAR tmr
 ets Jan  8 2013,rst cause:1, boot mode:(3,7)

load 0x4010f000, len 1384, room 16 
tail 8
chksum 0x2d
csum 0x2d
v8b899c12
~ld


6.01
 0h00:03.114 2022/06/29T23:51:56z: DS3231
 0h00:03.129 2022/06/29T23:51:56z: BME280 (0x76)
 0h00:03.143 2022/06/29T23:51:56z: 98:cd:ac:10:f7:ba
 0h00:03.145 2022/06/29T23:51:56z: SSID: USLBM_Guest
 0h00:03.150 2022/06/29T23:51:56z: AP_STA